18:58:11.301 [INFO] [org.gradle.launcher.daemon.server.Daemon] start() called on daemon - DefaultDaemonContext[uid=b70f1df7-d7cc-438c-8767-ea59015f57a6,javaHome=/home/zcy/dev/jdk1.8.0_60,daemonRegistryDir=/home/zcy/dev/gradle_user_dir/daemon,pid=20233,idleTimeout=10800000,daemonOpts=-XX:MaxPermSize=256m,-XX:+HeapDumpOnOutOfMemoryError,-Xmx1024m,-Dfile.encoding=UTF-8,-Duser.country=CN,-Duser.language=zh,-Duser.variant]
18:58:11.304 [DEBUG] [org.gradle.launcher.daemon.server.DaemonStateCoordinator] updating lastActivityAt to 1477306691304
18:58:11.314 [DEBUG] [org.gradle.internal.remote.internal.inet.InetAddressFactory] Adding IP addresses for network interface wlan0
18:58:11.315 [DEBUG] [org.gradle.internal.remote.internal.inet.InetAddressFactory] Is this a loopback interface? false
18:58:11.315 [DEBUG] [org.gradle.internal.remote.internal.inet.InetAddressFactory] Is this a multicast interface? true
18:58:11.316 [DEBUG] [org.gradle.internal.remote.internal.inet.InetAddressFactory] Adding remote address /fe80:0:0:0:a6db:30ff:fef5:30a4%wlan0
18:58:11.316 [DEBUG] [org.gradle.internal.remote.internal.inet.InetAddressFactory] Adding remote address /192.168.18.176
18:58:11.317 [DEBUG] [org.gradle.internal.remote.internal.inet.InetAddressFactory] Adding remote multicast interface wlan0
18:58:11.317 [DEBUG] [org.gradle.internal.remote.internal.inet.InetAddressFactory] Adding IP addresses for network interface lo
18:58:11.318 [DEBUG] [org.gradle.internal.remote.internal.inet.InetAddressFactory] Is this a loopback interface? true
18:58:11.318 [DEBUG] [org.gradle.internal.remote.internal.inet.InetAddressFactory] Is this a multicast interface? false
18:58:11.318 [DEBUG] [org.gradle.internal.remote.internal.inet.InetAddressFactory] Adding loopback address /0:0:0:0:0:0:0:1%lo
18:58:11.319 [DEBUG] [org.gradle.internal.remote.internal.inet.InetAddressFactory] Adding loopback address /127.0.0.1
18:58:11.323 [DEBUG] [org.gradle.internal.remote.internal.inet.TcpIncomingConnector] Listening on [243bd658-ded9-4f29-a106-097bb9194b52 port:34149, addresses:[/0:0:0:0:0:0:0:1%lo, /127.0.0.1]].
18:58:11.329 [DEBUG] [org.gradle.launcher.daemon.server.Daemon] Daemon starting at: Mon Oct 24 18:58:11 CST 2016, with address: [243bd658-ded9-4f29-a106-097bb9194b52 port:34149, addresses:[/0:0:0:0:0:0:0:1%lo, /127.0.0.1]]
18:58:11.330 [INFO] [org.gradle.launcher.daemon.server.DomainRegistryUpdater] Advertising the daemon address to the clients: [243bd658-ded9-4f29-a106-097bb9194b52 port:34149, addresses:[/0:0:0:0:0:0:0:1%lo, /127.0.0.1]]
18:58:11.330 [DEBUG] [org.gradle.launcher.daemon.server.DomainRegistryUpdater] Advertised daemon context: DefaultDaemonContext[uid=b70f1df7-d7cc-438c-8767-ea59015f57a6,javaHome=/home/zcy/dev/jdk1.8.0_60,daemonRegistryDir=/home/zcy/dev/gradle_user_dir/daemon,pid=20233,idleTimeout=10800000,daemonOpts=-XX:MaxPermSize=256m,-XX:+HeapDumpOnOutOfMemoryError,-Xmx1024m,-Dfile.encoding=UTF-8,-Duser.country=CN,-Duser.language=zh,-Duser.variant]
18:58:11.332 [DEBUG] [org.gradle.launcher.daemon.registry.PersistentDaemonRegistry] Storing daemon address: [243bd658-ded9-4f29-a106-097bb9194b52 port:34149, addresses:[/0:0:0:0:0:0:0:1%lo, /127.0.0.1]], context: DefaultDaemonContext[uid=b70f1df7-d7cc-438c-8767-ea59015f57a6,javaHome=/home/zcy/dev/jdk1.8.0_60,daemonRegistryDir=/home/zcy/dev/gradle_user_dir/daemon,pid=20233,idleTimeout=10800000,daemonOpts=-XX:MaxPermSize=256m,-XX:+HeapDumpOnOutOfMemoryError,-Xmx1024m,-Dfile.encoding=UTF-8,-Duser.country=CN,-Duser.language=zh,-Duser.variant]
18:58:11.339 [DEBUG] [org.gradle.cache.internal.DefaultFileLockManager] Waiting to acquire exclusive lock on daemon addresses registry.
18:58:11.340 [DEBUG] [org.gradle.cache.internal.DefaultFileLockManager] Lock acquired.
18:58:11.365 [DEBUG] [org.gradle.cache.internal.DefaultFileLockManager] Releasing lock on daemon addresses registry.
18:58:11.365 [LIFECYCLE] [org.gradle.launcher.daemon.server.Daemon] Daemon server started.
18:58:11.367 [DEBUG] [org.gradle.launcher.daemon.bootstrap.DaemonStartupCommunication] Completed writing the daemon greeting. Closing streams...
18:58:11.373 [DEBUG] [org.gradle.launcher.daemon.server.Daemon] stopOnExpiration() called on daemon
18:58:11.374 [DEBUG] [org.gradle.launcher.daemon.server.Daemon] awaitExpiration() called on daemon
18:58:11.375 [DEBUG] [org.gradle.launcher.daemon.server.DaemonStateCoordinator] daemon is running. Sleeping until state changes.
18:58:11.381 [DEBUG] [org.gradle.internal.remote.internal.inet.TcpIncomingConnector] Accepted connection from /0:0:0:0:0:0:0:1:44988 to /0:0:0:0:0:0:0:1:34149.
18:58:11.442 [DEBUG] [org.gradle.launcher.daemon.server.SynchronizedDispatchConnection] thread 15: received class org.gradle.launcher.daemon.protocol.Build
18:58:11.443 [DEBUG] [org.gradle.launcher.daemon.server.DefaultDaemonConnection] thread 15: Received non-IO message from client: Build{id=5fae1202-f7b3-4ece-a2a4-16816108f1b4.1, currentDir=/home/zcy}
18:58:11.444 [INFO] [org.gradle.launcher.daemon.server.DefaultIncomingConnectionHandler] Received command: Build{id=5fae1202-f7b3-4ece-a2a4-16816108f1b4.1, currentDir=/home/zcy}.
18:58:11.444 [DEBUG] [org.gradle.launcher.daemon.server.DefaultIncomingConnectionHandler] Starting executing command: Build{id=5fae1202-f7b3-4ece-a2a4-16816108f1b4.1, currentDir=/home/zcy} with connection: socket connection from /0:0:0:0:0:0:0:1:34149 to /0:0:0:0:0:0:0:1:44988.
18:58:11.460 [DEBUG] [org.gradle.launcher.daemon.server.DaemonStateCoordinator] Command execution: started DaemonCommandExecution[command = Build{id=5fae1202-f7b3-4ece-a2a4-16816108f1b4.1, currentDir=/home/zcy}, connection = org.gradle.launcher.daemon.server.DefaultDaemonConnection@63453b51] after 0.0 minutes of idle
18:58:11.460 [INFO] [org.gradle.launcher.daemon.server.DomainRegistryUpdater] Marking the daemon as busy, address: [243bd658-ded9-4f29-a106-097bb9194b52 port:34149, addresses:[/0:0:0:0:0:0:0:1%lo, /127.0.0.1]]
18:58:11.461 [DEBUG] [org.gradle.launcher.daemon.registry.PersistentDaemonRegistry] Marking busy by address: [243bd658-ded9-4f29-a106-097bb9194b52 port:34149, addresses:[/0:0:0:0:0:0:0:1%lo, /127.0.0.1]]
18:58:11.461 [DEBUG] [org.gradle.cache.internal.DefaultFileLockManager] Waiting to acquire exclusive lock on daemon addresses registry.
18:58:11.462 [DEBUG] [org.gradle.cache.internal.DefaultFileLockManager] Lock acquired.
18:58:11.466 [DEBUG] [org.gradle.cache.internal.DefaultFileLockManager] Releasing lock on daemon addresses registry.
18:58:11.467 [DEBUG] [org.gradle.launcher.daemon.server.DaemonStateCoordinator] updating lastActivityAt to 1477306691467
18:58:11.467 [DEBUG] [org.gradle.launcher.daemon.server.DaemonStateCoordinator] daemon is running. Sleeping until state changes.
18:58:11.468 [INFO] [org.gradle.launcher.daemon.server.exec.StartBuildOrRespondWithBusy] Daemon is about to start building Build{id=5fae1202-f7b3-4ece-a2a4-16816108f1b4.1, currentDir=/home/zcy}. Dispatching build started information...
18:58:11.468 [DEBUG] [org.gradle.launcher.daemon.server.SynchronizedDispatchConnection] thread 17: dispatching class org.gradle.launcher.daemon.protocol.BuildStarted
18:58:11.472 [DEBUG] [org.gradle.launcher.daemon.server.exec.EstablishBuildEnvironment] Configuring env variables: {PATH=/home/zcy/dev/gradle-2.14.1/bin:/home/zcy/dev/jdk1.8.0_60/bin:/usr/local/sbin:/usr/local/bin:/usr/sbin:/usr/bin:/sbin:/bin:/usr/games:/usr/local/games, XAUTHORITY=/home/zcy/.Xauthority, XMODIFIERS=@im=fcitx, XDG_DATA_DIRS=/usr/share/ubuntu:/usr/share/gnome:/usr/local/share/:/usr/share/, GDMSESSION=ubuntu, MANDATORY_PATH=/usr/share/gconf/ubuntu.mandatory.path, TEXTDOMAINDIR=/usr/share/locale/, GTK_IM_MODULE=fcitx, DBUS_SESSION_BUS_ADDRESS=unix:abstract=/tmp/dbus-UYxNfGQMgW, DEFAULTS_PATH=/usr/share/gconf/ubuntu.default.path, XDG_CURRENT_DESKTOP=Unity, COLORTERM=gnome-terminal, QT4_IM_MODULE=fcitx, UPSTART_SESSION=unix:abstract=/com/ubuntu/upstart-session/1000/1751, LOGNAME=zcy, PWD=/home/zcy, JOB=gnome-session, IM_CONFIG_PHASE=1, LANGUAGE=zh_CN:zh, WINDOWID=65011724, LESSOPEN=| /usr/bin/lesspipe %s, SHELL=/bin/bash, INSTANCE=Unity, UPSTART_INSTANCE=, GNOME_DESKTOP_SESSION_ID=this-is-deprecated, GTK_MODULES=overlay-scrollbar:unity-gtk-module, CLUTTER_IM_MODULE=xim, TEXTDOMAIN=im-config, XDG_SESSION_PATH=/org/freedesktop/DisplayManager/Session0, SESSIONTYPE=gnome-session, LS_COLORS=rs=0:di=01;34:ln=01;36:mh=00:pi=40;33:so=01;35:do=01;35:bd=40;33;01:cd=40;33;01:or=40;31;01:su=37;41:sg=30;43:ca=30;41:tw=30;42:ow=34;42:st=37;44:ex=01;32:*.tar=01;31:*.tgz=01;31:*.arj=01;31:*.taz=01;31:*.lzh=01;31:*.lzma=01;31:*.tlz=01;31:*.txz=01;31:*.zip=01;31:*.z=01;31:*.Z=01;31:*.dz=01;31:*.gz=01;31:*.lz=01;31:*.xz=01;31:*.bz2=01;31:*.bz=01;31:*.tbz=01;31:*.tbz2=01;31:*.tz=01;31:*.deb=01;31:*.rpm=01;31:*.jar=01;31:*.war=01;31:*.ear=01;31:*.sar=01;31:*.rar=01;31:*.ace=01;31:*.zoo=01;31:*.cpio=01;31:*.7z=01;31:*.rz=01;31:*.jpg=01;35:*.jpeg=01;35:*.gif=01;35:*.bmp=01;35:*.pbm=01;35:*.pgm=01;35:*.ppm=01;35:*.tga=01;35:*.xbm=01;35:*.xpm=01;35:*.tif=01;35:*.tiff=01;35:*.png=01;35:*.svg=01;35:*.svgz=01;35:*.mng=01;35:*.pcx=01;35:*.mov=01;35:*.mpg=01;35:*.mpeg=01;35:*.m2v=01;35:*.mkv=01;35:*.webm=01;35:*.ogm=01;35:*.mp4=01;35:*.m4v=01;35:*.mp4v=01;35:*.vob=01;35:*.qt=01;35:*.nuv=01;35:*.wmv=01;35:*.asf=01;35:*.rm=01;35:*.rmvb=01;35:*.flc=01;35:*.avi=01;35:*.fli=01;35:*.flv=01;35:*.gl=01;35:*.dl=01;35:*.xcf=01;35:*.xwd=01;35:*.yuv=01;35:*.cgm=01;35:*.emf=01;35:*.axv=01;35:*.anx=01;35:*.ogv=01;35:*.ogx=01;35:*.aac=00;36:*.au=00;36:*.flac=00;36:*.mid=00;36:*.midi=00;36:*.mka=00;36:*.mp3=00;36:*.mpc=00;36:*.ogg=00;36:*.ra=00;36:*.wav=00;36:*.axa=00;36:*.oga=00;36:*.spx=00;36:*.xspf=00;36:, SHLVL=1, LESSCLOSE=/usr/bin/lesspipe %s %s, OXYGEN_DISABLE_INNER_SHADOWS_HACK=1, COMPIZ_CONFIG_PROFILE=ubuntu, UPSTART_JOB=unity-settings-daemon, QT_IM_MODULE=xim, JAVA_HOME=/home/zcy/dev/jdk1.8.0_60, TERM=xterm, XFILESEARCHPATH=/usr/dt/app-defaults/%L/Dt, XDG_CONFIG_DIRS=/etc/xdg/xdg-ubuntu:/usr/share/upstart/xdg:/etc/xdg, LANG=zh_CN.UTF-8, XDG_SEAT_PATH=/org/freedesktop/DisplayManager/Seat0, GNOME_KEYRING_CONTROL=/run/user/1000/keyring-UEUagB, XDG_SESSION_ID=c2, GRADLE_HOME=/home/zcy/dev/gradle-2.14.1, SELINUX_INIT=YES, DISPLAY=:0, _=/usr/bin/nohup, GDM_LANG=zh_CN, XDG_GREETER_DATA_DIR=/var/lib/lightdm-data/zcy, LIBOVERLAY_SCROLLBAR=0, UPSTART_EVENTS=started starting, GDK_CORE_DEVICE_EVENTS=1, DESKTOP_SESSION=ubuntu, GPG_AGENT_INFO=/run/user/1000/keyring-UEUagB/gpg:0:1, USER=zcy, VTE_VERSION=3409, XDG_SEAT=seat0, SSH_AUTH_SOCK=/run/user/1000/keyring-UEUagB/ssh, NLSPATH=/usr/dt/lib/nls/msg/%L/%N.cat, QT_QPA_PLATFORMTHEME=appmenu-qt5, XDG_RUNTIME_DIR=/run/user/1000, XDG_VTNR=7, HOME=/home/zcy, GNOME_KEYRING_PID=1749}
18:58:11.473 [DEBUG] [org.gradle.launcher.daemon.server.SynchronizedDispatchConnection] thread 15: received class org.gradle.launcher.daemon.protocol.CloseInput
18:58:11.474 [DEBUG] [org.gradle.launcher.daemon.server.DefaultDaemonConnection] thread 15: Received IO message from client: org.gradle.launcher.daemon.protocol.CloseInput@31ab4914
18:58:11.483 [DEBUG] [org.gradle.launcher.daemon.server.exec.LogToClient] About to start relaying all logs to the client via the connection.
18:58:11.483 [INFO] [org.gradle.launcher.daemon.server.exec.LogToClient] The client will now receive all logging from the daemon (pid: 20233). The daemon log file: /home/zcy/dev/gradle_user_dir/daemon/2.14.1/daemon-20233.out.log
18:58:11.486 [INFO] [org.gradle.launcher.daemon.server.health.DaemonHealthTracker] Starting build in new daemon [memory: 954.7 MB]
18:58:11.488 [INFO] [org.gradle.launcher.daemon.server.exec.ForwardClientInput] Closing daemon's stdin at end of input.
18:58:11.488 [INFO] [org.gradle.launcher.daemon.server.exec.ForwardClientInput] The daemon will no longer process any standard input.
18:58:11.492 [DEBUG] [org.gradle.launcher.daemon.server.exec.ExecuteBuild] The daemon has started executing the build.
18:58:11.492 [INFO] [org.gradle.launcher.daemon.server.exec.ExecuteBuild] Executing build with daemon context: DefaultDaemonContext[uid=b70f1df7-d7cc-438c-8767-ea59015f57a6,javaHome=/home/zcy/dev/jdk1.8.0_60,daemonRegistryDir=/home/zcy/dev/gradle_user_dir/daemon,pid=20233,idleTimeout=10800000,daemonOpts=-XX:MaxPermSize=256m,-XX:+HeapDumpOnOutOfMemoryError,-Xmx1024m,-Dfile.encoding=UTF-8,-Duser.country=CN,-Duser.language=zh,-Duser.variant]

CONFIGURE SUCCESSFUL

Total time: 4.42 secs
Download https://repo1.maven.org/maven2/com/alibaba/druid/1.0.16/druid-1.0.16.jar
Download https://repo1.maven.org/maven2/mysql/mysql-connector-java/5.1.37/mysql-connector-java-5.1.37.jar
Download https://repo1.maven.org/maven2/org/apache/commons/commons-lang3/3.4/commons-lang3-3.4.jar
Download https://repo1.maven.org/maven2/org/apache/logging/log4j/log4j-api/2.5/log4j-api-2.5.jar
Download https://repo1.maven.org/maven2/org/apache/logging/log4j/log4j-core/2.5/log4j-core-2.5.jar
Download https://repo1.maven.org/maven2/org/aspectj/aspectjweaver/1.8.7/aspectjweaver-1.8.7.jar
Download https://repo1.maven.org/maven2/org/mybatis/mybatis/3.3.0/mybatis-3.3.0.jar
Download https://repo1.maven.org/maven2/org/mybatis/mybatis-spring/1.2.3/mybatis-spring-1.2.3.jar
Download https://repo1.maven.org/maven2/org/springframework/spring-context/4.2.3.RELEASE/spring-context-4.2.3.RELEASE.jar
Download https://repo1.maven.org/maven2/org/springframework/spring-web/4.2.3.RELEASE/spring-web-4.2.3.RELEASE.jar
Download https://repo1.maven.org/maven2/org/springframework/spring-oxm/4.2.3.RELEASE/spring-oxm-4.2.3.RELEASE.jar
Download https://repo1.maven.org/maven2/org/springframework/spring-aop/4.2.3.RELEASE/spring-aop-4.2.3.RELEASE.jar
Download https://repo1.maven.org/maven2/org/springframework/spring-context-support/4.2.3.RELEASE/spring-context-support-4.2.3.RELEASE.jar
Download https://repo1.maven.org/maven2/org/springframework/spring-test/4.2.3.RELEASE/spring-test-4.2.3.RELEASE.jar
Download https://repo1.maven.org/maven2/org/springframework/spring-tx/4.2.3.RELEASE/spring-tx-4.2.3.RELEASE.jar
Download https://repo1.maven.org/maven2/org/springframework/spring-jdbc/4.2.3.RELEASE/spring-jdbc-4.2.3.RELEASE.jar
Download https://repo1.maven.org/maven2/org/springframework/spring-webmvc/4.2.3.RELEASE/spring-webmvc-4.2.3.RELEASE.jar
Download https://repo1.maven.org/maven2/org/springframework/amqp/spring-rabbit/1.5.4.RELEASE/spring-rabbit-1.5.4.RELEASE.jar
Download https://repo1.maven.org/maven2/org/freemarker/freemarker/2.3.25-incubating/freemarker-2.3.25-incubating.jar
Download https://repo1.maven.org/maven2/org/quartz-scheduler/quartz/2.2.1/quartz-2.2.1.jar
Download https://repo1.maven.org/maven2/commons-beanutils/commons-beanutils/1.8.0/commons-beanutils-1.8.0.jar
Download https://repo1.maven.org/maven2/commons-collections/commons-collections/3.2.1/commons-collections-3.2.1.jar
Download https://repo1.maven.org/maven2/commons-lang/commons-lang/2.5/commons-lang-2.5.jar
Download https://repo1.maven.org/maven2/net/sf/ezmorph/ezmorph/1.0.6/ezmorph-1.0.6.jar
Download https://repo1.maven.org/maven2/org/codehaus/jackson/jackson-core-asl/1.9.13/jackson-core-asl-1.9.13.jar
Download https://repo1.maven.org/maven2/commons-io/commons-io/2.2/commons-io-2.2.jar
Download https://repo1.maven.org/maven2/org/springframework/spring-beans/4.2.3.RELEASE/spring-beans-4.2.3.RELEASE.jar
Download https://repo1.maven.org/maven2/org/springframework/spring-core/4.2.3.RELEASE/spring-core-4.2.3.RELEASE.jar
Download https://repo1.maven.org/maven2/org/springframework/spring-expression/4.2.3.RELEASE/spring-expression-4.2.3.RELEASE.jar
Download https://repo1.maven.org/maven2/aopalliance/aopalliance/1.0/aopalliance-1.0.jar
Download https://repo1.maven.org/maven2/org/springframework/spring-messaging/4.2.2.RELEASE/spring-messaging-4.2.2.RELEASE.jar
Download https://repo1.maven.org/maven2/org/springframework/retry/spring-retry/1.1.2.RELEASE/spring-retry-1.1.2.RELEASE.jar
Download https://repo1.maven.org/maven2/org/springframework/amqp/spring-amqp/1.5.4.RELEASE/spring-amqp-1.5.4.RELEASE.jar
Download https://repo1.maven.org/maven2/com/rabbitmq/http-client/1.0.0.RELEASE/http-client-1.0.0.RELEASE.jar
Download https://repo1.maven.org/maven2/com/rabbitmq/amqp-client/3.5.7/amqp-client-3.5.7.jar
Download https://repo1.maven.org/maven2/javax/servlet/servlet-api/2.5/servlet-api-2.5.jar
Download https://repo1.maven.org/maven2/redis/clients/jedis/2.8.0/jedis-2.8.0.jar
Download https://repo1.maven.org/maven2/org/apache/httpcomponents/httpclient/4.5/httpclient-4.5.jar
Download https://repo1.maven.org/maven2/c3p0/c3p0/0.9.1.1/c3p0-0.9.1.1.jar
Download https://repo1.maven.org/maven2/org/slf4j/slf4j-api/1.6.6/slf4j-api-1.6.6.jar
Download https://repo1.maven.org/maven2/org/apache/commons/commons-pool2/2.3/commons-pool2-2.3.jar
Download https://repo1.maven.org/maven2/commons-logging/commons-logging/1.2/commons-logging-1.2.jar
Download https://repo1.maven.org/maven2/org/apache/httpcomponents/httpcore/4.4.1/httpcore-4.4.1.jar
Download https://repo1.maven.org/maven2/commons-codec/commons-codec/1.9/commons-codec-1.9.jar
Download https://repo1.maven.org/maven2/com/upyun/java-sdk/3.1/java-sdk-3.1.pom
Download https://repo1.maven.org/maven2/com/upyun/java-sdk/3.1/java-sdk-3.1.jar
Download https://repo1.maven.org/maven2/junit/junit/4.11/junit-4.11.jar
Download https://repo1.maven.org/maven2/org/hamcrest/hamcrest-core/1.3/hamcrest-core-1.3.jar
Download https://repo1.maven.org/maven2/com/sun/mail/javax.mail/1.5.0/javax.mail-1.5.0.pom
Download https://repo1.maven.org/maven2/com/sun/mail/all/1.5.0/all-1.5.0.pom
Download https://repo1.maven.org/maven2/net/java/jvnet-parent/1/jvnet-parent-1.pom
Download https://repo1.maven.org/maven2/cn/jpush/api/jpush-client/3.2.9/jpush-client-3.2.9.pom
Download https://repo1.maven.org/maven2/org/sonatype/oss/oss-parent/9/oss-parent-9.pom
Download https://repo1.maven.org/maven2/commons-jxpath/commons-jxpath/1.3/commons-jxpath-1.3.pom
Download https://repo1.maven.org/maven2/javax/activation/activation/1.1/activation-1.1.pom
Download https://repo1.maven.org/maven2/com/google/code/gson/gson/2.3/gson-2.3.pom
Download https://repo1.maven.org/maven2/org/slf4j/slf4j-api/1.7.7/slf4j-api-1.7.7.pom
Download https://repo1.maven.org/maven2/org/slf4j/slf4j-parent/1.7.7/slf4j-parent-1.7.7.pom
Download https://repo1.maven.org/maven2/com/sun/mail/javax.mail/1.5.0/javax.mail-1.5.0.jar
Download https://repo1.maven.org/maven2/cn/jpush/api/jpush-client/3.2.9/jpush-client-3.2.9.jar
Download https://repo1.maven.org/maven2/commons-jxpath/commons-jxpath/1.3/commons-jxpath-1.3.jar
Download https://repo1.maven.org/maven2/javax/activation/activation/1.1/activation-1.1.jar
Download https://repo1.maven.org/maven2/com/google/code/gson/gson/2.3/gson-2.3.jar
Download https://repo1.maven.org/maven2/org/slf4j/slf4j-api/1.7.7/slf4j-api-1.7.7.jar
Download https://repo1.maven.org/maven2/org/quartz-scheduler/quartz-jobs/2.2.1/quartz-jobs-2.2.1.pom
Download https://repo1.maven.org/maven2/org/quartz-scheduler/quartz-jobs/2.2.1/quartz-jobs-2.2.1.jar
19:11:07.120 [DEBUG] [org.gradle.cache.internal.DefaultCacheAccess] Cache Generated Gradle JARs cache (/home/zcy/dev/gradle_user_dir/caches/2.14.1/generated-gradle-jars) was closed 0 times.
19:11:07.121 [DEBUG] [org.gradle.cache.internal.btree.BTreePersistentIndexedCache] Closing cache module-versions.bin (/home/zcy/dev/gradle_user_dir/caches/modules-2/metadata-2.16/module-versions.bin)
19:11:07.121 [DEBUG] [org.gradle.cache.internal.btree.BTreePersistentIndexedCache] Closing cache module-metadata.bin (/home/zcy/dev/gradle_user_dir/caches/modules-2/metadata-2.16/module-metadata.bin)
19:11:07.121 [DEBUG] [org.gradle.cache.internal.btree.BTreePersistentIndexedCache] Closing cache artifact-at-url.bin (/home/zcy/dev/gradle_user_dir/caches/modules-2/metadata-2.16/artifact-at-url.bin)
19:11:07.122 [DEBUG] [org.gradle.cache.internal.btree.BTreePersistentIndexedCache] Closing cache artifact-at-repository.bin (/home/zcy/dev/gradle_user_dir/caches/modules-2/metadata-2.16/artifact-at-repository.bin)
19:11:07.122 [DEBUG] [org.gradle.cache.internal.DefaultFileLockManager] Releasing lock on artifact cache (/home/zcy/dev/gradle_user_dir/caches/modules-2).
19:11:07.127 [DEBUG] [org.gradle.api.internal.artifacts.ivyservice.resolveengine.store.CachedStoreFactory] Resolution result cache closed. Cache reads: 0, disk reads: 0 (avg: 0.0 secs, total: 0.0 secs)
19:11:07.128 [DEBUG] [org.gradle.api.internal.artifacts.ivyservice.resolveengine.store.CachedStoreFactory] Resolution result cache closed. Cache reads: 42, disk reads: 54 (avg: 0.001 secs, total: 0.081 secs)
19:11:07.128 [DEBUG] [org.gradle.api.internal.artifacts.ivyservice.resolveengine.store.ResolutionResultsStoreFactory] Deleted 2 resolution results binary files in 0.006 secs
19:11:07.129 [DEBUG] [org.gradle.api.internal.artifacts.ivyservice.ivyresolve.memcache.InMemoryCachedRepositoryFactory] In-memory dependency metadata cache closed. Repos cached: 108, cache instances: 1, modules served from cache: 2664, artifacts: 477
19:11:07.129 [DEBUG] [org.gradle.cache.internal.DefaultCacheAccess] Cache Plugin Resolution Cache (/home/zcy/dev/gradle_user_dir/caches/2.14.1/plugin-resolution) was closed 0 times.
19:11:07.129 [DEBUG] [org.gradle.api.internal.tasks.compile.daemon.CompilerDaemonManager] Stopping 0 compiler daemon(s).
19:11:07.130 [INFO] [org.gradle.api.internal.tasks.compile.daemon.CompilerDaemonManager] Stopped 0 compiler daemon(s).
19:11:07.130 [DEBUG] [org.gradle.cache.internal.DefaultCacheAccess] Cache jars (/home/zcy/dev/gradle_user_dir/caches/jars-1) was closed 0 times.
19:11:07.130 [DEBUG] [org.gradle.launcher.daemon.server.exec.ExecuteBuild] The daemon has finished executing the build.
19:11:07.131 [DEBUG] [org.gradle.launcher.daemon.server.health.DaemonStatus] GC rate: 0.0/s
19:11:07.366 [DEBUG] [org.apache.http.impl.conn.PoolingHttpClientConnectionManager] Connection manager is shutting down
19:11:07.366 [DEBUG] [org.apache.http.impl.conn.DefaultManagedHttpClientConnection] http-outgoing-6: Close connection
19:11:07.367 [DEBUG] [org.gradle.launcher.daemon.server.DaemonStateCoordinator] daemon is running. Sleeping until state changes.
19:11:07.367 [DEBUG] [org.gradle.launcher.daemon.server.DaemonStateCoordinator] Command execution: finished waiting for DaemonCommandExecution[command = Build{id=5fae1202-f7b3-4ece-a2a4-16816108f1b4.1, currentDir=/home/zcy}, connection = org.gradle.launcher.daemon.server.DefaultDaemonConnection@63453b51]. Result org.gradle.launcher.daemon.server.DaemonStateCoordinator@2ec96ebd with state Running
19:11:07.367 [DEBUG] [org.gradle.launcher.daemon.server.DaemonStateCoordinator] Command execution: completed DaemonCommandExecution[command = Build{id=5fae1202-f7b3-4ece-a2a4-16816108f1b4.1, currentDir=/home/zcy}, connection = org.gradle.launcher.daemon.server.DefaultDaemonConnection@63453b51]
19:11:07.367 [DEBUG] [org.gradle.launcher.daemon.server.DaemonStateCoordinator] updating lastActivityAt to 1477307467367
19:11:07.367 [INFO] [org.gradle.launcher.daemon.server.DomainRegistryUpdater] Marking the daemon as idle, address: [243bd658-ded9-4f29-a106-097bb9194b52 port:34149, addresses:[/0:0:0:0:0:0:0:1%lo, /127.0.0.1]]
19:11:07.368 [DEBUG] [org.gradle.launcher.daemon.registry.PersistentDaemonRegistry] Marking idle by address: [243bd658-ded9-4f29-a106-097bb9194b52 port:34149, addresses:[/0:0:0:0:0:0:0:1%lo, /127.0.0.1]]
19:11:07.368 [DEBUG] [org.gradle.cache.internal.DefaultFileLockManager] Waiting to acquire exclusive lock on daemon addresses registry.
19:11:07.369 [DEBUG] [org.gradle.cache.internal.DefaultFileLockManager] Lock acquired.
19:11:07.371 [DEBUG] [org.apache.http.impl.conn.DefaultManagedHttpClientConnection] http-outgoing-6: Close connection
19:11:07.371 [DEBUG] [org.apache.http.impl.conn.PoolingHttpClientConnectionManager] Connection manager shut down
19:11:07.371 [DEBUG] [org.apache.http.impl.conn.PoolingHttpClientConnectionManager] Connection manager is shutting down
19:11:07.371 [DEBUG] [org.apache.http.impl.conn.DefaultManagedHttpClientConnection] http-outgoing-0: Close connection
19:11:07.372 [DEBUG] [org.apache.http.impl.conn.DefaultManagedHttpClientConnection] http-outgoing-0: Close connection
19:11:07.372 [DEBUG] [org.apache.http.impl.conn.PoolingHttpClientConnectionManager] Connection manager shut down
19:11:07.373 [DEBUG] [org.gradle.cache.internal.DefaultFileLockManager] Releasing lock on daemon addresses registry.
19:11:07.373 [DEBUG] [org.apache.http.impl.conn.PoolingHttpClientConnectionManager] Connection manager is shutting down
19:11:07.373 [DEBUG] [org.gradle.launcher.daemon.server.DaemonStateCoordinator] daemon is running. Sleeping until state changes.
19:11:07.373 [DEBUG] [org.apache.http.impl.conn.DefaultManagedHttpClientConnection] http-outgoing-1: Close connection
19:11:07.374 [DEBUG] [org.apache.http.impl.conn.DefaultManagedHttpClientConnection] http-outgoing-1: Close connection
19:11:07.374 [DEBUG] [org.gradle.launcher.daemon.server.exec.ReturnResult] Daemon is dispatching the build result: Success[value=org.gradle.tooling.internal.provider.BuildActionResult@6617f1d9]
19:11:07.374 [DEBUG] [org.apache.http.impl.conn.PoolingHttpClientConnectionManager] Connection manager shut down
19:11:07.374 [DEBUG] [org.gradle.launcher.daemon.server.SynchronizedDispatchConnection] thread 14: dispatching class org.gradle.launcher.daemon.protocol.Success
19:11:07.374 [DEBUG] [org.apache.http.impl.conn.PoolingHttpClientConnectionManager] Connection manager is shutting down
19:11:07.375 [DEBUG] [org.apache.http.impl.conn.DefaultManagedHttpClientConnection] http-outgoing-3: Close connection
19:11:07.375 [DEBUG] [org.apache.http.impl.conn.DefaultManagedHttpClientConnection] http-outgoing-3: Close connection
19:11:07.375 [DEBUG] [org.apache.http.impl.conn.PoolingHttpClientConnectionManager] Connection manager shut down
19:11:07.376 [DEBUG] [org.apache.http.impl.conn.PoolingHttpClientConnectionManager] Connection manager is shutting down
19:11:07.376 [DEBUG] [org.apache.http.impl.conn.DefaultManagedHttpClientConnection] http-outgoing-5: Close connection
19:11:07.377 [DEBUG] [org.apache.http.impl.conn.DefaultManagedHttpClientConnection] http-outgoing-5: Close connection
19:11:07.377 [DEBUG] [org.apache.http.impl.conn.PoolingHttpClientConnectionManager] Connection manager shut down
19:11:07.392 [DEBUG] [org.gradle.launcher.daemon.server.DefaultIncomingConnectionHandler] Finishing executing command: Build{id=5fae1202-f7b3-4ece-a2a4-16816108f1b4.1, currentDir=/home/zcy}
19:11:07.418 [DEBUG] [org.gradle.launcher.daemon.server.SynchronizedDispatchConnection] thread 15: received class org.gradle.launcher.daemon.protocol.Finished
19:11:07.418 [DEBUG] [org.gradle.launcher.daemon.server.DefaultDaemonConnection] thread 15: Received non-IO message from client: org.gradle.launcher.daemon.protocol.Finished@4698ee6f
19:11:07.418 [DEBUG] [org.gradle.launcher.daemon.server.DefaultIncomingConnectionHandler] Received finished message: org.gradle.launcher.daemon.protocol.Finished@4698ee6f
19:11:07.419 [DEBUG] [org.gradle.launcher.daemon.server.SynchronizedDispatchConnection] thread 14: stopping connection
19:11:07.419 [DEBUG] [org.gradle.internal.remote.internal.inet.SocketConnection] Discarding EOFException: java.io.EOFException
19:11:07.419 [DEBUG] [org.gradle.launcher.daemon.server.SynchronizedDispatchConnection] thread 15: received null
19:11:07.419 [DEBUG] [org.gradle.launcher.daemon.server.DefaultDaemonConnection] thread 15: Received end-of-input from client.
19:11:07.426 [DEBUG] [org.gradle.launcher.daemon.server.SynchronizedDispatchConnection] thread 14: stopping connection
19:11:11.374 [DEBUG] [org.gradle.launcher.daemon.server.Daemon] DaemonExpirationPeriodicCheck running
19:11:11.375 [DEBUG] [org.gradle.launcher.daemon.server.health.DaemonStatus] GC rate: 0.07/s tenured usage: 4%
19:11:11.375 [DEBUG] [org.gradle.cache.internal.DefaultFileLockManager] Waiting to acquire shared lock on daemon addresses registry.
19:11:11.376 [DEBUG] [org.gradle.cache.internal.DefaultFileLockManager] Lock acquired.
19:11:11.377 [DEBUG] [org.gradle.cache.internal.DefaultFileLockManager] Releasing lock on daemon addresses registry.
19:12:11.374 [DEBUG] [org.gradle.launcher.daemon.server.Daemon] DaemonExpirationPeriodicCheck running
19:12:11.375 [DEBUG] [org.gradle.launcher.daemon.server.health.DaemonStatus] GC rate: 0.0/s
19:12:11.376 [DEBUG] [org.gradle.cache.internal.DefaultFileLockManager] Waiting to acquire shared lock on daemon addresses registry.
19:12:11.376 [DEBUG] [org.gradle.cache.internal.DefaultFileLockManager] Lock acquired.
19:12:11.381 [DEBUG] [org.gradle.cache.internal.DefaultFileLockManager] Releasing lock on daemon addresses registry.
19:12:44.230 [DEBUG] [org.gradle.internal.remote.internal.inet.TcpIncomingConnector] Accepted connection from /0:0:0:0:0:0:0:1:45270 to /0:0:0:0:0:0:0:1:34149.
19:12:44.234 [DEBUG] [org.gradle.launcher.daemon.server.SynchronizedDispatchConnection] thread 23: received class org.gradle.launcher.daemon.protocol.Build
19:12:44.234 [DEBUG] [org.gradle.launcher.daemon.server.DefaultDaemonConnection] thread 23: Received non-IO message from client: Build{id=5c4dd1c0-dada-4d1a-a6bb-6ce56e4cbe82.1, currentDir=/home/zcy}
19:12:44.237 [INFO] [org.gradle.launcher.daemon.server.DefaultIncomingConnectionHandler] Received command: Build{id=5c4dd1c0-dada-4d1a-a6bb-6ce56e4cbe82.1, currentDir=/home/zcy}.
19:12:44.237 [DEBUG] [org.gradle.launcher.daemon.server.DefaultIncomingConnectionHandler] Starting executing command: Build{id=5c4dd1c0-dada-4d1a-a6bb-6ce56e4cbe82.1, currentDir=/home/zcy} with connection: socket connection from /0:0:0:0:0:0:0:1:34149 to /0:0:0:0:0:0:0:1:45270.
19:12:44.238 [DEBUG] [org.gradle.launcher.daemon.server.DaemonStateCoordinator] Command execution: started DaemonCommandExecution[command = Build{id=5c4dd1c0-dada-4d1a-a6bb-6ce56e4cbe82.1, currentDir=/home/zcy}, connection = org.gradle.launcher.daemon.server.DefaultDaemonConnection@60975a15] after 1.0 minutes of idle
19:12:44.238 [INFO] [org.gradle.launcher.daemon.server.DomainRegistryUpdater] Marking the daemon as busy, address: [243bd658-ded9-4f29-a106-097bb9194b52 port:34149, addresses:[/0:0:0:0:0:0:0:1%lo, /127.0.0.1]]
19:12:44.238 [DEBUG] [org.gradle.launcher.daemon.registry.PersistentDaemonRegistry] Marking busy by address: [243bd658-ded9-4f29-a106-097bb9194b52 port:34149, addresses:[/0:0:0:0:0:0:0:1%lo, /127.0.0.1]]
19:12:44.239 [DEBUG] [org.gradle.cache.internal.DefaultFileLockManager] Waiting to acquire exclusive lock on daemon addresses registry.
19:12:44.239 [DEBUG] [org.gradle.cache.internal.DefaultFileLockManager] Lock acquired.
19:12:44.250 [DEBUG] [org.gradle.cache.internal.DefaultFileLockManager] Releasing lock on daemon addresses registry.
19:12:44.250 [DEBUG] [org.gradle.launcher.daemon.server.DaemonStateCoordinator] updating lastActivityAt to 1477307564250
19:12:44.251 [DEBUG] [org.gradle.launcher.daemon.server.DaemonStateCoordinator] daemon is running. Sleeping until state changes.
19:12:44.254 [INFO] [org.gradle.launcher.daemon.server.exec.StartBuildOrRespondWithBusy] Daemon is about to start building Build{id=5c4dd1c0-dada-4d1a-a6bb-6ce56e4cbe82.1, currentDir=/home/zcy}. Dispatching build started information...
19:12:44.254 [DEBUG] [org.gradle.launcher.daemon.server.SynchronizedDispatchConnection] thread 25: dispatching class org.gradle.launcher.daemon.protocol.BuildStarted
19:12:44.258 [DEBUG] [org.gradle.launcher.daemon.server.exec.EstablishBuildEnvironment] Configuring env variables: {PATH=/home/zcy/dev/gradle-2.14.1/bin:/home/zcy/dev/jdk1.8.0_60/bin:/usr/local/sbin:/usr/local/bin:/usr/sbin:/usr/bin:/sbin:/bin:/usr/games:/usr/local/games, XAUTHORITY=/home/zcy/.Xauthority, XMODIFIERS=@im=fcitx, XDG_DATA_DIRS=/usr/share/ubuntu:/usr/share/gnome:/usr/local/share/:/usr/share/, GDMSESSION=ubuntu, MANDATORY_PATH=/usr/share/gconf/ubuntu.mandatory.path, TEXTDOMAINDIR=/usr/share/locale/, GTK_IM_MODULE=fcitx, DBUS_SESSION_BUS_ADDRESS=unix:abstract=/tmp/dbus-UYxNfGQMgW, DEFAULTS_PATH=/usr/share/gconf/ubuntu.default.path, XDG_CURRENT_DESKTOP=Unity, COLORTERM=gnome-terminal, QT4_IM_MODULE=fcitx, UPSTART_SESSION=unix:abstract=/com/ubuntu/upstart-session/1000/1751, LOGNAME=zcy, PWD=/home/zcy, JOB=gnome-session, IM_CONFIG_PHASE=1, LANGUAGE=zh_CN:zh, WINDOWID=65011724, LESSOPEN=| /usr/bin/lesspipe %s, SHELL=/bin/bash, INSTANCE=Unity, UPSTART_INSTANCE=, GNOME_DESKTOP_SESSION_ID=this-is-deprecated, GTK_MODULES=overlay-scrollbar:unity-gtk-module, CLUTTER_IM_MODULE=xim, TEXTDOMAIN=im-config, XDG_SESSION_PATH=/org/freedesktop/DisplayManager/Session0, SESSIONTYPE=gnome-session, LS_COLORS=rs=0:di=01;34:ln=01;36:mh=00:pi=40;33:so=01;35:do=01;35:bd=40;33;01:cd=40;33;01:or=40;31;01:su=37;41:sg=30;43:ca=30;41:tw=30;42:ow=34;42:st=37;44:ex=01;32:*.tar=01;31:*.tgz=01;31:*.arj=01;31:*.taz=01;31:*.lzh=01;31:*.lzma=01;31:*.tlz=01;31:*.txz=01;31:*.zip=01;31:*.z=01;31:*.Z=01;31:*.dz=01;31:*.gz=01;31:*.lz=01;31:*.xz=01;31:*.bz2=01;31:*.bz=01;31:*.tbz=01;31:*.tbz2=01;31:*.tz=01;31:*.deb=01;31:*.rpm=01;31:*.jar=01;31:*.war=01;31:*.ear=01;31:*.sar=01;31:*.rar=01;31:*.ace=01;31:*.zoo=01;31:*.cpio=01;31:*.7z=01;31:*.rz=01;31:*.jpg=01;35:*.jpeg=01;35:*.gif=01;35:*.bmp=01;35:*.pbm=01;35:*.pgm=01;35:*.ppm=01;35:*.tga=01;35:*.xbm=01;35:*.xpm=01;35:*.tif=01;35:*.tiff=01;35:*.png=01;35:*.svg=01;35:*.svgz=01;35:*.mng=01;35:*.pcx=01;35:*.mov=01;35:*.mpg=01;35:*.mpeg=01;35:*.m2v=01;35:*.mkv=01;35:*.webm=01;35:*.ogm=01;35:*.mp4=01;35:*.m4v=01;35:*.mp4v=01;35:*.vob=01;35:*.qt=01;35:*.nuv=01;35:*.wmv=01;35:*.asf=01;35:*.rm=01;35:*.rmvb=01;35:*.flc=01;35:*.avi=01;35:*.fli=01;35:*.flv=01;35:*.gl=01;35:*.dl=01;35:*.xcf=01;35:*.xwd=01;35:*.yuv=01;35:*.cgm=01;35:*.emf=01;35:*.axv=01;35:*.anx=01;35:*.ogv=01;35:*.ogx=01;35:*.aac=00;36:*.au=00;36:*.flac=00;36:*.mid=00;36:*.midi=00;36:*.mka=00;36:*.mp3=00;36:*.mpc=00;36:*.ogg=00;36:*.ra=00;36:*.wav=00;36:*.axa=00;36:*.oga=00;36:*.spx=00;36:*.xspf=00;36:, SHLVL=1, LESSCLOSE=/usr/bin/lesspipe %s %s, OXYGEN_DISABLE_INNER_SHADOWS_HACK=1, COMPIZ_CONFIG_PROFILE=ubuntu, UPSTART_JOB=unity-settings-daemon, QT_IM_MODULE=xim, JAVA_HOME=/home/zcy/dev/jdk1.8.0_60, TERM=xterm, XFILESEARCHPATH=/usr/dt/app-defaults/%L/Dt, XDG_CONFIG_DIRS=/etc/xdg/xdg-ubuntu:/usr/share/upstart/xdg:/etc/xdg, LANG=zh_CN.UTF-8, XDG_SEAT_PATH=/org/freedesktop/DisplayManager/Seat0, GNOME_KEYRING_CONTROL=/run/user/1000/keyring-UEUagB, XDG_SESSION_ID=c2, GRADLE_HOME=/home/zcy/dev/gradle-2.14.1, SELINUX_INIT=YES, DISPLAY=:0, _=/usr/bin/nohup, GDM_LANG=zh_CN, XDG_GREETER_DATA_DIR=/var/lib/lightdm-data/zcy, LIBOVERLAY_SCROLLBAR=0, UPSTART_EVENTS=started starting, GDK_CORE_DEVICE_EVENTS=1, DESKTOP_SESSION=ubuntu, GPG_AGENT_INFO=/run/user/1000/keyring-UEUagB/gpg:0:1, USER=zcy, VTE_VERSION=3409, XDG_SEAT=seat0, SSH_AUTH_SOCK=/run/user/1000/keyring-UEUagB/ssh, NLSPATH=/usr/dt/lib/nls/msg/%L/%N.cat, QT_QPA_PLATFORMTHEME=appmenu-qt5, XDG_RUNTIME_DIR=/run/user/1000, XDG_VTNR=7, HOME=/home/zcy, GNOME_KEYRING_PID=1749}
19:12:44.258 [DEBUG] [org.gradle.launcher.daemon.server.SynchronizedDispatchConnection] thread 23: received class org.gradle.launcher.daemon.protocol.CloseInput
19:12:44.258 [DEBUG] [org.gradle.launcher.daemon.server.DefaultDaemonConnection] thread 23: Received IO message from client: org.gradle.launcher.daemon.protocol.CloseInput@301b61e
19:12:44.259 [DEBUG] [org.gradle.launcher.daemon.server.exec.LogToClient] About to start relaying all logs to the client via the connection.
19:12:44.260 [INFO] [org.gradle.launcher.daemon.server.exec.LogToClient] The client will now receive all logging from the daemon (pid: 20233). The daemon log file: /home/zcy/dev/gradle_user_dir/daemon/2.14.1/daemon-20233.out.log
19:12:44.260 [INFO] [org.gradle.launcher.daemon.server.health.DaemonHealthTracker] Starting 2nd build in daemon [uptime: 14 mins 32.973 secs, performance: 100%, no major garbage collections]
19:12:44.261 [DEBUG] [org.gradle.launcher.daemon.server.exec.ExecuteBuild] The daemon has started executing the build.
19:12:44.261 [INFO] [org.gradle.launcher.daemon.server.exec.ForwardClientInput] Closing daemon's stdin at end of input.
19:12:44.261 [INFO] [org.gradle.launcher.daemon.server.exec.ForwardClientInput] The daemon will no longer process any standard input.
19:12:44.261 [INFO] [org.gradle.launcher.daemon.server.exec.ExecuteBuild] Executing build with daemon context: DefaultDaemonContext[uid=b70f1df7-d7cc-438c-8767-ea59015f57a6,javaHome=/home/zcy/dev/jdk1.8.0_60,daemonRegistryDir=/home/zcy/dev/gradle_user_dir/daemon,pid=20233,idleTimeout=10800000,daemonOpts=-XX:MaxPermSize=256m,-XX:+HeapDumpOnOutOfMemoryError,-Xmx1024m,-Dfile.encoding=UTF-8,-Duser.country=CN,-Duser.language=zh,-Duser.variant]

CONFIGURE SUCCESSFUL

Total time: 0.493 secs
Download https://repo1.maven.org/maven2/org/codehaus/jackson/jackson-mapper-asl/1.9.13/jackson-mapper-asl-1.9.13-sources.jar
Download https://repo1.maven.org/maven2/com/fasterxml/jackson/core/jackson-core/2.6.4/jackson-core-2.6.4-sources.jar
Download https://repo1.maven.org/maven2/com/fasterxml/jackson/core/jackson-databind/2.6.4/jackson-databind-2.6.4-sources.jar
Download https://repo1.maven.org/maven2/com/fasterxml/jackson/core/jackson-annotations/2.6.4/jackson-annotations-2.6.4-sources.jar
Download https://repo1.maven.org/maven2/commons-fileupload/commons-fileupload/1.3.1/commons-fileupload-1.3.1-sources.jar
Download https://repo1.maven.org/maven2/com/alibaba/druid/1.0.16/druid-1.0.16-sources.jar
Download https://repo1.maven.org/maven2/mysql/mysql-connector-java/5.1.37/mysql-connector-java-5.1.37-sources.jar
Download https://repo1.maven.org/maven2/org/apache/commons/commons-lang3/3.4/commons-lang3-3.4-sources.jar
Download https://repo1.maven.org/maven2/org/apache/logging/log4j/log4j-api/2.5/log4j-api-2.5-sources.jar
Download https://repo1.maven.org/maven2/org/apache/logging/log4j/log4j-core/2.5/log4j-core-2.5-sources.jar
Download https://repo1.maven.org/maven2/org/aspectj/aspectjweaver/1.8.7/aspectjweaver-1.8.7-sources.jar
Download https://repo1.maven.org/maven2/org/mybatis/mybatis/3.3.0/mybatis-3.3.0-sources.jar
Download https://repo1.maven.org/maven2/org/mybatis/mybatis-spring/1.2.3/mybatis-spring-1.2.3-sources.jar
Download https://repo1.maven.org/maven2/org/springframework/spring-context/4.2.3.RELEASE/spring-context-4.2.3.RELEASE-sources.jar
Download https://repo1.maven.org/maven2/org/springframework/spring-web/4.2.3.RELEASE/spring-web-4.2.3.RELEASE-sources.jar
Download https://repo1.maven.org/maven2/org/springframework/spring-oxm/4.2.3.RELEASE/spring-oxm-4.2.3.RELEASE-sources.jar
Download https://repo1.maven.org/maven2/org/springframework/spring-aop/4.2.3.RELEASE/spring-aop-4.2.3.RELEASE-sources.jar
Download https://repo1.maven.org/maven2/org/springframework/spring-context-support/4.2.3.RELEASE/spring-context-support-4.2.3.RELEASE-sources.jar
Download https://repo1.maven.org/maven2/org/springframework/spring-test/4.2.3.RELEASE/spring-test-4.2.3.RELEASE-sources.jar
Download https://repo1.maven.org/maven2/org/springframework/spring-tx/4.2.3.RELEASE/spring-tx-4.2.3.RELEASE-sources.jar
Download https://repo1.maven.org/maven2/org/springframework/spring-jdbc/4.2.3.RELEASE/spring-jdbc-4.2.3.RELEASE-sources.jar
Download https://repo1.maven.org/maven2/org/springframework/spring-webmvc/4.2.3.RELEASE/spring-webmvc-4.2.3.RELEASE-sources.jar
Download https://repo1.maven.org/maven2/org/springframework/amqp/spring-rabbit/1.5.4.RELEASE/spring-rabbit-1.5.4.RELEASE-sources.jar
Download https://repo1.maven.org/maven2/org/freemarker/freemarker/2.3.25-incubating/freemarker-2.3.25-incubating-sources.jar
Download https://repo1.maven.org/maven2/org/quartz-scheduler/quartz/2.2.1/quartz-2.2.1-sources.jar
Download https://repo1.maven.org/maven2/junit/junit/4.11/junit-4.11-sources.jar
Download https://repo1.maven.org/maven2/commons-beanutils/commons-beanutils/1.8.0/commons-beanutils-1.8.0-sources.jar
Download https://repo1.maven.org/maven2/commons-collections/commons-collections/3.2.1/commons-collections-3.2.1-sources.jar
Download https://repo1.maven.org/maven2/commons-lang/commons-lang/2.5/commons-lang-2.5-sources.jar
Download https://repo1.maven.org/maven2/net/sf/ezmorph/ezmorph/1.0.6/ezmorph-1.0.6-sources.jar
Download https://repo1.maven.org/maven2/org/codehaus/jackson/jackson-core-asl/1.9.13/jackson-core-asl-1.9.13-sources.jar
Download https://repo1.maven.org/maven2/commons-io/commons-io/2.2/commons-io-2.2-sources.jar
Download https://repo1.maven.org/maven2/org/springframework/spring-beans/4.2.3.RELEASE/spring-beans-4.2.3.RELEASE-sources.jar
Download https://repo1.maven.org/maven2/org/springframework/spring-core/4.2.3.RELEASE/spring-core-4.2.3.RELEASE-sources.jar
Download https://repo1.maven.org/maven2/org/springframework/spring-expression/4.2.3.RELEASE/spring-expression-4.2.3.RELEASE-sources.jar
Download https://repo1.maven.org/maven2/aopalliance/aopalliance/1.0/aopalliance-1.0-sources.jar
Download https://repo1.maven.org/maven2/org/springframework/spring-messaging/4.2.2.RELEASE/spring-messaging-4.2.2.RELEASE-sources.jar
Download https://repo1.maven.org/maven2/org/springframework/retry/spring-retry/1.1.2.RELEASE/spring-retry-1.1.2.RELEASE-sources.jar
Download https://repo1.maven.org/maven2/org/springframework/amqp/spring-amqp/1.5.4.RELEASE/spring-amqp-1.5.4.RELEASE-sources.jar
Download https://repo1.maven.org/maven2/com/rabbitmq/http-client/1.0.0.RELEASE/http-client-1.0.0.RELEASE-sources.jar
Download https://repo1.maven.org/maven2/com/rabbitmq/amqp-client/3.5.7/amqp-client-3.5.7-sources.jar
Download https://repo1.maven.org/maven2/javax/servlet/servlet-api/2.5/servlet-api-2.5-sources.jar
Download https://repo1.maven.org/maven2/redis/clients/jedis/2.8.0/jedis-2.8.0-sources.jar
Download https://repo1.maven.org/maven2/org/apache/httpcomponents/httpclient/4.5/httpclient-4.5-sources.jar
Download https://repo1.maven.org/maven2/c3p0/c3p0/0.9.1.1/c3p0-0.9.1.1-sources.jar
Download https://repo1.maven.org/maven2/org/slf4j/slf4j-api/1.6.6/slf4j-api-1.6.6-sources.jar
Download https://repo1.maven.org/maven2/org/hamcrest/hamcrest-core/1.3/hamcrest-core-1.3-sources.jar
Download https://repo1.maven.org/maven2/org/apache/commons/commons-pool2/2.3/commons-pool2-2.3-sources.jar
Download https://repo1.maven.org/maven2/commons-logging/commons-logging/1.2/commons-logging-1.2-sources.jar
Download https://repo1.maven.org/maven2/org/apache/httpcomponents/httpcore/4.4.1/httpcore-4.4.1-sources.jar
Download https://repo1.maven.org/maven2/commons-codec/commons-codec/1.9/commons-codec-1.9-sources.jar
Download https://repo1.maven.org/maven2/com/upyun/java-sdk/3.1/java-sdk-3.1-sources.jar
Download https://repo1.maven.org/maven2/com/sun/mail/javax.mail/1.5.0/javax.mail-1.5.0-sources.jar
Download https://repo1.maven.org/maven2/cn/jpush/api/jpush-client/3.2.9/jpush-client-3.2.9-sources.jar
Download https://repo1.maven.org/maven2/commons-jxpath/commons-jxpath/1.3/commons-jxpath-1.3-sources.jar
Download https://repo1.maven.org/maven2/javax/activation/activation/1.1/activation-1.1-sources.jar
Download https://repo1.maven.org/maven2/com/google/code/gson/gson/2.3/gson-2.3-sources.jar
Download https://repo1.maven.org/maven2/org/slf4j/slf4j-api/1.7.7/slf4j-api-1.7.7-sources.jar
Download https://repo1.maven.org/maven2/org/quartz-scheduler/quartz-jobs/2.2.1/quartz-jobs-2.2.1-sources.jar
19:25:00.599 [DEBUG] [org.gradle.cache.internal.DefaultCacheAccess] Cache Generated Gradle JARs cache (/home/zcy/dev/gradle_user_dir/caches/2.14.1/generated-gradle-jars) was closed 0 times.
19:25:00.600 [DEBUG] [org.gradle.cache.internal.btree.BTreePersistentIndexedCache] Closing cache module-metadata.bin (/home/zcy/dev/gradle_user_dir/caches/modules-2/metadata-2.16/module-metadata.bin)
19:25:00.600 [DEBUG] [org.gradle.cache.internal.btree.BTreePersistentIndexedCache] Closing cache artifact-at-repository.bin (/home/zcy/dev/gradle_user_dir/caches/modules-2/metadata-2.16/artifact-at-repository.bin)
19:25:00.601 [DEBUG] [org.gradle.cache.internal.btree.BTreePersistentIndexedCache] Closing cache module-artifacts.bin (/home/zcy/dev/gradle_user_dir/caches/modules-2/metadata-2.16/module-artifacts.bin)
19:25:00.601 [DEBUG] [org.gradle.cache.internal.btree.BTreePersistentIndexedCache] Closing cache module-versions.bin (/home/zcy/dev/gradle_user_dir/caches/modules-2/metadata-2.16/module-versions.bin)
19:25:00.601 [DEBUG] [org.gradle.cache.internal.btree.BTreePersistentIndexedCache] Closing cache artifact-at-url.bin (/home/zcy/dev/gradle_user_dir/caches/modules-2/metadata-2.16/artifact-at-url.bin)
19:25:00.601 [DEBUG] [org.gradle.cache.internal.DefaultFileLockManager] Releasing lock on artifact cache (/home/zcy/dev/gradle_user_dir/caches/modules-2).
19:25:00.606 [DEBUG] [org.gradle.api.internal.artifacts.ivyservice.resolveengine.store.CachedStoreFactory] Resolution result cache closed. Cache reads: 0, disk reads: 0 (avg: 0.0 secs, total: 0.0 secs)
19:25:00.607 [DEBUG] [org.gradle.api.internal.artifacts.ivyservice.resolveengine.store.CachedStoreFactory] Resolution result cache closed. Cache reads: 120, disk reads: 60 (avg: 0.001 secs, total: 0.088 secs)
19:25:00.607 [DEBUG] [org.gradle.api.internal.artifacts.ivyservice.resolveengine.store.ResolutionResultsStoreFactory] Deleted 2 resolution results binary files in 0.006 secs
19:25:00.607 [DEBUG] [org.gradle.api.internal.artifacts.ivyservice.ivyresolve.memcache.InMemoryCachedRepositoryFactory] In-memory dependency metadata cache closed. Repos cached: 137, cache instances: 1, modules served from cache: 3369, artifacts: 3163
19:25:00.607 [DEBUG] [org.gradle.cache.internal.DefaultCacheAccess] Cache Plugin Resolution Cache (/home/zcy/dev/gradle_user_dir/caches/2.14.1/plugin-resolution) was closed 0 times.
19:25:00.608 [DEBUG] [org.gradle.api.internal.tasks.compile.daemon.CompilerDaemonManager] Stopping 0 compiler daemon(s).
19:25:00.608 [INFO] [org.gradle.api.internal.tasks.compile.daemon.CompilerDaemonManager] Stopped 0 compiler daemon(s).
19:25:00.608 [DEBUG] [org.gradle.cache.internal.DefaultCacheAccess] Cache jars (/home/zcy/dev/gradle_user_dir/caches/jars-1) was closed 0 times.
19:25:00.608 [DEBUG] [org.gradle.launcher.daemon.server.exec.ExecuteBuild] The daemon has finished executing the build.
19:25:00.609 [DEBUG] [org.gradle.launcher.daemon.server.health.DaemonStatus] GC rate: 0.0/s
19:25:00.841 [DEBUG] [org.gradle.launcher.daemon.server.DaemonStateCoordinator] daemon is running. Sleeping until state changes.
19:25:00.842 [DEBUG] [org.gradle.launcher.daemon.server.DaemonStateCoordinator] Command execution: finished waiting for DaemonCommandExecution[command = Build{id=5c4dd1c0-dada-4d1a-a6bb-6ce56e4cbe82.1, currentDir=/home/zcy}, connection = org.gradle.launcher.daemon.server.DefaultDaemonConnection@60975a15]. Result org.gradle.launcher.daemon.server.DaemonStateCoordinator@2ec96ebd with state Running
19:25:00.842 [DEBUG] [org.gradle.launcher.daemon.server.DaemonStateCoordinator] Command execution: completed DaemonCommandExecution[command = Build{id=5c4dd1c0-dada-4d1a-a6bb-6ce56e4cbe82.1, currentDir=/home/zcy}, connection = org.gradle.launcher.daemon.server.DefaultDaemonConnection@60975a15]
19:25:00.842 [DEBUG] [org.gradle.launcher.daemon.server.DaemonStateCoordinator] updating lastActivityAt to 1477308300842
19:25:00.843 [INFO] [org.gradle.launcher.daemon.server.DomainRegistryUpdater] Marking the daemon as idle, address: [243bd658-ded9-4f29-a106-097bb9194b52 port:34149, addresses:[/0:0:0:0:0:0:0:1%lo, /127.0.0.1]]
19:25:00.843 [DEBUG] [org.gradle.launcher.daemon.registry.PersistentDaemonRegistry] Marking idle by address: [243bd658-ded9-4f29-a106-097bb9194b52 port:34149, addresses:[/0:0:0:0:0:0:0:1%lo, /127.0.0.1]]
19:25:00.843 [DEBUG] [org.gradle.cache.internal.DefaultFileLockManager] Waiting to acquire exclusive lock on daemon addresses registry.
19:25:00.843 [DEBUG] [org.gradle.cache.internal.DefaultFileLockManager] Lock acquired.
19:25:00.845 [DEBUG] [org.gradle.cache.internal.DefaultFileLockManager] Releasing lock on daemon addresses registry.
19:25:00.846 [DEBUG] [org.gradle.launcher.daemon.server.DaemonStateCoordinator] daemon is running. Sleeping until state changes.
19:25:00.846 [DEBUG] [org.gradle.launcher.daemon.server.exec.ReturnResult] Daemon is dispatching the build result: Success[value=org.gradle.tooling.internal.provider.BuildActionResult@506b568]
19:25:00.846 [DEBUG] [org.gradle.launcher.daemon.server.SynchronizedDispatchConnection] thread 22: dispatching class org.gradle.launcher.daemon.protocol.Success
19:25:00.853 [DEBUG] [org.apache.http.impl.conn.PoolingHttpClientConnectionManager] Connection manager is shutting down
19:25:00.854 [DEBUG] [org.apache.http.impl.conn.DefaultManagedHttpClientConnection] http-outgoing-10: Close connection
19:25:00.854 [DEBUG] [org.apache.http.impl.conn.DefaultManagedHttpClientConnection] http-outgoing-10: Close connection
19:25:00.854 [DEBUG] [org.apache.http.impl.conn.PoolingHttpClientConnectionManager] Connection manager shut down
19:25:00.855 [DEBUG] [org.gradle.launcher.daemon.server.SynchronizedDispatchConnection] thread 23: received class org.gradle.launcher.daemon.protocol.Finished
19:25:00.855 [DEBUG] [org.gradle.launcher.daemon.server.DefaultDaemonConnection] thread 23: Received non-IO message from client: org.gradle.launcher.daemon.protocol.Finished@dc6580e
19:25:00.856 [DEBUG] [org.gradle.internal.remote.internal.inet.SocketConnection] Discarding EOFException: java.io.EOFException
19:25:00.856 [DEBUG] [org.gradle.launcher.daemon.server.SynchronizedDispatchConnection] thread 23: received null
19:25:00.856 [DEBUG] [org.gradle.launcher.daemon.server.DefaultDaemonConnection] thread 23: Received end-of-input from client.
19:25:00.857 [DEBUG] [org.gradle.launcher.daemon.server.DefaultIncomingConnectionHandler] Finishing executing command: Build{id=5c4dd1c0-dada-4d1a-a6bb-6ce56e4cbe82.1, currentDir=/home/zcy}
19:25:00.857 [DEBUG] [org.gradle.launcher.daemon.server.DefaultIncomingConnectionHandler] Received finished message: null
19:25:00.858 [DEBUG] [org.gradle.launcher.daemon.server.SynchronizedDispatchConnection] thread 22: stopping connection
19:25:00.858 [DEBUG] [org.gradle.launcher.daemon.server.SynchronizedDispatchConnection] thread 22: stopping connection
19:25:11.378 [DEBUG] [org.gradle.launcher.daemon.server.Daemon] DaemonExpirationPeriodicCheck running
19:25:11.379 [DEBUG] [org.gradle.launcher.daemon.server.health.DaemonStatus] GC rate: 0.11/s tenured usage: 3%
19:25:11.380 [DEBUG] [org.gradle.cache.internal.DefaultFileLockManager] Waiting to acquire shared lock on daemon addresses registry.
19:25:11.380 [DEBUG] [org.gradle.cache.internal.DefaultFileLockManager] Lock acquired.
19:25:11.383 [DEBUG] [org.gradle.cache.internal.DefaultFileLockManager] Releasing lock on daemon addresses registry.
19:26:11.374 [DEBUG] [org.gradle.launcher.daemon.server.Daemon] DaemonExpirationPeriodicCheck running
19:26:11.375 [DEBUG] [org.gradle.launcher.daemon.server.health.DaemonStatus] GC rate: 0.0/s
19:26:11.375 [DEBUG] [org.gradle.cache.internal.DefaultFileLockManager] Waiting to acquire shared lock on daemon addresses registry.
19:26:11.376 [DEBUG] [org.gradle.cache.internal.DefaultFileLockManager] Lock acquired.
19:26:11.377 [DEBUG] [org.gradle.cache.internal.DefaultFileLockManager] Releasing lock on daemon addresses registry.
19:27:11.374 [DEBUG] [org.gradle.launcher.daemon.server.Daemon] DaemonExpirationPeriodicCheck running
19:27:11.375 [DEBUG] [org.gradle.launcher.daemon.server.health.DaemonStatus] GC rate: 0.0/s
19:27:11.375 [DEBUG] [org.gradle.cache.internal.DefaultFileLockManager] Waiting to acquire shared lock on daemon addresses registry.
19:27:11.376 [DEBUG] [org.gradle.cache.internal.DefaultFileLockManager] Lock acquired.
19:27:11.377 [DEBUG] [org.gradle.cache.internal.DefaultFileLockManager] Releasing lock on daemon addresses registry.
19:28:11.374 [DEBUG] [org.gradle.launcher.daemon.server.Daemon] DaemonExpirationPeriodicCheck running
19:28:11.375 [DEBUG] [org.gradle.launcher.daemon.server.health.DaemonStatus] GC rate: 0.0/s
19:28:11.375 [DEBUG] [org.gradle.cache.internal.DefaultFileLockManager] Waiting to acquire shared lock on daemon addresses registry.
19:28:11.375 [DEBUG] [org.gradle.cache.internal.DefaultFileLockManager] Lock acquired.
19:28:11.376 [DEBUG] [org.gradle.cache.internal.DefaultFileLockManager] Releasing lock on daemon addresses registry.
19:29:11.374 [DEBUG] [org.gradle.launcher.daemon.server.Daemon] DaemonExpirationPeriodicCheck running
19:29:11.375 [DEBUG] [org.gradle.launcher.daemon.server.health.DaemonStatus] GC rate: 0.0/s
19:29:11.376 [DEBUG] [org.gradle.cache.internal.DefaultFileLockManager] Waiting to acquire shared lock on daemon addresses registry.
19:29:11.376 [DEBUG] [org.gradle.cache.internal.DefaultFileLockManager] Lock acquired.
19:29:11.377 [DEBUG] [org.gradle.cache.internal.DefaultFileLockManager] Releasing lock on daemon addresses registry.
19:30:11.374 [DEBUG] [org.gradle.launcher.daemon.server.Daemon] DaemonExpirationPeriodicCheck running
19:30:11.375 [DEBUG] [org.gradle.launcher.daemon.server.health.DaemonStatus] GC rate: 0.0/s
19:30:11.375 [DEBUG] [org.gradle.cache.internal.DefaultFileLockManager] Waiting to acquire shared lock on daemon addresses registry.
19:30:11.376 [DEBUG] [org.gradle.cache.internal.DefaultFileLockManager] Lock acquired.
19:30:11.378 [DEBUG] [org.gradle.cache.internal.DefaultFileLockManager] Releasing lock on daemon addresses registry.
19:31:11.374 [DEBUG] [org.gradle.launcher.daemon.server.Daemon] DaemonExpirationPeriodicCheck running
19:31:11.375 [DEBUG] [org.gradle.launcher.daemon.server.health.DaemonStatus] GC rate: 0.0/s
19:31:11.375 [DEBUG] [org.gradle.cache.internal.DefaultFileLockManager] Waiting to acquire shared lock on daemon addresses registry.
19:31:11.376 [DEBUG] [org.gradle.cache.internal.DefaultFileLockManager] Lock acquired.
19:31:11.377 [DEBUG] [org.gradle.cache.internal.DefaultFileLockManager] Releasing lock on daemon addresses registry.
19:32:11.374 [DEBUG] [org.gradle.launcher.daemon.server.Daemon] DaemonExpirationPeriodicCheck running
19:32:11.375 [DEBUG] [org.gradle.launcher.daemon.server.health.DaemonStatus] GC rate: 0.0/s
19:32:11.375 [DEBUG] [org.gradle.cache.internal.DefaultFileLockManager] Waiting to acquire shared lock on daemon addresses registry.
19:32:11.375 [DEBUG] [org.gradle.cache.internal.DefaultFileLockManager] Lock acquired.
19:32:11.376 [DEBUG] [org.gradle.cache.internal.DefaultFileLockManager] Releasing lock on daemon addresses registry.
19:32:22.551 [DEBUG] [org.gradle.internal.remote.internal.inet.TcpIncomingConnector] Accepted connection from /0:0:0:0:0:0:0:1:45588 to /0:0:0:0:0:0:0:1:34149.
19:32:22.579 [DEBUG] [org.gradle.launcher.daemon.server.SynchronizedDispatchConnection] thread 29: received class org.gradle.launcher.daemon.protocol.Build
19:32:22.579 [DEBUG] [org.gradle.launcher.daemon.server.DefaultDaemonConnection] thread 29: Received non-IO message from client: Build{id=1af6d7f4-e98d-4717-94ee-729e84b62d90.1, currentDir=/home/zcy}
19:32:22.582 [INFO] [org.gradle.launcher.daemon.server.DefaultIncomingConnectionHandler] Received command: Build{id=1af6d7f4-e98d-4717-94ee-729e84b62d90.1, currentDir=/home/zcy}.
19:32:22.582 [DEBUG] [org.gradle.launcher.daemon.server.DefaultIncomingConnectionHandler] Starting executing command: Build{id=1af6d7f4-e98d-4717-94ee-729e84b62d90.1, currentDir=/home/zcy} with connection: socket connection from /0:0:0:0:0:0:0:1:34149 to /0:0:0:0:0:0:0:1:45588.
19:32:22.597 [DEBUG] [org.gradle.launcher.daemon.server.DaemonStateCoordinator] Command execution: started DaemonCommandExecution[command = Build{id=1af6d7f4-e98d-4717-94ee-729e84b62d90.1, currentDir=/home/zcy}, connection = org.gradle.launcher.daemon.server.DefaultDaemonConnection@4c470ed5] after 7.0 minutes of idle
19:32:22.598 [INFO] [org.gradle.launcher.daemon.server.DomainRegistryUpdater] Marking the daemon as busy, address: [243bd658-ded9-4f29-a106-097bb9194b52 port:34149, addresses:[/0:0:0:0:0:0:0:1%lo, /127.0.0.1]]
19:32:22.598 [DEBUG] [org.gradle.launcher.daemon.registry.PersistentDaemonRegistry] Marking busy by address: [243bd658-ded9-4f29-a106-097bb9194b52 port:34149, addresses:[/0:0:0:0:0:0:0:1%lo, /127.0.0.1]]
19:32:22.598 [DEBUG] [org.gradle.cache.internal.DefaultFileLockManager] Waiting to acquire exclusive lock on daemon addresses registry.
19:32:22.599 [DEBUG] [org.gradle.cache.internal.DefaultFileLockManager] Lock acquired.
19:32:22.600 [DEBUG] [org.gradle.cache.internal.DefaultFileLockManager] Releasing lock on daemon addresses registry.
19:32:22.600 [DEBUG] [org.gradle.launcher.daemon.server.DaemonStateCoordinator] updating lastActivityAt to 1477308742600
19:32:22.600 [DEBUG] [org.gradle.launcher.daemon.server.DaemonStateCoordinator] daemon is running. Sleeping until state changes.
19:32:22.608 [INFO] [org.gradle.launcher.daemon.server.exec.StartBuildOrRespondWithBusy] Daemon is about to start building Build{id=1af6d7f4-e98d-4717-94ee-729e84b62d90.1, currentDir=/home/zcy}. Dispatching build started information...
19:32:22.610 [DEBUG] [org.gradle.launcher.daemon.server.SynchronizedDispatchConnection] thread 31: dispatching class org.gradle.launcher.daemon.protocol.BuildStarted
19:32:22.611 [DEBUG] [org.gradle.launcher.daemon.server.exec.EstablishBuildEnvironment] Configuring env variables: {PATH=/home/zcy/dev/gradle-2.14.1/bin:/home/zcy/dev/jdk1.8.0_60/bin:/usr/local/sbin:/usr/local/bin:/usr/sbin:/usr/bin:/sbin:/bin:/usr/games:/usr/local/games, XAUTHORITY=/home/zcy/.Xauthority, XMODIFIERS=@im=fcitx, XDG_DATA_DIRS=/usr/share/ubuntu:/usr/share/gnome:/usr/local/share/:/usr/share/, GDMSESSION=ubuntu, MANDATORY_PATH=/usr/share/gconf/ubuntu.mandatory.path, TEXTDOMAINDIR=/usr/share/locale/, GTK_IM_MODULE=fcitx, DBUS_SESSION_BUS_ADDRESS=unix:abstract=/tmp/dbus-UYxNfGQMgW, DEFAULTS_PATH=/usr/share/gconf/ubuntu.default.path, XDG_CURRENT_DESKTOP=Unity, COLORTERM=gnome-terminal, QT4_IM_MODULE=fcitx, UPSTART_SESSION=unix:abstract=/com/ubuntu/upstart-session/1000/1751, LOGNAME=zcy, PWD=/home/zcy, JOB=gnome-session, IM_CONFIG_PHASE=1, LANGUAGE=zh_CN:zh, WINDOWID=65011724, LESSOPEN=| /usr/bin/lesspipe %s, SHELL=/bin/bash, INSTANCE=Unity, UPSTART_INSTANCE=, GNOME_DESKTOP_SESSION_ID=this-is-deprecated, GTK_MODULES=overlay-scrollbar:unity-gtk-module, CLUTTER_IM_MODULE=xim, TEXTDOMAIN=im-config, XDG_SESSION_PATH=/org/freedesktop/DisplayManager/Session0, SESSIONTYPE=gnome-session, LS_COLORS=rs=0:di=01;34:ln=01;36:mh=00:pi=40;33:so=01;35:do=01;35:bd=40;33;01:cd=40;33;01:or=40;31;01:su=37;41:sg=30;43:ca=30;41:tw=30;42:ow=34;42:st=37;44:ex=01;32:*.tar=01;31:*.tgz=01;31:*.arj=01;31:*.taz=01;31:*.lzh=01;31:*.lzma=01;31:*.tlz=01;31:*.txz=01;31:*.zip=01;31:*.z=01;31:*.Z=01;31:*.dz=01;31:*.gz=01;31:*.lz=01;31:*.xz=01;31:*.bz2=01;31:*.bz=01;31:*.tbz=01;31:*.tbz2=01;31:*.tz=01;31:*.deb=01;31:*.rpm=01;31:*.jar=01;31:*.war=01;31:*.ear=01;31:*.sar=01;31:*.rar=01;31:*.ace=01;31:*.zoo=01;31:*.cpio=01;31:*.7z=01;31:*.rz=01;31:*.jpg=01;35:*.jpeg=01;35:*.gif=01;35:*.bmp=01;35:*.pbm=01;35:*.pgm=01;35:*.ppm=01;35:*.tga=01;35:*.xbm=01;35:*.xpm=01;35:*.tif=01;35:*.tiff=01;35:*.png=01;35:*.svg=01;35:*.svgz=01;35:*.mng=01;35:*.pcx=01;35:*.mov=01;35:*.mpg=01;35:*.mpeg=01;35:*.m2v=01;35:*.mkv=01;35:*.webm=01;35:*.ogm=01;35:*.mp4=01;35:*.m4v=01;35:*.mp4v=01;35:*.vob=01;35:*.qt=01;35:*.nuv=01;35:*.wmv=01;35:*.asf=01;35:*.rm=01;35:*.rmvb=01;35:*.flc=01;35:*.avi=01;35:*.fli=01;35:*.flv=01;35:*.gl=01;35:*.dl=01;35:*.xcf=01;35:*.xwd=01;35:*.yuv=01;35:*.cgm=01;35:*.emf=01;35:*.axv=01;35:*.anx=01;35:*.ogv=01;35:*.ogx=01;35:*.aac=00;36:*.au=00;36:*.flac=00;36:*.mid=00;36:*.midi=00;36:*.mka=00;36:*.mp3=00;36:*.mpc=00;36:*.ogg=00;36:*.ra=00;36:*.wav=00;36:*.axa=00;36:*.oga=00;36:*.spx=00;36:*.xspf=00;36:, SHLVL=1, LESSCLOSE=/usr/bin/lesspipe %s %s, OXYGEN_DISABLE_INNER_SHADOWS_HACK=1, COMPIZ_CONFIG_PROFILE=ubuntu, UPSTART_JOB=unity-settings-daemon, QT_IM_MODULE=xim, JAVA_HOME=/home/zcy/dev/jdk1.8.0_60, TERM=xterm, XFILESEARCHPATH=/usr/dt/app-defaults/%L/Dt, XDG_CONFIG_DIRS=/etc/xdg/xdg-ubuntu:/usr/share/upstart/xdg:/etc/xdg, LANG=zh_CN.UTF-8, XDG_SEAT_PATH=/org/freedesktop/DisplayManager/Seat0, GNOME_KEYRING_CONTROL=/run/user/1000/keyring-UEUagB, XDG_SESSION_ID=c2, GRADLE_HOME=/home/zcy/dev/gradle-2.14.1, SELINUX_INIT=YES, DISPLAY=:0, _=/usr/bin/nohup, GDM_LANG=zh_CN, XDG_GREETER_DATA_DIR=/var/lib/lightdm-data/zcy, LIBOVERLAY_SCROLLBAR=0, UPSTART_EVENTS=started starting, GDK_CORE_DEVICE_EVENTS=1, DESKTOP_SESSION=ubuntu, GPG_AGENT_INFO=/run/user/1000/keyring-UEUagB/gpg:0:1, USER=zcy, VTE_VERSION=3409, XDG_SEAT=seat0, SSH_AUTH_SOCK=/run/user/1000/keyring-UEUagB/ssh, NLSPATH=/usr/dt/lib/nls/msg/%L/%N.cat, QT_QPA_PLATFORMTHEME=appmenu-qt5, XDG_RUNTIME_DIR=/run/user/1000, XDG_VTNR=7, HOME=/home/zcy, GNOME_KEYRING_PID=1749}
19:32:22.612 [DEBUG] [org.gradle.launcher.daemon.server.exec.LogToClient] About to start relaying all logs to the client via the connection.
19:32:22.613 [INFO] [org.gradle.launcher.daemon.server.exec.LogToClient] The client will now receive all logging from the daemon (pid: 20233). The daemon log file: /home/zcy/dev/gradle_user_dir/daemon/2.14.1/daemon-20233.out.log
19:32:22.613 [INFO] [org.gradle.launcher.daemon.server.health.DaemonHealthTracker] Starting 3rd build in daemon [uptime: 34 mins 11.326 secs, performance: 100%, no major garbage collections]
19:32:22.614 [DEBUG] [org.gradle.launcher.daemon.server.exec.ExecuteBuild] The daemon has started executing the build.
19:32:22.614 [INFO] [org.gradle.launcher.daemon.server.exec.ExecuteBuild] Executing build with daemon context: DefaultDaemonContext[uid=b70f1df7-d7cc-438c-8767-ea59015f57a6,javaHome=/home/zcy/dev/jdk1.8.0_60,daemonRegistryDir=/home/zcy/dev/gradle_user_dir/daemon,pid=20233,idleTimeout=10800000,daemonOpts=-XX:MaxPermSize=256m,-XX:+HeapDumpOnOutOfMemoryError,-Xmx1024m,-Dfile.encoding=UTF-8,-Duser.country=CN,-Duser.language=zh,-Duser.variant]

CONFIGURE SUCCESSFUL

Total time: 1.656 secs
Download https://repo1.maven.org/maven2/org/springframework/session/spring-session/1.2.1.RELEASE/spring-session-1.2.1.RELEASE.pom
Download https://repo1.maven.org/maven2/org/springframework/data/spring-data-redis/1.7.2.RELEASE/spring-data-redis-1.7.2.RELEASE.pom
Download https://repo1.maven.org/maven2/org/springframework/data/build/spring-data-parent/1.8.2.RELEASE/spring-data-parent-1.8.2.RELEASE.pom
Download https://repo1.maven.org/maven2/org/springframework/data/build/spring-data-build/1.8.2.RELEASE/spring-data-build-1.8.2.RELEASE.pom
Download https://repo1.maven.org/maven2/org/springframework/spring-framework-bom/4.2.6.RELEASE/spring-framework-bom-4.2.6.RELEASE.pom
Download https://repo1.maven.org/maven2/org/springframework/data/spring-data-keyvalue/1.1.2.RELEASE/spring-data-keyvalue-1.1.2.RELEASE.pom
Download https://repo1.maven.org/maven2/org/slf4j/slf4j-api/1.7.21/slf4j-api-1.7.21.pom
Download https://repo1.maven.org/maven2/org/slf4j/slf4j-parent/1.7.21/slf4j-parent-1.7.21.pom
Download https://repo1.maven.org/maven2/org/slf4j/jcl-over-slf4j/1.7.21/jcl-over-slf4j-1.7.21.pom
Download https://repo1.maven.org/maven2/dom4j/dom4j/1.6.1/dom4j-1.6.1.pom
Download https://repo1.maven.org/maven2/org/springframework/data/spring-data-commons/1.12.2.RELEASE/spring-data-commons-1.12.2.RELEASE.pom
Download https://repo1.maven.org/maven2/xml-apis/xml-apis/1.0.b2/xml-apis-1.0.b2.pom
Download https://repo1.maven.org/maven2/org/springframework/spring-tx/4.2.6.RELEASE/spring-tx-4.2.6.RELEASE.pom
Download https://repo1.maven.org/maven2/org/springframework/spring-context/4.2.6.RELEASE/spring-context-4.2.6.RELEASE.pom
Download https://repo1.maven.org/maven2/org/springframework/spring-oxm/4.2.6.RELEASE/spring-oxm-4.2.6.RELEASE.pom
Download https://repo1.maven.org/maven2/org/springframework/spring-aop/4.2.6.RELEASE/spring-aop-4.2.6.RELEASE.pom
Download https://repo1.maven.org/maven2/org/springframework/spring-context-support/4.2.6.RELEASE/spring-context-support-4.2.6.RELEASE.pom
Download https://repo1.maven.org/maven2/org/springframework/spring-beans/4.2.6.RELEASE/spring-beans-4.2.6.RELEASE.pom
Download https://repo1.maven.org/maven2/org/springframework/spring-core/4.2.6.RELEASE/spring-core-4.2.6.RELEASE.pom
Download https://repo1.maven.org/maven2/org/springframework/spring-expression/4.2.6.RELEASE/spring-expression-4.2.6.RELEASE.pom
Download https://repo1.maven.org/maven2/org/springframework/session/spring-session/1.2.1.RELEASE/spring-session-1.2.1.RELEASE.jar
Download https://repo1.maven.org/maven2/org/springframework/data/spring-data-redis/1.7.2.RELEASE/spring-data-redis-1.7.2.RELEASE.jar
Download https://repo1.maven.org/maven2/org/springframework/data/spring-data-keyvalue/1.1.2.RELEASE/spring-data-keyvalue-1.1.2.RELEASE.jar
Download https://repo1.maven.org/maven2/org/slf4j/slf4j-api/1.7.21/slf4j-api-1.7.21.jar
Download https://repo1.maven.org/maven2/org/slf4j/jcl-over-slf4j/1.7.21/jcl-over-slf4j-1.7.21.jar
Download https://repo1.maven.org/maven2/dom4j/dom4j/1.6.1/dom4j-1.6.1.jar
Download https://repo1.maven.org/maven2/org/springframework/data/spring-data-commons/1.12.2.RELEASE/spring-data-commons-1.12.2.RELEASE.jar
Download https://repo1.maven.org/maven2/xml-apis/xml-apis/1.0.b2/xml-apis-1.0.b2.jar
Download https://repo1.maven.org/maven2/org/springframework/spring-tx/4.2.6.RELEASE/spring-tx-4.2.6.RELEASE.jar
Download https://repo1.maven.org/maven2/org/springframework/spring-context/4.2.6.RELEASE/spring-context-4.2.6.RELEASE.jar
Download https://repo1.maven.org/maven2/org/springframework/spring-oxm/4.2.6.RELEASE/spring-oxm-4.2.6.RELEASE.jar
Download https://repo1.maven.org/maven2/org/springframework/spring-aop/4.2.6.RELEASE/spring-aop-4.2.6.RELEASE.jar
Download https://repo1.maven.org/maven2/org/springframework/spring-context-support/4.2.6.RELEASE/spring-context-support-4.2.6.RELEASE.jar
Download https://repo1.maven.org/maven2/org/springframework/spring-beans/4.2.6.RELEASE/spring-beans-4.2.6.RELEASE.jar
Download https://repo1.maven.org/maven2/org/springframework/spring-core/4.2.6.RELEASE/spring-core-4.2.6.RELEASE.jar
Download https://repo1.maven.org/maven2/org/springframework/spring-expression/4.2.6.RELEASE/spring-expression-4.2.6.RELEASE.jar
Download https://repo1.maven.org/maven2/org/apache/poi/poi/3.14/poi-3.14.pom
Download https://repo1.maven.org/maven2/org/apache/poi/poi-ooxml/3.14/poi-ooxml-3.14.pom
Download https://repo1.maven.org/maven2/commons-net/commons-net/3.5/commons-net-3.5.pom
Download https://repo1.maven.org/maven2/org/apache/commons/commons-parent/40/commons-parent-40.pom
Download https://repo1.maven.org/maven2/commons-codec/commons-codec/1.10/commons-codec-1.10.pom
Download https://repo1.maven.org/maven2/org/apache/commons/commons-parent/35/commons-parent-35.pom
Download https://repo1.maven.org/maven2/org/apache/apache/15/apache-15.pom
Download https://repo1.maven.org/maven2/org/apache/poi/poi-ooxml-schemas/3.14/poi-ooxml-schemas-3.14.pom
Download https://repo1.maven.org/maven2/com/github/virtuald/curvesapi/1.03/curvesapi-1.03.pom
Download https://repo1.maven.org/maven2/org/apache/xmlbeans/xmlbeans/2.6.0/xmlbeans-2.6.0.pom
Download https://repo1.maven.org/maven2/stax/stax-api/1.0.1/stax-api-1.0.1.pom
Download https://repo1.maven.org/maven2/org/apache/poi/poi/3.14/poi-3.14.jar
Download https://repo1.maven.org/maven2/org/apache/poi/poi-ooxml/3.14/poi-ooxml-3.14.jar
Download https://repo1.maven.org/maven2/commons-net/commons-net/3.5/commons-net-3.5.jar
Download https://repo1.maven.org/maven2/commons-codec/commons-codec/1.10/commons-codec-1.10.jar
Download https://repo1.maven.org/maven2/org/apache/poi/poi-ooxml-schemas/3.14/poi-ooxml-schemas-3.14.jar
Download https://repo1.maven.org/maven2/com/github/virtuald/curvesapi/1.03/curvesapi-1.03.jar
Download https://repo1.maven.org/maven2/org/apache/xmlbeans/xmlbeans/2.6.0/xmlbeans-2.6.0.jar
Download https://repo1.maven.org/maven2/stax/stax-api/1.0.1/stax-api-1.0.1.jar
19:55:14.256 [DEBUG] [org.gradle.cache.internal.DefaultCacheAccess] Cache Generated Gradle JARs cache (/home/zcy/dev/gradle_user_dir/caches/2.14.1/generated-gradle-jars) was closed 0 times.
19:55:14.256 [DEBUG] [org.gradle.cache.internal.btree.BTreePersistentIndexedCache] Closing cache module-metadata.bin (/home/zcy/dev/gradle_user_dir/caches/modules-2/metadata-2.16/module-metadata.bin)
19:55:14.256 [DEBUG] [org.gradle.cache.internal.btree.BTreePersistentIndexedCache] Closing cache artifact-at-url.bin (/home/zcy/dev/gradle_user_dir/caches/modules-2/metadata-2.16/artifact-at-url.bin)
19:55:14.256 [DEBUG] [org.gradle.cache.internal.btree.BTreePersistentIndexedCache] Closing cache artifact-at-repository.bin (/home/zcy/dev/gradle_user_dir/caches/modules-2/metadata-2.16/artifact-at-repository.bin)
19:55:14.256 [DEBUG] [org.gradle.cache.internal.btree.BTreePersistentIndexedCache] Closing cache module-versions.bin (/home/zcy/dev/gradle_user_dir/caches/modules-2/metadata-2.16/module-versions.bin)
19:55:14.257 [DEBUG] [org.gradle.cache.internal.DefaultFileLockManager] Releasing lock on artifact cache (/home/zcy/dev/gradle_user_dir/caches/modules-2).
19:55:14.259 [DEBUG] [org.gradle.api.internal.artifacts.ivyservice.resolveengine.store.CachedStoreFactory] Resolution result cache closed. Cache reads: 0, disk reads: 0 (avg: 0.0 secs, total: 0.0 secs)
19:55:14.260 [DEBUG] [org.gradle.api.internal.artifacts.ivyservice.resolveengine.store.CachedStoreFactory] Resolution result cache closed. Cache reads: 48, disk reads: 62 (avg: 0.001 secs, total: 0.084 secs)
19:55:14.263 [DEBUG] [org.gradle.api.internal.artifacts.ivyservice.resolveengine.store.ResolutionResultsStoreFactory] Deleted 2 resolution results binary files in 0.006 secs
19:55:14.263 [DEBUG] [org.gradle.api.internal.artifacts.ivyservice.ivyresolve.memcache.InMemoryCachedRepositoryFactory] In-memory dependency metadata cache closed. Repos cached: 124, cache instances: 1, modules served from cache: 3911, artifacts: 679
19:55:14.264 [DEBUG] [org.gradle.cache.internal.DefaultCacheAccess] Cache Plugin Resolution Cache (/home/zcy/dev/gradle_user_dir/caches/2.14.1/plugin-resolution) was closed 0 times.
19:55:14.264 [DEBUG] [org.gradle.api.internal.tasks.compile.daemon.CompilerDaemonManager] Stopping 0 compiler daemon(s).
19:55:14.265 [INFO] [org.gradle.api.internal.tasks.compile.daemon.CompilerDaemonManager] Stopped 0 compiler daemon(s).
19:55:14.265 [DEBUG] [org.gradle.cache.internal.DefaultCacheAccess] Cache jars (/home/zcy/dev/gradle_user_dir/caches/jars-1) was closed 0 times.
19:55:14.265 [DEBUG] [org.gradle.launcher.daemon.server.exec.ExecuteBuild] The daemon has finished executing the build.
19:55:14.266 [DEBUG] [org.gradle.launcher.daemon.server.health.DaemonStatus] GC rate: 0.0/s
19:55:14.446 [DEBUG] [org.gradle.launcher.daemon.server.DaemonStateCoordinator] daemon is running. Sleeping until state changes.
19:55:14.448 [DEBUG] [org.gradle.launcher.daemon.server.DaemonStateCoordinator] Command execution: finished waiting for DaemonCommandExecution[command = Build{id=1af6d7f4-e98d-4717-94ee-729e84b62d90.1, currentDir=/home/zcy}, connection = org.gradle.launcher.daemon.server.DefaultDaemonConnection@4c470ed5]. Result org.gradle.launcher.daemon.server.DaemonStateCoordinator@2ec96ebd with state Running
19:55:14.448 [DEBUG] [org.apache.http.impl.conn.PoolingHttpClientConnectionManager] Connection manager is shutting down
19:55:14.448 [DEBUG] [org.gradle.launcher.daemon.server.DaemonStateCoordinator] Command execution: completed DaemonCommandExecution[command = Build{id=1af6d7f4-e98d-4717-94ee-729e84b62d90.1, currentDir=/home/zcy}, connection = org.gradle.launcher.daemon.server.DefaultDaemonConnection@4c470ed5]
19:55:14.449 [DEBUG] [org.apache.http.impl.conn.DefaultManagedHttpClientConnection] http-outgoing-13: Close connection
19:55:14.449 [DEBUG] [org.gradle.launcher.daemon.server.DaemonStateCoordinator] updating lastActivityAt to 1477310114449
19:55:14.449 [DEBUG] [org.apache.http.impl.conn.DefaultManagedHttpClientConnection] http-outgoing-13: Close connection
19:55:14.449 [INFO] [org.gradle.launcher.daemon.server.DomainRegistryUpdater] Marking the daemon as idle, address: [243bd658-ded9-4f29-a106-097bb9194b52 port:34149, addresses:[/0:0:0:0:0:0:0:1%lo, /127.0.0.1]]
19:55:14.449 [DEBUG] [org.apache.http.impl.conn.PoolingHttpClientConnectionManager] Connection manager shut down
19:55:14.449 [DEBUG] [org.gradle.launcher.daemon.registry.PersistentDaemonRegistry] Marking idle by address: [243bd658-ded9-4f29-a106-097bb9194b52 port:34149, addresses:[/0:0:0:0:0:0:0:1%lo, /127.0.0.1]]
19:55:14.449 [DEBUG] [org.apache.http.impl.conn.PoolingHttpClientConnectionManager] Connection manager is shutting down
19:55:14.449 [DEBUG] [org.apache.http.impl.conn.DefaultManagedHttpClientConnection] http-outgoing-11: Close connection
19:55:14.450 [DEBUG] [org.gradle.cache.internal.DefaultFileLockManager] Waiting to acquire exclusive lock on daemon addresses registry.
19:55:14.450 [DEBUG] [org.apache.http.impl.conn.DefaultManagedHttpClientConnection] http-outgoing-11: Close connection
19:55:14.450 [DEBUG] [org.apache.http.impl.conn.PoolingHttpClientConnectionManager] Connection manager shut down
19:55:14.450 [DEBUG] [org.gradle.cache.internal.DefaultFileLockManager] Lock acquired.
19:55:14.462 [DEBUG] [org.gradle.cache.internal.DefaultFileLockManager] Releasing lock on daemon addresses registry.
19:55:14.463 [DEBUG] [org.gradle.launcher.daemon.server.DaemonStateCoordinator] daemon is running. Sleeping until state changes.
19:55:14.463 [DEBUG] [org.gradle.launcher.daemon.server.exec.ReturnResult] Daemon is dispatching the build result: Success[value=org.gradle.tooling.internal.provider.BuildActionResult@206986cc]
19:55:14.463 [DEBUG] [org.gradle.launcher.daemon.server.SynchronizedDispatchConnection] thread 28: dispatching class org.gradle.launcher.daemon.protocol.Success
19:55:14.492 [DEBUG] [org.gradle.launcher.daemon.server.DefaultIncomingConnectionHandler] Finishing executing command: Build{id=1af6d7f4-e98d-4717-94ee-729e84b62d90.1, currentDir=/home/zcy}
19:55:14.497 [DEBUG] [org.gradle.launcher.daemon.server.SynchronizedDispatchConnection] thread 29: received class org.gradle.launcher.daemon.protocol.Finished
19:55:14.497 [DEBUG] [org.gradle.launcher.daemon.server.DefaultDaemonConnection] thread 29: Received non-IO message from client: org.gradle.launcher.daemon.protocol.Finished@79c477bd
19:55:14.497 [DEBUG] [org.gradle.launcher.daemon.server.DefaultIncomingConnectionHandler] Received finished message: org.gradle.launcher.daemon.protocol.Finished@79c477bd
19:55:14.497 [DEBUG] [org.gradle.launcher.daemon.server.SynchronizedDispatchConnection] thread 28: stopping connection
19:55:14.497 [DEBUG] [org.gradle.internal.remote.internal.inet.SocketConnection] Discarding EOFException: java.io.EOFException
19:55:14.498 [DEBUG] [org.gradle.launcher.daemon.server.SynchronizedDispatchConnection] thread 29: received null
19:55:14.498 [DEBUG] [org.gradle.launcher.daemon.server.DefaultDaemonConnection] thread 29: Received end-of-input from client.
19:55:14.498 [DEBUG] [org.gradle.launcher.daemon.server.SynchronizedDispatchConnection] thread 28: stopping connection
19:56:11.374 [DEBUG] [org.gradle.launcher.daemon.server.Daemon] DaemonExpirationPeriodicCheck running
19:56:11.375 [DEBUG] [org.gradle.launcher.daemon.server.health.DaemonStatus] GC rate: 0.0/s
19:56:11.375 [DEBUG] [org.gradle.cache.internal.DefaultFileLockManager] Waiting to acquire shared lock on daemon addresses registry.
19:56:11.375 [DEBUG] [org.gradle.cache.internal.DefaultFileLockManager] Lock acquired.
19:56:11.376 [DEBUG] [org.gradle.cache.internal.DefaultFileLockManager] Releasing lock on daemon addresses registry.
19:57:11.374 [DEBUG] [org.gradle.launcher.daemon.server.Daemon] DaemonExpirationPeriodicCheck running
19:57:11.375 [DEBUG] [org.gradle.launcher.daemon.server.health.DaemonStatus] GC rate: 0.0/s
19:57:11.375 [DEBUG] [org.gradle.cache.internal.DefaultFileLockManager] Waiting to acquire shared lock on daemon addresses registry.
19:57:11.375 [DEBUG] [org.gradle.cache.internal.DefaultFileLockManager] Lock acquired.
19:57:11.376 [DEBUG] [org.gradle.cache.internal.DefaultFileLockManager] Releasing lock on daemon addresses registry.
19:58:11.374 [DEBUG] [org.gradle.launcher.daemon.server.Daemon] DaemonExpirationPeriodicCheck running
19:58:11.375 [DEBUG] [org.gradle.launcher.daemon.server.health.DaemonStatus] GC rate: 0.0/s
19:58:11.375 [DEBUG] [org.gradle.cache.internal.DefaultFileLockManager] Waiting to acquire shared lock on daemon addresses registry.
19:58:11.375 [DEBUG] [org.gradle.cache.internal.DefaultFileLockManager] Lock acquired.
19:58:11.376 [DEBUG] [org.gradle.cache.internal.DefaultFileLockManager] Releasing lock on daemon addresses registry.
19:59:11.374 [DEBUG] [org.gradle.launcher.daemon.server.Daemon] DaemonExpirationPeriodicCheck running
19:59:11.375 [DEBUG] [org.gradle.launcher.daemon.server.health.DaemonStatus] GC rate: 0.0/s
19:59:11.375 [DEBUG] [org.gradle.cache.internal.DefaultFileLockManager] Waiting to acquire shared lock on daemon addresses registry.
19:59:11.375 [DEBUG] [org.gradle.cache.internal.DefaultFileLockManager] Lock acquired.
19:59:11.376 [DEBUG] [org.gradle.cache.internal.DefaultFileLockManager] Releasing lock on daemon addresses registry.
20:00:11.374 [DEBUG] [org.gradle.launcher.daemon.server.Daemon] DaemonExpirationPeriodicCheck running
20:00:11.375 [DEBUG] [org.gradle.launcher.daemon.server.health.DaemonStatus] GC rate: 0.0/s
20:00:11.375 [DEBUG] [org.gradle.cache.internal.DefaultFileLockManager] Waiting to acquire shared lock on daemon addresses registry.
20:00:11.375 [DEBUG] [org.gradle.cache.internal.DefaultFileLockManager] Lock acquired.
20:00:11.376 [DEBUG] [org.gradle.cache.internal.DefaultFileLockManager] Releasing lock on daemon addresses registry.
20:01:11.374 [DEBUG] [org.gradle.launcher.daemon.server.Daemon] DaemonExpirationPeriodicCheck running
20:01:11.375 [DEBUG] [org.gradle.launcher.daemon.server.health.DaemonStatus] GC rate: 0.0/s
20:01:11.375 [DEBUG] [org.gradle.cache.internal.DefaultFileLockManager] Waiting to acquire shared lock on daemon addresses registry.
20:01:11.375 [DEBUG] [org.gradle.cache.internal.DefaultFileLockManager] Lock acquired.
20:01:11.376 [DEBUG] [org.gradle.cache.internal.DefaultFileLockManager] Releasing lock on daemon addresses registry.
20:01:23.999 [DEBUG] [org.gradle.internal.remote.internal.inet.TcpIncomingConnector] Accepted connection from /0:0:0:0:0:0:0:1:45694 to /0:0:0:0:0:0:0:1:34149.
20:01:24.036 [DEBUG] [org.gradle.launcher.daemon.server.SynchronizedDispatchConnection] thread 35: received class org.gradle.launcher.daemon.protocol.Build
20:01:24.036 [DEBUG] [org.gradle.launcher.daemon.server.DefaultDaemonConnection] thread 35: Received non-IO message from client: Build{id=e862408f-369a-4a30-bbb8-d199bfbbb817.1, currentDir=/home/zcy}
20:01:24.036 [INFO] [org.gradle.launcher.daemon.server.DefaultIncomingConnectionHandler] Received command: Build{id=e862408f-369a-4a30-bbb8-d199bfbbb817.1, currentDir=/home/zcy}.
20:01:24.036 [DEBUG] [org.gradle.launcher.daemon.server.DefaultIncomingConnectionHandler] Starting executing command: Build{id=e862408f-369a-4a30-bbb8-d199bfbbb817.1, currentDir=/home/zcy} with connection: socket connection from /0:0:0:0:0:0:0:1:34149 to /0:0:0:0:0:0:0:1:45694.
20:01:24.037 [DEBUG] [org.gradle.launcher.daemon.server.DaemonStateCoordinator] Command execution: started DaemonCommandExecution[command = Build{id=e862408f-369a-4a30-bbb8-d199bfbbb817.1, currentDir=/home/zcy}, connection = org.gradle.launcher.daemon.server.DefaultDaemonConnection@5e07f73] after 6.0 minutes of idle
20:01:24.037 [INFO] [org.gradle.launcher.daemon.server.DomainRegistryUpdater] Marking the daemon as busy, address: [243bd658-ded9-4f29-a106-097bb9194b52 port:34149, addresses:[/0:0:0:0:0:0:0:1%lo, /127.0.0.1]]
20:01:24.037 [DEBUG] [org.gradle.launcher.daemon.registry.PersistentDaemonRegistry] Marking busy by address: [243bd658-ded9-4f29-a106-097bb9194b52 port:34149, addresses:[/0:0:0:0:0:0:0:1%lo, /127.0.0.1]]
20:01:24.037 [DEBUG] [org.gradle.cache.internal.DefaultFileLockManager] Waiting to acquire exclusive lock on daemon addresses registry.
20:01:24.037 [DEBUG] [org.gradle.cache.internal.DefaultFileLockManager] Lock acquired.
20:01:24.039 [DEBUG] [org.gradle.cache.internal.DefaultFileLockManager] Releasing lock on daemon addresses registry.
20:01:24.039 [DEBUG] [org.gradle.launcher.daemon.server.DaemonStateCoordinator] updating lastActivityAt to 1477310484039
20:01:24.040 [DEBUG] [org.gradle.launcher.daemon.server.DaemonStateCoordinator] daemon is running. Sleeping until state changes.
20:01:24.042 [INFO] [org.gradle.launcher.daemon.server.exec.StartBuildOrRespondWithBusy] Daemon is about to start building Build{id=e862408f-369a-4a30-bbb8-d199bfbbb817.1, currentDir=/home/zcy}. Dispatching build started information...
20:01:24.042 [DEBUG] [org.gradle.launcher.daemon.server.SynchronizedDispatchConnection] thread 37: dispatching class org.gradle.launcher.daemon.protocol.BuildStarted
20:01:24.046 [DEBUG] [org.gradle.launcher.daemon.server.exec.EstablishBuildEnvironment] Configuring env variables: {PATH=/home/zcy/dev/gradle-2.14.1/bin:/home/zcy/dev/jdk1.8.0_60/bin:/usr/local/sbin:/usr/local/bin:/usr/sbin:/usr/bin:/sbin:/bin:/usr/games:/usr/local/games, XAUTHORITY=/home/zcy/.Xauthority, XMODIFIERS=@im=fcitx, XDG_DATA_DIRS=/usr/share/ubuntu:/usr/share/gnome:/usr/local/share/:/usr/share/, GDMSESSION=ubuntu, MANDATORY_PATH=/usr/share/gconf/ubuntu.mandatory.path, TEXTDOMAINDIR=/usr/share/locale/, GTK_IM_MODULE=fcitx, DBUS_SESSION_BUS_ADDRESS=unix:abstract=/tmp/dbus-UYxNfGQMgW, DEFAULTS_PATH=/usr/share/gconf/ubuntu.default.path, XDG_CURRENT_DESKTOP=Unity, COLORTERM=gnome-terminal, QT4_IM_MODULE=fcitx, UPSTART_SESSION=unix:abstract=/com/ubuntu/upstart-session/1000/1751, LOGNAME=zcy, PWD=/home/zcy, JOB=gnome-session, IM_CONFIG_PHASE=1, LANGUAGE=zh_CN:zh, WINDOWID=65011724, LESSOPEN=| /usr/bin/lesspipe %s, SHELL=/bin/bash, INSTANCE=Unity, UPSTART_INSTANCE=, GNOME_DESKTOP_SESSION_ID=this-is-deprecated, GTK_MODULES=overlay-scrollbar:unity-gtk-module, CLUTTER_IM_MODULE=xim, TEXTDOMAIN=im-config, XDG_SESSION_PATH=/org/freedesktop/DisplayManager/Session0, SESSIONTYPE=gnome-session, LS_COLORS=rs=0:di=01;34:ln=01;36:mh=00:pi=40;33:so=01;35:do=01;35:bd=40;33;01:cd=40;33;01:or=40;31;01:su=37;41:sg=30;43:ca=30;41:tw=30;42:ow=34;42:st=37;44:ex=01;32:*.tar=01;31:*.tgz=01;31:*.arj=01;31:*.taz=01;31:*.lzh=01;31:*.lzma=01;31:*.tlz=01;31:*.txz=01;31:*.zip=01;31:*.z=01;31:*.Z=01;31:*.dz=01;31:*.gz=01;31:*.lz=01;31:*.xz=01;31:*.bz2=01;31:*.bz=01;31:*.tbz=01;31:*.tbz2=01;31:*.tz=01;31:*.deb=01;31:*.rpm=01;31:*.jar=01;31:*.war=01;31:*.ear=01;31:*.sar=01;31:*.rar=01;31:*.ace=01;31:*.zoo=01;31:*.cpio=01;31:*.7z=01;31:*.rz=01;31:*.jpg=01;35:*.jpeg=01;35:*.gif=01;35:*.bmp=01;35:*.pbm=01;35:*.pgm=01;35:*.ppm=01;35:*.tga=01;35:*.xbm=01;35:*.xpm=01;35:*.tif=01;35:*.tiff=01;35:*.png=01;35:*.svg=01;35:*.svgz=01;35:*.mng=01;35:*.pcx=01;35:*.mov=01;35:*.mpg=01;35:*.mpeg=01;35:*.m2v=01;35:*.mkv=01;35:*.webm=01;35:*.ogm=01;35:*.mp4=01;35:*.m4v=01;35:*.mp4v=01;35:*.vob=01;35:*.qt=01;35:*.nuv=01;35:*.wmv=01;35:*.asf=01;35:*.rm=01;35:*.rmvb=01;35:*.flc=01;35:*.avi=01;35:*.fli=01;35:*.flv=01;35:*.gl=01;35:*.dl=01;35:*.xcf=01;35:*.xwd=01;35:*.yuv=01;35:*.cgm=01;35:*.emf=01;35:*.axv=01;35:*.anx=01;35:*.ogv=01;35:*.ogx=01;35:*.aac=00;36:*.au=00;36:*.flac=00;36:*.mid=00;36:*.midi=00;36:*.mka=00;36:*.mp3=00;36:*.mpc=00;36:*.ogg=00;36:*.ra=00;36:*.wav=00;36:*.axa=00;36:*.oga=00;36:*.spx=00;36:*.xspf=00;36:, SHLVL=1, LESSCLOSE=/usr/bin/lesspipe %s %s, OXYGEN_DISABLE_INNER_SHADOWS_HACK=1, COMPIZ_CONFIG_PROFILE=ubuntu, UPSTART_JOB=unity-settings-daemon, QT_IM_MODULE=xim, JAVA_HOME=/home/zcy/dev/jdk1.8.0_60, TERM=xterm, XFILESEARCHPATH=/usr/dt/app-defaults/%L/Dt, XDG_CONFIG_DIRS=/etc/xdg/xdg-ubuntu:/usr/share/upstart/xdg:/etc/xdg, LANG=zh_CN.UTF-8, XDG_SEAT_PATH=/org/freedesktop/DisplayManager/Seat0, GNOME_KEYRING_CONTROL=/run/user/1000/keyring-UEUagB, XDG_SESSION_ID=c2, GRADLE_HOME=/home/zcy/dev/gradle-2.14.1, SELINUX_INIT=YES, DISPLAY=:0, _=/usr/bin/nohup, GDM_LANG=zh_CN, XDG_GREETER_DATA_DIR=/var/lib/lightdm-data/zcy, LIBOVERLAY_SCROLLBAR=0, UPSTART_EVENTS=started starting, GDK_CORE_DEVICE_EVENTS=1, DESKTOP_SESSION=ubuntu, GPG_AGENT_INFO=/run/user/1000/keyring-UEUagB/gpg:0:1, USER=zcy, VTE_VERSION=3409, XDG_SEAT=seat0, SSH_AUTH_SOCK=/run/user/1000/keyring-UEUagB/ssh, NLSPATH=/usr/dt/lib/nls/msg/%L/%N.cat, QT_QPA_PLATFORMTHEME=appmenu-qt5, XDG_RUNTIME_DIR=/run/user/1000, XDG_VTNR=7, HOME=/home/zcy, GNOME_KEYRING_PID=1749}
20:01:24.048 [DEBUG] [org.gradle.launcher.daemon.server.exec.LogToClient] About to start relaying all logs to the client via the connection.
20:01:24.048 [INFO] [org.gradle.launcher.daemon.server.exec.LogToClient] The client will now receive all logging from the daemon (pid: 20233). The daemon log file: /home/zcy/dev/gradle_user_dir/daemon/2.14.1/daemon-20233.out.log
20:01:24.048 [INFO] [org.gradle.launcher.daemon.server.health.DaemonHealthTracker] Starting 4th build in daemon [uptime: 1 hrs 3 mins 12.761 secs, performance: 100%, no major garbage collections]
20:01:24.049 [DEBUG] [org.gradle.launcher.daemon.server.exec.ExecuteBuild] The daemon has started executing the build.
20:01:24.049 [INFO] [org.gradle.launcher.daemon.server.exec.ExecuteBuild] Executing build with daemon context: DefaultDaemonContext[uid=b70f1df7-d7cc-438c-8767-ea59015f57a6,javaHome=/home/zcy/dev/jdk1.8.0_60,daemonRegistryDir=/home/zcy/dev/gradle_user_dir/daemon,pid=20233,idleTimeout=10800000,daemonOpts=-XX:MaxPermSize=256m,-XX:+HeapDumpOnOutOfMemoryError,-Xmx1024m,-Dfile.encoding=UTF-8,-Duser.country=CN,-Duser.language=zh,-Duser.variant]
20:01:24.052 [DEBUG] [org.gradle.launcher.daemon.server.SynchronizedDispatchConnection] thread 35: received class org.gradle.launcher.daemon.protocol.CloseInput
20:01:24.052 [DEBUG] [org.gradle.launcher.daemon.server.DefaultDaemonConnection] thread 35: Received IO message from client: org.gradle.launcher.daemon.protocol.CloseInput@69358a65
20:01:24.052 [INFO] [org.gradle.launcher.daemon.server.exec.ForwardClientInput] Closing daemon's stdin at end of input.

CONFIGURE SUCCESSFUL

Total time: 0.729 secs
Download https://repo1.maven.org/maven2/org/springframework/session/spring-session/1.2.1.RELEASE/spring-session-1.2.1.RELEASE-sources.jar
Download https://repo1.maven.org/maven2/org/springframework/data/spring-data-redis/1.7.2.RELEASE/spring-data-redis-1.7.2.RELEASE-sources.jar
Download https://repo1.maven.org/maven2/org/springframework/data/spring-data-keyvalue/1.1.2.RELEASE/spring-data-keyvalue-1.1.2.RELEASE-sources.jar
Download https://repo1.maven.org/maven2/org/slf4j/slf4j-api/1.7.21/slf4j-api-1.7.21-sources.jar
Download https://repo1.maven.org/maven2/org/slf4j/jcl-over-slf4j/1.7.21/jcl-over-slf4j-1.7.21-sources.jar
Download https://repo1.maven.org/maven2/dom4j/dom4j/1.6.1/dom4j-1.6.1-sources.jar
Download https://repo1.maven.org/maven2/org/springframework/data/spring-data-commons/1.12.2.RELEASE/spring-data-commons-1.12.2.RELEASE-sources.jar
Download https://repo1.maven.org/maven2/xml-apis/xml-apis/1.0.b2/xml-apis-1.0.b2-sources.jar
Download https://repo1.maven.org/maven2/org/springframework/spring-tx/4.2.6.RELEASE/spring-tx-4.2.6.RELEASE-sources.jar
Download https://repo1.maven.org/maven2/org/springframework/spring-context/4.2.6.RELEASE/spring-context-4.2.6.RELEASE-sources.jar
Download https://repo1.maven.org/maven2/org/springframework/spring-oxm/4.2.6.RELEASE/spring-oxm-4.2.6.RELEASE-sources.jar
Download https://repo1.maven.org/maven2/org/springframework/spring-aop/4.2.6.RELEASE/spring-aop-4.2.6.RELEASE-sources.jar
Download https://repo1.maven.org/maven2/org/springframework/spring-context-support/4.2.6.RELEASE/spring-context-support-4.2.6.RELEASE-sources.jar
Download https://repo1.maven.org/maven2/org/springframework/spring-beans/4.2.6.RELEASE/spring-beans-4.2.6.RELEASE-sources.jar
Download https://repo1.maven.org/maven2/org/springframework/spring-core/4.2.6.RELEASE/spring-core-4.2.6.RELEASE-sources.jar
Download https://repo1.maven.org/maven2/org/springframework/spring-expression/4.2.6.RELEASE/spring-expression-4.2.6.RELEASE-sources.jar
Download https://repo1.maven.org/maven2/org/apache/poi/poi/3.14/poi-3.14-sources.jar
Download https://repo1.maven.org/maven2/org/apache/poi/poi-ooxml/3.14/poi-ooxml-3.14-sources.jar
Download https://repo1.maven.org/maven2/commons-net/commons-net/3.5/commons-net-3.5-sources.jar
Download https://repo1.maven.org/maven2/commons-codec/commons-codec/1.10/commons-codec-1.10-sources.jar
Download https://repo1.maven.org/maven2/com/github/virtuald/curvesapi/1.03/curvesapi-1.03-sources.jar
20:08:16.433 [DEBUG] [org.gradle.cache.internal.DefaultCacheAccess] Cache Generated Gradle JARs cache (/home/zcy/dev/gradle_user_dir/caches/2.14.1/generated-gradle-jars) was closed 0 times.
20:08:16.433 [DEBUG] [org.gradle.cache.internal.btree.BTreePersistentIndexedCache] Closing cache module-versions.bin (/home/zcy/dev/gradle_user_dir/caches/modules-2/metadata-2.16/module-versions.bin)
20:08:16.433 [DEBUG] [org.gradle.cache.internal.btree.BTreePersistentIndexedCache] Closing cache module-metadata.bin (/home/zcy/dev/gradle_user_dir/caches/modules-2/metadata-2.16/module-metadata.bin)
20:08:16.433 [DEBUG] [org.gradle.cache.internal.btree.BTreePersistentIndexedCache] Closing cache module-artifacts.bin (/home/zcy/dev/gradle_user_dir/caches/modules-2/metadata-2.16/module-artifacts.bin)
20:08:16.434 [DEBUG] [org.gradle.cache.internal.btree.BTreePersistentIndexedCache] Closing cache artifact-at-repository.bin (/home/zcy/dev/gradle_user_dir/caches/modules-2/metadata-2.16/artifact-at-repository.bin)
20:08:16.434 [DEBUG] [org.gradle.cache.internal.btree.BTreePersistentIndexedCache] Closing cache artifact-at-url.bin (/home/zcy/dev/gradle_user_dir/caches/modules-2/metadata-2.16/artifact-at-url.bin)
20:08:16.434 [DEBUG] [org.gradle.cache.internal.DefaultFileLockManager] Releasing lock on artifact cache (/home/zcy/dev/gradle_user_dir/caches/modules-2).
20:08:16.437 [DEBUG] [org.gradle.api.internal.artifacts.ivyservice.resolveengine.store.CachedStoreFactory] Resolution result cache closed. Cache reads: 0, disk reads: 0 (avg: 0.0 secs, total: 0.0 secs)
20:08:16.437 [DEBUG] [org.gradle.api.internal.artifacts.ivyservice.resolveengine.store.CachedStoreFactory] Resolution result cache closed. Cache reads: 138, disk reads: 68 (avg: 0.001 secs, total: 0.069 secs)
20:08:16.438 [DEBUG] [org.gradle.api.internal.artifacts.ivyservice.resolveengine.store.ResolutionResultsStoreFactory] Deleted 2 resolution results binary files in 0.004 secs
20:08:16.438 [DEBUG] [org.gradle.api.internal.artifacts.ivyservice.ivyresolve.memcache.InMemoryCachedRepositoryFactory] In-memory dependency metadata cache closed. Repos cached: 157, cache instances: 1, modules served from cache: 4824, artifacts: 4134
20:08:16.438 [DEBUG] [org.gradle.cache.internal.DefaultCacheAccess] Cache Plugin Resolution Cache (/home/zcy/dev/gradle_user_dir/caches/2.14.1/plugin-resolution) was closed 0 times.
20:08:16.438 [DEBUG] [org.gradle.api.internal.tasks.compile.daemon.CompilerDaemonManager] Stopping 0 compiler daemon(s).
20:08:16.438 [INFO] [org.gradle.api.internal.tasks.compile.daemon.CompilerDaemonManager] Stopped 0 compiler daemon(s).
20:08:16.438 [DEBUG] [org.gradle.cache.internal.DefaultCacheAccess] Cache jars (/home/zcy/dev/gradle_user_dir/caches/jars-1) was closed 0 times.
20:08:16.438 [DEBUG] [org.gradle.launcher.daemon.server.exec.ExecuteBuild] The daemon has finished executing the build.
20:08:16.439 [DEBUG] [org.gradle.launcher.daemon.server.health.DaemonStatus] GC rate: 0.0/s
20:08:16.675 [DEBUG] [org.gradle.launcher.daemon.server.DaemonStateCoordinator] daemon is running. Sleeping until state changes.
20:08:16.676 [DEBUG] [org.gradle.launcher.daemon.server.DaemonStateCoordinator] Command execution: finished waiting for DaemonCommandExecution[command = Build{id=e862408f-369a-4a30-bbb8-d199bfbbb817.1, currentDir=/home/zcy}, connection = org.gradle.launcher.daemon.server.DefaultDaemonConnection@5e07f73]. Result org.gradle.launcher.daemon.server.DaemonStateCoordinator@2ec96ebd with state Running
20:08:16.676 [DEBUG] [org.gradle.launcher.daemon.server.DaemonStateCoordinator] Command execution: completed DaemonCommandExecution[command = Build{id=e862408f-369a-4a30-bbb8-d199bfbbb817.1, currentDir=/home/zcy}, connection = org.gradle.launcher.daemon.server.DefaultDaemonConnection@5e07f73]
20:08:16.676 [DEBUG] [org.gradle.launcher.daemon.server.DaemonStateCoordinator] updating lastActivityAt to 1477310896676
20:08:16.676 [INFO] [org.gradle.launcher.daemon.server.DomainRegistryUpdater] Marking the daemon as idle, address: [243bd658-ded9-4f29-a106-097bb9194b52 port:34149, addresses:[/0:0:0:0:0:0:0:1%lo, /127.0.0.1]]
20:08:16.676 [DEBUG] [org.gradle.launcher.daemon.registry.PersistentDaemonRegistry] Marking idle by address: [243bd658-ded9-4f29-a106-097bb9194b52 port:34149, addresses:[/0:0:0:0:0:0:0:1%lo, /127.0.0.1]]
20:08:16.676 [DEBUG] [org.gradle.cache.internal.DefaultFileLockManager] Waiting to acquire exclusive lock on daemon addresses registry.
20:08:16.676 [DEBUG] [org.gradle.cache.internal.DefaultFileLockManager] Lock acquired.
20:08:16.678 [DEBUG] [org.gradle.cache.internal.DefaultFileLockManager] Releasing lock on daemon addresses registry.
20:08:16.678 [DEBUG] [org.gradle.launcher.daemon.server.exec.ReturnResult] Daemon is dispatching the build result: Success[value=org.gradle.tooling.internal.provider.BuildActionResult@41578577]
20:08:16.679 [DEBUG] [org.gradle.launcher.daemon.server.SynchronizedDispatchConnection] thread 34: dispatching class org.gradle.launcher.daemon.protocol.Success
20:08:16.680 [DEBUG] [org.gradle.launcher.daemon.server.DaemonStateCoordinator] daemon is running. Sleeping until state changes.
20:08:16.686 [DEBUG] [org.gradle.launcher.daemon.server.SynchronizedDispatchConnection] thread 35: received class org.gradle.launcher.daemon.protocol.Finished
20:08:16.686 [DEBUG] [org.gradle.launcher.daemon.server.DefaultDaemonConnection] thread 35: Received non-IO message from client: org.gradle.launcher.daemon.protocol.Finished@4ad2ed2f
20:08:16.687 [DEBUG] [org.gradle.internal.remote.internal.inet.SocketConnection] Discarding EOFException: java.io.EOFException
20:08:16.687 [DEBUG] [org.gradle.launcher.daemon.server.SynchronizedDispatchConnection] thread 35: received null
20:08:16.687 [DEBUG] [org.gradle.launcher.daemon.server.DefaultDaemonConnection] thread 35: Received end-of-input from client.
20:08:16.688 [DEBUG] [org.gradle.launcher.daemon.server.DefaultIncomingConnectionHandler] Finishing executing command: Build{id=e862408f-369a-4a30-bbb8-d199bfbbb817.1, currentDir=/home/zcy}
20:08:16.688 [DEBUG] [org.gradle.launcher.daemon.server.DefaultIncomingConnectionHandler] Received finished message: null
20:08:16.688 [DEBUG] [org.gradle.launcher.daemon.server.SynchronizedDispatchConnection] thread 34: stopping connection
20:08:16.689 [DEBUG] [org.gradle.launcher.daemon.server.SynchronizedDispatchConnection] thread 34: stopping connection
20:09:11.374 [DEBUG] [org.gradle.launcher.daemon.server.Daemon] DaemonExpirationPeriodicCheck running
20:09:11.375 [DEBUG] [org.gradle.launcher.daemon.server.health.DaemonStatus] GC rate: 0.0/s
20:09:11.375 [DEBUG] [org.gradle.cache.internal.DefaultFileLockManager] Waiting to acquire shared lock on daemon addresses registry.
20:09:11.375 [DEBUG] [org.gradle.cache.internal.DefaultFileLockManager] Lock acquired.
20:09:11.376 [DEBUG] [org.gradle.cache.internal.DefaultFileLockManager] Releasing lock on daemon addresses registry.
20:09:11.423 [DEBUG] [org.gradle.launcher.daemon.registry.PersistentDaemonRegistry] Removing daemon address: [243bd658-ded9-4f29-a106-097bb9194b52 port:34149, addresses:[/0:0:0:0:0:0:0:1%lo, /127.0.0.1]]
Daemon vm is shutting down... The daemon has exited normally or was terminated in response to a user interrupt.
20:09:11.424 [DEBUG] [org.gradle.cache.internal.DefaultFileLockManager] Waiting to acquire exclusive lock on daemon addresses registry.
20:09:11.425 [DEBUG] [org.gradle.cache.internal.DefaultFileLockManager] Lock acquired.
20:09:11.426 [DEBUG] [org.gradle.cache.internal.DefaultFileLockManager] Releasing lock on daemon addresses registry.
