17:24:12.266 [INFO] [org.gradle.launcher.daemon.server.Daemon] start() called on daemon - DefaultDaemonContext[uid=45d2ec06-01d5-4d9e-9be5-0f03c76e5c4e,javaHome=/home/zcy/dev/jdk1.8.0_60,daemonRegistryDir=/home/zcy/dev/gradle_user_dir/daemon,pid=14462,idleTimeout=10800000,daemonOpts=-XX:MaxPermSize=256m,-XX:+HeapDumpOnOutOfMemoryError,-Xmx1024m,-Dfile.encoding=UTF-8,-Duser.country=CN,-Duser.language=zh,-Duser.variant]
17:24:12.269 [DEBUG] [org.gradle.launcher.daemon.server.DaemonStateCoordinator] updating lastActivityAt to 1477387452269
17:24:12.278 [DEBUG] [org.gradle.internal.remote.internal.inet.InetAddressFactory] Adding IP addresses for network interface wlan0
17:24:12.279 [DEBUG] [org.gradle.internal.remote.internal.inet.InetAddressFactory] Is this a loopback interface? false
17:24:12.279 [DEBUG] [org.gradle.internal.remote.internal.inet.InetAddressFactory] Is this a multicast interface? true
17:24:12.279 [DEBUG] [org.gradle.internal.remote.internal.inet.InetAddressFactory] Adding remote address /fe80:0:0:0:a6db:30ff:fef5:30a4%wlan0
17:24:12.280 [DEBUG] [org.gradle.internal.remote.internal.inet.InetAddressFactory] Adding remote address /192.168.18.176
17:24:12.281 [DEBUG] [org.gradle.internal.remote.internal.inet.InetAddressFactory] Adding remote multicast interface wlan0
17:24:12.281 [DEBUG] [org.gradle.internal.remote.internal.inet.InetAddressFactory] Adding IP addresses for network interface lo
17:24:12.282 [DEBUG] [org.gradle.internal.remote.internal.inet.InetAddressFactory] Is this a loopback interface? true
17:24:12.282 [DEBUG] [org.gradle.internal.remote.internal.inet.InetAddressFactory] Is this a multicast interface? false
17:24:12.282 [DEBUG] [org.gradle.internal.remote.internal.inet.InetAddressFactory] Adding loopback address /0:0:0:0:0:0:0:1%lo
17:24:12.283 [DEBUG] [org.gradle.internal.remote.internal.inet.InetAddressFactory] Adding loopback address /127.0.0.1
17:24:12.287 [DEBUG] [org.gradle.internal.remote.internal.inet.TcpIncomingConnector] Listening on [3e5799ae-56c7-45aa-ab4c-392965329c72 port:47337, addresses:[/0:0:0:0:0:0:0:1%lo, /127.0.0.1]].
17:24:12.291 [DEBUG] [org.gradle.launcher.daemon.server.Daemon] Daemon starting at: Tue Oct 25 17:24:12 CST 2016, with address: [3e5799ae-56c7-45aa-ab4c-392965329c72 port:47337, addresses:[/0:0:0:0:0:0:0:1%lo, /127.0.0.1]]
17:24:12.292 [INFO] [org.gradle.launcher.daemon.server.DomainRegistryUpdater] Advertising the daemon address to the clients: [3e5799ae-56c7-45aa-ab4c-392965329c72 port:47337, addresses:[/0:0:0:0:0:0:0:1%lo, /127.0.0.1]]
17:24:12.293 [DEBUG] [org.gradle.launcher.daemon.server.DomainRegistryUpdater] Advertised daemon context: DefaultDaemonContext[uid=45d2ec06-01d5-4d9e-9be5-0f03c76e5c4e,javaHome=/home/zcy/dev/jdk1.8.0_60,daemonRegistryDir=/home/zcy/dev/gradle_user_dir/daemon,pid=14462,idleTimeout=10800000,daemonOpts=-XX:MaxPermSize=256m,-XX:+HeapDumpOnOutOfMemoryError,-Xmx1024m,-Dfile.encoding=UTF-8,-Duser.country=CN,-Duser.language=zh,-Duser.variant]
17:24:12.294 [DEBUG] [org.gradle.launcher.daemon.registry.PersistentDaemonRegistry] Storing daemon address: [3e5799ae-56c7-45aa-ab4c-392965329c72 port:47337, addresses:[/0:0:0:0:0:0:0:1%lo, /127.0.0.1]], context: DefaultDaemonContext[uid=45d2ec06-01d5-4d9e-9be5-0f03c76e5c4e,javaHome=/home/zcy/dev/jdk1.8.0_60,daemonRegistryDir=/home/zcy/dev/gradle_user_dir/daemon,pid=14462,idleTimeout=10800000,daemonOpts=-XX:MaxPermSize=256m,-XX:+HeapDumpOnOutOfMemoryError,-Xmx1024m,-Dfile.encoding=UTF-8,-Duser.country=CN,-Duser.language=zh,-Duser.variant]
17:24:12.302 [DEBUG] [org.gradle.cache.internal.DefaultFileLockManager] Waiting to acquire exclusive lock on daemon addresses registry.
17:24:12.304 [DEBUG] [org.gradle.cache.internal.DefaultFileLockManager] Lock acquired.
17:24:12.331 [DEBUG] [org.gradle.cache.internal.DefaultFileLockManager] Releasing lock on daemon addresses registry.
17:24:12.332 [LIFECYCLE] [org.gradle.launcher.daemon.server.Daemon] Daemon server started.
17:24:12.334 [DEBUG] [org.gradle.launcher.daemon.bootstrap.DaemonStartupCommunication] Completed writing the daemon greeting. Closing streams...
17:24:12.339 [DEBUG] [org.gradle.launcher.daemon.server.Daemon] stopOnExpiration() called on daemon
17:24:12.340 [DEBUG] [org.gradle.launcher.daemon.server.Daemon] awaitExpiration() called on daemon
17:24:12.340 [DEBUG] [org.gradle.launcher.daemon.server.DaemonStateCoordinator] daemon is running. Sleeping until state changes.
17:24:12.349 [DEBUG] [org.gradle.internal.remote.internal.inet.TcpIncomingConnector] Accepted connection from /0:0:0:0:0:0:0:1:35798 to /0:0:0:0:0:0:0:1:47337.
17:24:12.419 [DEBUG] [org.gradle.launcher.daemon.server.SynchronizedDispatchConnection] thread 15: received class org.gradle.launcher.daemon.protocol.Build
17:24:12.419 [DEBUG] [org.gradle.launcher.daemon.server.DefaultDaemonConnection] thread 15: Received non-IO message from client: Build{id=3f134060-f8c2-415b-8c5f-d5ea40eeb516.1, currentDir=/home/zcy}
17:24:12.420 [INFO] [org.gradle.launcher.daemon.server.DefaultIncomingConnectionHandler] Received command: Build{id=3f134060-f8c2-415b-8c5f-d5ea40eeb516.1, currentDir=/home/zcy}.
17:24:12.421 [DEBUG] [org.gradle.launcher.daemon.server.DefaultIncomingConnectionHandler] Starting executing command: Build{id=3f134060-f8c2-415b-8c5f-d5ea40eeb516.1, currentDir=/home/zcy} with connection: socket connection from /0:0:0:0:0:0:0:1:47337 to /0:0:0:0:0:0:0:1:35798.
17:24:12.438 [DEBUG] [org.gradle.launcher.daemon.server.DaemonStateCoordinator] Command execution: started DaemonCommandExecution[command = Build{id=3f134060-f8c2-415b-8c5f-d5ea40eeb516.1, currentDir=/home/zcy}, connection = org.gradle.launcher.daemon.server.DefaultDaemonConnection@23f0bff4] after 0.0 minutes of idle
17:24:12.439 [INFO] [org.gradle.launcher.daemon.server.DomainRegistryUpdater] Marking the daemon as busy, address: [3e5799ae-56c7-45aa-ab4c-392965329c72 port:47337, addresses:[/0:0:0:0:0:0:0:1%lo, /127.0.0.1]]
17:24:12.439 [DEBUG] [org.gradle.launcher.daemon.registry.PersistentDaemonRegistry] Marking busy by address: [3e5799ae-56c7-45aa-ab4c-392965329c72 port:47337, addresses:[/0:0:0:0:0:0:0:1%lo, /127.0.0.1]]
17:24:12.440 [DEBUG] [org.gradle.cache.internal.DefaultFileLockManager] Waiting to acquire exclusive lock on daemon addresses registry.
17:24:12.440 [DEBUG] [org.gradle.cache.internal.DefaultFileLockManager] Lock acquired.
17:24:12.445 [DEBUG] [org.gradle.cache.internal.DefaultFileLockManager] Releasing lock on daemon addresses registry.
17:24:12.445 [DEBUG] [org.gradle.launcher.daemon.server.DaemonStateCoordinator] updating lastActivityAt to 1477387452445
17:24:12.446 [DEBUG] [org.gradle.launcher.daemon.server.DaemonStateCoordinator] daemon is running. Sleeping until state changes.
17:24:12.446 [INFO] [org.gradle.launcher.daemon.server.exec.StartBuildOrRespondWithBusy] Daemon is about to start building Build{id=3f134060-f8c2-415b-8c5f-d5ea40eeb516.1, currentDir=/home/zcy}. Dispatching build started information...
17:24:12.447 [DEBUG] [org.gradle.launcher.daemon.server.SynchronizedDispatchConnection] thread 17: dispatching class org.gradle.launcher.daemon.protocol.BuildStarted
17:24:12.451 [DEBUG] [org.gradle.launcher.daemon.server.exec.EstablishBuildEnvironment] Configuring env variables: {PATH=/home/zcy/dev/gradle-2.14.1/bin:/home/zcy/dev/jdk1.8.0_60/bin:/usr/local/sbin:/usr/local/bin:/usr/sbin:/usr/bin:/sbin:/bin:/usr/games:/usr/local/games, XAUTHORITY=/home/zcy/.Xauthority, XMODIFIERS=@im=fcitx, XDG_DATA_DIRS=/usr/share/ubuntu:/usr/share/gnome:/usr/local/share/:/usr/share/, GDMSESSION=ubuntu, MANDATORY_PATH=/usr/share/gconf/ubuntu.mandatory.path, TEXTDOMAINDIR=/usr/share/locale/, GTK_IM_MODULE=fcitx, DBUS_SESSION_BUS_ADDRESS=unix:abstract=/tmp/dbus-NTluT5lslm, DEFAULTS_PATH=/usr/share/gconf/ubuntu.default.path, XDG_CURRENT_DESKTOP=Unity, COLORTERM=gnome-terminal, QT4_IM_MODULE=fcitx, UPSTART_SESSION=unix:abstract=/com/ubuntu/upstart-session/1000/1769, LOGNAME=zcy, PWD=/home/zcy, JOB=gnome-session, IM_CONFIG_PHASE=1, LANGUAGE=zh_CN:zh, WINDOWID=73400423, LESSOPEN=| /usr/bin/lesspipe %s, SHELL=/bin/bash, INSTANCE=Unity, UPSTART_INSTANCE=, GNOME_DESKTOP_SESSION_ID=this-is-deprecated, GTK_MODULES=overlay-scrollbar:unity-gtk-module, CLUTTER_IM_MODULE=xim, TEXTDOMAIN=im-config, XDG_SESSION_PATH=/org/freedesktop/DisplayManager/Session0, SESSIONTYPE=gnome-session, LS_COLORS=rs=0:di=01;34:ln=01;36:mh=00:pi=40;33:so=01;35:do=01;35:bd=40;33;01:cd=40;33;01:or=40;31;01:su=37;41:sg=30;43:ca=30;41:tw=30;42:ow=34;42:st=37;44:ex=01;32:*.tar=01;31:*.tgz=01;31:*.arj=01;31:*.taz=01;31:*.lzh=01;31:*.lzma=01;31:*.tlz=01;31:*.txz=01;31:*.zip=01;31:*.z=01;31:*.Z=01;31:*.dz=01;31:*.gz=01;31:*.lz=01;31:*.xz=01;31:*.bz2=01;31:*.bz=01;31:*.tbz=01;31:*.tbz2=01;31:*.tz=01;31:*.deb=01;31:*.rpm=01;31:*.jar=01;31:*.war=01;31:*.ear=01;31:*.sar=01;31:*.rar=01;31:*.ace=01;31:*.zoo=01;31:*.cpio=01;31:*.7z=01;31:*.rz=01;31:*.jpg=01;35:*.jpeg=01;35:*.gif=01;35:*.bmp=01;35:*.pbm=01;35:*.pgm=01;35:*.ppm=01;35:*.tga=01;35:*.xbm=01;35:*.xpm=01;35:*.tif=01;35:*.tiff=01;35:*.png=01;35:*.svg=01;35:*.svgz=01;35:*.mng=01;35:*.pcx=01;35:*.mov=01;35:*.mpg=01;35:*.mpeg=01;35:*.m2v=01;35:*.mkv=01;35:*.webm=01;35:*.ogm=01;35:*.mp4=01;35:*.m4v=01;35:*.mp4v=01;35:*.vob=01;35:*.qt=01;35:*.nuv=01;35:*.wmv=01;35:*.asf=01;35:*.rm=01;35:*.rmvb=01;35:*.flc=01;35:*.avi=01;35:*.fli=01;35:*.flv=01;35:*.gl=01;35:*.dl=01;35:*.xcf=01;35:*.xwd=01;35:*.yuv=01;35:*.cgm=01;35:*.emf=01;35:*.axv=01;35:*.anx=01;35:*.ogv=01;35:*.ogx=01;35:*.aac=00;36:*.au=00;36:*.flac=00;36:*.mid=00;36:*.midi=00;36:*.mka=00;36:*.mp3=00;36:*.mpc=00;36:*.ogg=00;36:*.ra=00;36:*.wav=00;36:*.axa=00;36:*.oga=00;36:*.spx=00;36:*.xspf=00;36:, SHLVL=1, LESSCLOSE=/usr/bin/lesspipe %s %s, OXYGEN_DISABLE_INNER_SHADOWS_HACK=1, COMPIZ_CONFIG_PROFILE=ubuntu, UPSTART_JOB=unity-settings-daemon, QT_IM_MODULE=xim, JAVA_HOME=/home/zcy/dev/jdk1.8.0_60, TERM=xterm, XFILESEARCHPATH=/usr/dt/app-defaults/%L/Dt, XDG_CONFIG_DIRS=/etc/xdg/xdg-ubuntu:/usr/share/upstart/xdg:/etc/xdg, LANG=zh_CN.UTF-8, XDG_SEAT_PATH=/org/freedesktop/DisplayManager/Seat0, GNOME_KEYRING_CONTROL=/run/user/1000/keyring-cYyVlf, XDG_SESSION_ID=c2, GRADLE_HOME=/home/zcy/dev/gradle-2.14.1, SELINUX_INIT=YES, DISPLAY=:0, _=/usr/bin/nohup, GDM_LANG=zh_CN, XDG_GREETER_DATA_DIR=/var/lib/lightdm-data/zcy, LIBOVERLAY_SCROLLBAR=0, UPSTART_EVENTS=started starting, GDK_CORE_DEVICE_EVENTS=1, DESKTOP_SESSION=ubuntu, GPG_AGENT_INFO=/run/user/1000/keyring-cYyVlf/gpg:0:1, USER=zcy, VTE_VERSION=3409, XDG_SEAT=seat0, SSH_AUTH_SOCK=/run/user/1000/keyring-cYyVlf/ssh, NLSPATH=/usr/dt/lib/nls/msg/%L/%N.cat, QT_QPA_PLATFORMTHEME=appmenu-qt5, XDG_RUNTIME_DIR=/run/user/1000, XDG_VTNR=7, HOME=/home/zcy, GNOME_KEYRING_PID=1767}
17:24:12.452 [DEBUG] [org.gradle.launcher.daemon.server.SynchronizedDispatchConnection] thread 15: received class org.gradle.launcher.daemon.protocol.CloseInput
17:24:12.453 [DEBUG] [org.gradle.launcher.daemon.server.DefaultDaemonConnection] thread 15: Received IO message from client: org.gradle.launcher.daemon.protocol.CloseInput@423bb64e
17:24:12.461 [DEBUG] [org.gradle.launcher.daemon.server.exec.LogToClient] About to start relaying all logs to the client via the connection.
17:24:12.462 [INFO] [org.gradle.launcher.daemon.server.exec.LogToClient] The client will now receive all logging from the daemon (pid: 14462). The daemon log file: /home/zcy/dev/gradle_user_dir/daemon/2.14.1/daemon-14462.out.log
17:24:12.465 [INFO] [org.gradle.launcher.daemon.server.health.DaemonHealthTracker] Starting build in new daemon [memory: 954.7 MB]
17:24:12.467 [INFO] [org.gradle.launcher.daemon.server.exec.ForwardClientInput] Closing daemon's stdin at end of input.
17:24:12.468 [INFO] [org.gradle.launcher.daemon.server.exec.ForwardClientInput] The daemon will no longer process any standard input.
17:24:12.471 [DEBUG] [org.gradle.launcher.daemon.server.exec.ExecuteBuild] The daemon has started executing the build.
17:24:12.471 [INFO] [org.gradle.launcher.daemon.server.exec.ExecuteBuild] Executing build with daemon context: DefaultDaemonContext[uid=45d2ec06-01d5-4d9e-9be5-0f03c76e5c4e,javaHome=/home/zcy/dev/jdk1.8.0_60,daemonRegistryDir=/home/zcy/dev/gradle_user_dir/daemon,pid=14462,idleTimeout=10800000,daemonOpts=-XX:MaxPermSize=256m,-XX:+HeapDumpOnOutOfMemoryError,-Xmx1024m,-Dfile.encoding=UTF-8,-Duser.country=CN,-Duser.language=zh,-Duser.variant]

CONFIGURE SUCCESSFUL

Total time: 3.959 secs
17:24:18.929 [DEBUG] [org.gradle.cache.internal.DefaultCacheAccess] Cache Generated Gradle JARs cache (/home/zcy/dev/gradle_user_dir/caches/2.14.1/generated-gradle-jars) was closed 0 times.
17:24:18.930 [DEBUG] [org.gradle.cache.internal.btree.BTreePersistentIndexedCache] Closing cache artifact-at-repository.bin (/home/zcy/dev/gradle_user_dir/caches/modules-2/metadata-2.16/artifact-at-repository.bin)
17:24:18.930 [DEBUG] [org.gradle.cache.internal.btree.BTreePersistentIndexedCache] Closing cache module-versions.bin (/home/zcy/dev/gradle_user_dir/caches/modules-2/metadata-2.16/module-versions.bin)
17:24:18.930 [DEBUG] [org.gradle.cache.internal.btree.BTreePersistentIndexedCache] Closing cache module-metadata.bin (/home/zcy/dev/gradle_user_dir/caches/modules-2/metadata-2.16/module-metadata.bin)
17:24:18.931 [DEBUG] [org.gradle.cache.internal.DefaultFileLockManager] Releasing lock on artifact cache (/home/zcy/dev/gradle_user_dir/caches/modules-2).
17:24:18.932 [DEBUG] [org.gradle.api.internal.artifacts.ivyservice.ivyresolve.memcache.InMemoryCachedRepositoryFactory] In-memory dependency metadata cache closed. Repos cached: 4, cache instances: 1, modules served from cache: 140, artifacts: 0
17:24:18.933 [DEBUG] [org.gradle.api.internal.artifacts.ivyservice.resolveengine.store.CachedStoreFactory] Resolution result cache closed. Cache reads: 0, disk reads: 0 (avg: 0.0 secs, total: 0.0 secs)
17:24:18.933 [DEBUG] [org.gradle.api.internal.artifacts.ivyservice.resolveengine.store.CachedStoreFactory] Resolution result cache closed. Cache reads: 3, disk reads: 4 (avg: 0.004 secs, total: 0.017 secs)
17:24:18.934 [DEBUG] [org.gradle.api.internal.artifacts.ivyservice.resolveengine.store.ResolutionResultsStoreFactory] Deleted 2 resolution results binary files in 0.002 secs
17:24:18.934 [DEBUG] [org.gradle.cache.internal.DefaultCacheAccess] Cache Plugin Resolution Cache (/home/zcy/dev/gradle_user_dir/caches/2.14.1/plugin-resolution) was closed 0 times.
17:24:18.935 [DEBUG] [org.gradle.api.internal.tasks.compile.daemon.CompilerDaemonManager] Stopping 0 compiler daemon(s).
17:24:18.935 [INFO] [org.gradle.api.internal.tasks.compile.daemon.CompilerDaemonManager] Stopped 0 compiler daemon(s).
17:24:18.936 [DEBUG] [org.gradle.cache.internal.DefaultCacheAccess] Cache jars (/home/zcy/dev/gradle_user_dir/caches/jars-1) was closed 0 times.
17:24:18.936 [DEBUG] [org.gradle.launcher.daemon.server.exec.ExecuteBuild] The daemon has finished executing the build.
17:24:18.938 [DEBUG] [org.gradle.launcher.daemon.server.health.DaemonStatus] GC rate: 0.33/s tenured usage: 2%
17:24:19.166 [DEBUG] [org.gradle.launcher.daemon.server.DaemonStateCoordinator] daemon is running. Sleeping until state changes.
17:24:19.168 [DEBUG] [org.gradle.launcher.daemon.server.DaemonStateCoordinator] Command execution: finished waiting for DaemonCommandExecution[command = Build{id=3f134060-f8c2-415b-8c5f-d5ea40eeb516.1, currentDir=/home/zcy}, connection = org.gradle.launcher.daemon.server.DefaultDaemonConnection@23f0bff4]. Result org.gradle.launcher.daemon.server.DaemonStateCoordinator@15b961da with state Running
17:24:19.169 [DEBUG] [org.gradle.launcher.daemon.server.DaemonStateCoordinator] Command execution: completed DaemonCommandExecution[command = Build{id=3f134060-f8c2-415b-8c5f-d5ea40eeb516.1, currentDir=/home/zcy}, connection = org.gradle.launcher.daemon.server.DefaultDaemonConnection@23f0bff4]
17:24:19.169 [DEBUG] [org.gradle.launcher.daemon.server.DaemonStateCoordinator] updating lastActivityAt to 1477387459169
17:24:19.170 [INFO] [org.gradle.launcher.daemon.server.DomainRegistryUpdater] Marking the daemon as idle, address: [3e5799ae-56c7-45aa-ab4c-392965329c72 port:47337, addresses:[/0:0:0:0:0:0:0:1%lo, /127.0.0.1]]
17:24:19.170 [DEBUG] [org.gradle.launcher.daemon.registry.PersistentDaemonRegistry] Marking idle by address: [3e5799ae-56c7-45aa-ab4c-392965329c72 port:47337, addresses:[/0:0:0:0:0:0:0:1%lo, /127.0.0.1]]
17:24:19.171 [DEBUG] [org.gradle.cache.internal.DefaultFileLockManager] Waiting to acquire exclusive lock on daemon addresses registry.
17:24:19.171 [DEBUG] [org.gradle.cache.internal.DefaultFileLockManager] Lock acquired.
17:24:19.176 [DEBUG] [org.apache.http.impl.conn.PoolingHttpClientConnectionManager] Connection manager is shutting down
17:24:19.176 [DEBUG] [org.apache.http.impl.conn.DefaultManagedHttpClientConnection] http-outgoing-0: Close connection
17:24:19.177 [DEBUG] [org.gradle.cache.internal.DefaultFileLockManager] Releasing lock on daemon addresses registry.
17:24:19.177 [DEBUG] [org.apache.http.impl.conn.DefaultManagedHttpClientConnection] http-outgoing-0: Close connection
17:24:19.178 [DEBUG] [org.apache.http.impl.conn.PoolingHttpClientConnectionManager] Connection manager shut down
17:24:19.178 [DEBUG] [org.gradle.launcher.daemon.server.exec.ReturnResult] Daemon is dispatching the build result: Success[value=org.gradle.tooling.internal.provider.BuildActionResult@68574275]
17:24:19.178 [DEBUG] [org.gradle.launcher.daemon.server.DaemonStateCoordinator] daemon is running. Sleeping until state changes.
17:24:19.178 [DEBUG] [org.gradle.launcher.daemon.server.SynchronizedDispatchConnection] thread 14: dispatching class org.gradle.launcher.daemon.protocol.Success
17:24:19.196 [DEBUG] [org.gradle.launcher.daemon.server.DefaultIncomingConnectionHandler] Finishing executing command: Build{id=3f134060-f8c2-415b-8c5f-d5ea40eeb516.1, currentDir=/home/zcy}
17:24:19.209 [DEBUG] [org.gradle.launcher.daemon.server.SynchronizedDispatchConnection] thread 15: received class org.gradle.launcher.daemon.protocol.Finished
17:24:19.209 [DEBUG] [org.gradle.launcher.daemon.server.DefaultDaemonConnection] thread 15: Received non-IO message from client: org.gradle.launcher.daemon.protocol.Finished@560f7a80
17:24:19.210 [DEBUG] [org.gradle.internal.remote.internal.inet.SocketConnection] Discarding EOFException: java.io.EOFException
17:24:19.211 [DEBUG] [org.gradle.launcher.daemon.server.SynchronizedDispatchConnection] thread 15: received null
17:24:19.211 [DEBUG] [org.gradle.launcher.daemon.server.DefaultDaemonConnection] thread 15: Received end-of-input from client.
17:24:19.214 [DEBUG] [org.gradle.launcher.daemon.server.DefaultIncomingConnectionHandler] Received finished message: null
17:24:19.215 [DEBUG] [org.gradle.launcher.daemon.server.SynchronizedDispatchConnection] thread 14: stopping connection
17:24:19.216 [DEBUG] [org.gradle.launcher.daemon.server.SynchronizedDispatchConnection] thread 14: stopping connection
17:24:22.461 [DEBUG] [org.gradle.internal.remote.internal.inet.TcpIncomingConnector] Accepted connection from /0:0:0:0:0:0:0:1:35801 to /0:0:0:0:0:0:0:1:47337.
17:24:22.474 [DEBUG] [org.gradle.launcher.daemon.server.SynchronizedDispatchConnection] thread 22: received class org.gradle.launcher.daemon.protocol.Build
17:24:22.474 [DEBUG] [org.gradle.launcher.daemon.server.DefaultDaemonConnection] thread 22: Received non-IO message from client: Build{id=019bb056-d0d8-4407-b387-38b9ef17af30.1, currentDir=/home/zcy}
17:24:22.474 [INFO] [org.gradle.launcher.daemon.server.DefaultIncomingConnectionHandler] Received command: Build{id=019bb056-d0d8-4407-b387-38b9ef17af30.1, currentDir=/home/zcy}.
17:24:22.475 [DEBUG] [org.gradle.launcher.daemon.server.DefaultIncomingConnectionHandler] Starting executing command: Build{id=019bb056-d0d8-4407-b387-38b9ef17af30.1, currentDir=/home/zcy} with connection: socket connection from /0:0:0:0:0:0:0:1:47337 to /0:0:0:0:0:0:0:1:35801.
17:24:22.475 [DEBUG] [org.gradle.launcher.daemon.server.DaemonStateCoordinator] Command execution: started DaemonCommandExecution[command = Build{id=019bb056-d0d8-4407-b387-38b9ef17af30.1, currentDir=/home/zcy}, connection = org.gradle.launcher.daemon.server.DefaultDaemonConnection@24ffe8e6] after 0.0 minutes of idle
17:24:22.475 [INFO] [org.gradle.launcher.daemon.server.DomainRegistryUpdater] Marking the daemon as busy, address: [3e5799ae-56c7-45aa-ab4c-392965329c72 port:47337, addresses:[/0:0:0:0:0:0:0:1%lo, /127.0.0.1]]
17:24:22.476 [DEBUG] [org.gradle.launcher.daemon.registry.PersistentDaemonRegistry] Marking busy by address: [3e5799ae-56c7-45aa-ab4c-392965329c72 port:47337, addresses:[/0:0:0:0:0:0:0:1%lo, /127.0.0.1]]
17:24:22.476 [DEBUG] [org.gradle.cache.internal.DefaultFileLockManager] Waiting to acquire exclusive lock on daemon addresses registry.
17:24:22.476 [DEBUG] [org.gradle.cache.internal.DefaultFileLockManager] Lock acquired.
17:24:22.479 [DEBUG] [org.gradle.cache.internal.DefaultFileLockManager] Releasing lock on daemon addresses registry.
17:24:22.479 [DEBUG] [org.gradle.launcher.daemon.server.DaemonStateCoordinator] updating lastActivityAt to 1477387462479
17:24:22.480 [DEBUG] [org.gradle.launcher.daemon.server.DaemonStateCoordinator] daemon is running. Sleeping until state changes.
17:24:22.482 [INFO] [org.gradle.launcher.daemon.server.exec.StartBuildOrRespondWithBusy] Daemon is about to start building Build{id=019bb056-d0d8-4407-b387-38b9ef17af30.1, currentDir=/home/zcy}. Dispatching build started information...
17:24:22.483 [DEBUG] [org.gradle.launcher.daemon.server.SynchronizedDispatchConnection] thread 17: dispatching class org.gradle.launcher.daemon.protocol.BuildStarted
17:24:22.484 [DEBUG] [org.gradle.launcher.daemon.server.exec.EstablishBuildEnvironment] Configuring env variables: {PATH=/home/zcy/dev/gradle-2.14.1/bin:/home/zcy/dev/jdk1.8.0_60/bin:/usr/local/sbin:/usr/local/bin:/usr/sbin:/usr/bin:/sbin:/bin:/usr/games:/usr/local/games, XAUTHORITY=/home/zcy/.Xauthority, XMODIFIERS=@im=fcitx, XDG_DATA_DIRS=/usr/share/ubuntu:/usr/share/gnome:/usr/local/share/:/usr/share/, GDMSESSION=ubuntu, MANDATORY_PATH=/usr/share/gconf/ubuntu.mandatory.path, TEXTDOMAINDIR=/usr/share/locale/, GTK_IM_MODULE=fcitx, DBUS_SESSION_BUS_ADDRESS=unix:abstract=/tmp/dbus-NTluT5lslm, DEFAULTS_PATH=/usr/share/gconf/ubuntu.default.path, XDG_CURRENT_DESKTOP=Unity, COLORTERM=gnome-terminal, QT4_IM_MODULE=fcitx, UPSTART_SESSION=unix:abstract=/com/ubuntu/upstart-session/1000/1769, LOGNAME=zcy, PWD=/home/zcy, JOB=gnome-session, IM_CONFIG_PHASE=1, LANGUAGE=zh_CN:zh, WINDOWID=73400423, LESSOPEN=| /usr/bin/lesspipe %s, SHELL=/bin/bash, INSTANCE=Unity, UPSTART_INSTANCE=, GNOME_DESKTOP_SESSION_ID=this-is-deprecated, GTK_MODULES=overlay-scrollbar:unity-gtk-module, CLUTTER_IM_MODULE=xim, TEXTDOMAIN=im-config, XDG_SESSION_PATH=/org/freedesktop/DisplayManager/Session0, SESSIONTYPE=gnome-session, LS_COLORS=rs=0:di=01;34:ln=01;36:mh=00:pi=40;33:so=01;35:do=01;35:bd=40;33;01:cd=40;33;01:or=40;31;01:su=37;41:sg=30;43:ca=30;41:tw=30;42:ow=34;42:st=37;44:ex=01;32:*.tar=01;31:*.tgz=01;31:*.arj=01;31:*.taz=01;31:*.lzh=01;31:*.lzma=01;31:*.tlz=01;31:*.txz=01;31:*.zip=01;31:*.z=01;31:*.Z=01;31:*.dz=01;31:*.gz=01;31:*.lz=01;31:*.xz=01;31:*.bz2=01;31:*.bz=01;31:*.tbz=01;31:*.tbz2=01;31:*.tz=01;31:*.deb=01;31:*.rpm=01;31:*.jar=01;31:*.war=01;31:*.ear=01;31:*.sar=01;31:*.rar=01;31:*.ace=01;31:*.zoo=01;31:*.cpio=01;31:*.7z=01;31:*.rz=01;31:*.jpg=01;35:*.jpeg=01;35:*.gif=01;35:*.bmp=01;35:*.pbm=01;35:*.pgm=01;35:*.ppm=01;35:*.tga=01;35:*.xbm=01;35:*.xpm=01;35:*.tif=01;35:*.tiff=01;35:*.png=01;35:*.svg=01;35:*.svgz=01;35:*.mng=01;35:*.pcx=01;35:*.mov=01;35:*.mpg=01;35:*.mpeg=01;35:*.m2v=01;35:*.mkv=01;35:*.webm=01;35:*.ogm=01;35:*.mp4=01;35:*.m4v=01;35:*.mp4v=01;35:*.vob=01;35:*.qt=01;35:*.nuv=01;35:*.wmv=01;35:*.asf=01;35:*.rm=01;35:*.rmvb=01;35:*.flc=01;35:*.avi=01;35:*.fli=01;35:*.flv=01;35:*.gl=01;35:*.dl=01;35:*.xcf=01;35:*.xwd=01;35:*.yuv=01;35:*.cgm=01;35:*.emf=01;35:*.axv=01;35:*.anx=01;35:*.ogv=01;35:*.ogx=01;35:*.aac=00;36:*.au=00;36:*.flac=00;36:*.mid=00;36:*.midi=00;36:*.mka=00;36:*.mp3=00;36:*.mpc=00;36:*.ogg=00;36:*.ra=00;36:*.wav=00;36:*.axa=00;36:*.oga=00;36:*.spx=00;36:*.xspf=00;36:, SHLVL=1, LESSCLOSE=/usr/bin/lesspipe %s %s, OXYGEN_DISABLE_INNER_SHADOWS_HACK=1, COMPIZ_CONFIG_PROFILE=ubuntu, UPSTART_JOB=unity-settings-daemon, QT_IM_MODULE=xim, JAVA_HOME=/home/zcy/dev/jdk1.8.0_60, TERM=xterm, XFILESEARCHPATH=/usr/dt/app-defaults/%L/Dt, XDG_CONFIG_DIRS=/etc/xdg/xdg-ubuntu:/usr/share/upstart/xdg:/etc/xdg, LANG=zh_CN.UTF-8, XDG_SEAT_PATH=/org/freedesktop/DisplayManager/Seat0, GNOME_KEYRING_CONTROL=/run/user/1000/keyring-cYyVlf, XDG_SESSION_ID=c2, GRADLE_HOME=/home/zcy/dev/gradle-2.14.1, SELINUX_INIT=YES, DISPLAY=:0, _=/usr/bin/nohup, GDM_LANG=zh_CN, XDG_GREETER_DATA_DIR=/var/lib/lightdm-data/zcy, LIBOVERLAY_SCROLLBAR=0, UPSTART_EVENTS=started starting, GDK_CORE_DEVICE_EVENTS=1, DESKTOP_SESSION=ubuntu, GPG_AGENT_INFO=/run/user/1000/keyring-cYyVlf/gpg:0:1, USER=zcy, VTE_VERSION=3409, XDG_SEAT=seat0, SSH_AUTH_SOCK=/run/user/1000/keyring-cYyVlf/ssh, NLSPATH=/usr/dt/lib/nls/msg/%L/%N.cat, QT_QPA_PLATFORMTHEME=appmenu-qt5, XDG_RUNTIME_DIR=/run/user/1000, XDG_VTNR=7, HOME=/home/zcy, GNOME_KEYRING_PID=1767}
17:24:22.486 [DEBUG] [org.gradle.launcher.daemon.server.exec.LogToClient] About to start relaying all logs to the client via the connection.
17:24:22.487 [INFO] [org.gradle.launcher.daemon.server.exec.LogToClient] The client will now receive all logging from the daemon (pid: 14462). The daemon log file: /home/zcy/dev/gradle_user_dir/daemon/2.14.1/daemon-14462.out.log
17:24:22.491 [INFO] [org.gradle.launcher.daemon.server.health.DaemonHealthTracker] Starting 2nd build in daemon [uptime: 10.237 secs, performance: 96%, GC rate: 0.40/s, tenured heap usage: 2% of 716.2 MB]
17:24:22.491 [DEBUG] [org.gradle.launcher.daemon.server.exec.ExecuteBuild] The daemon has started executing the build.
17:24:22.491 [DEBUG] [org.gradle.launcher.daemon.server.SynchronizedDispatchConnection] thread 22: received class org.gradle.launcher.daemon.protocol.CloseInput
17:24:22.492 [DEBUG] [org.gradle.launcher.daemon.server.DefaultDaemonConnection] thread 22: Received IO message from client: org.gradle.launcher.daemon.protocol.CloseInput@7a816791
17:24:22.492 [INFO] [org.gradle.launcher.daemon.server.exec.ExecuteBuild] Executing build with daemon context: DefaultDaemonContext[uid=45d2ec06-01d5-4d9e-9be5-0f03c76e5c4e,javaHome=/home/zcy/dev/jdk1.8.0_60,daemonRegistryDir=/home/zcy/dev/gradle_user_dir/daemon,pid=14462,idleTimeout=10800000,daemonOpts=-XX:MaxPermSize=256m,-XX:+HeapDumpOnOutOfMemoryError,-Xmx1024m,-Dfile.encoding=UTF-8,-Duser.country=CN,-Duser.language=zh,-Duser.variant]
17:24:22.492 [INFO] [org.gradle.launcher.daemon.server.exec.ForwardClientInput] Closing daemon's stdin at end of input.
17:24:22.494 [INFO] [org.gradle.launcher.daemon.server.exec.ForwardClientInput] The daemon will no longer process any standard input.

CONFIGURE SUCCESSFUL

Total time: 0.128 secs
17:24:23.205 [DEBUG] [org.gradle.cache.internal.DefaultCacheAccess] Cache Generated Gradle JARs cache (/home/zcy/dev/gradle_user_dir/caches/2.14.1/generated-gradle-jars) was closed 0 times.
17:24:23.206 [DEBUG] [org.gradle.cache.internal.btree.BTreePersistentIndexedCache] Closing cache module-versions.bin (/home/zcy/dev/gradle_user_dir/caches/modules-2/metadata-2.16/module-versions.bin)
17:24:23.206 [DEBUG] [org.gradle.cache.internal.btree.BTreePersistentIndexedCache] Closing cache module-metadata.bin (/home/zcy/dev/gradle_user_dir/caches/modules-2/metadata-2.16/module-metadata.bin)
17:24:23.206 [DEBUG] [org.gradle.cache.internal.btree.BTreePersistentIndexedCache] Closing cache module-artifacts.bin (/home/zcy/dev/gradle_user_dir/caches/modules-2/metadata-2.16/module-artifacts.bin)
17:24:23.206 [DEBUG] [org.gradle.cache.internal.btree.BTreePersistentIndexedCache] Closing cache artifact-at-repository.bin (/home/zcy/dev/gradle_user_dir/caches/modules-2/metadata-2.16/artifact-at-repository.bin)
17:24:23.206 [DEBUG] [org.gradle.cache.internal.DefaultFileLockManager] Releasing lock on artifact cache (/home/zcy/dev/gradle_user_dir/caches/modules-2).
17:24:23.207 [DEBUG] [org.gradle.api.internal.artifacts.ivyservice.ivyresolve.memcache.InMemoryCachedRepositoryFactory] In-memory dependency metadata cache closed. Repos cached: 5, cache instances: 1, modules served from cache: 187, artifacts: 137
17:24:23.211 [DEBUG] [org.gradle.api.internal.artifacts.ivyservice.resolveengine.store.CachedStoreFactory] Resolution result cache closed. Cache reads: 0, disk reads: 0 (avg: 0.0 secs, total: 0.0 secs)
17:24:23.212 [DEBUG] [org.gradle.api.internal.artifacts.ivyservice.resolveengine.store.CachedStoreFactory] Resolution result cache closed. Cache reads: 9, disk reads: 4 (avg: 0.002 secs, total: 0.011 secs)
17:24:23.212 [DEBUG] [org.gradle.api.internal.artifacts.ivyservice.resolveengine.store.ResolutionResultsStoreFactory] Deleted 2 resolution results binary files in 0.005 secs
17:24:23.212 [DEBUG] [org.gradle.cache.internal.DefaultCacheAccess] Cache Plugin Resolution Cache (/home/zcy/dev/gradle_user_dir/caches/2.14.1/plugin-resolution) was closed 0 times.
17:24:23.212 [DEBUG] [org.gradle.api.internal.tasks.compile.daemon.CompilerDaemonManager] Stopping 0 compiler daemon(s).
17:24:23.213 [INFO] [org.gradle.api.internal.tasks.compile.daemon.CompilerDaemonManager] Stopped 0 compiler daemon(s).
17:24:23.213 [DEBUG] [org.gradle.cache.internal.DefaultCacheAccess] Cache jars (/home/zcy/dev/gradle_user_dir/caches/jars-1) was closed 0 times.
17:24:23.213 [DEBUG] [org.gradle.launcher.daemon.server.exec.ExecuteBuild] The daemon has finished executing the build.
17:24:23.215 [DEBUG] [org.gradle.launcher.daemon.server.health.DaemonStatus] GC rate: 0.40/s tenured usage: 2%
17:24:23.226 [DEBUG] [org.gradle.launcher.daemon.server.DaemonStateCoordinator] daemon is running. Sleeping until state changes.
17:24:23.226 [DEBUG] [org.gradle.launcher.daemon.server.DaemonStateCoordinator] Command execution: finished waiting for DaemonCommandExecution[command = Build{id=019bb056-d0d8-4407-b387-38b9ef17af30.1, currentDir=/home/zcy}, connection = org.gradle.launcher.daemon.server.DefaultDaemonConnection@24ffe8e6]. Result org.gradle.launcher.daemon.server.DaemonStateCoordinator@15b961da with state Running
17:24:23.226 [DEBUG] [org.gradle.launcher.daemon.server.DaemonStateCoordinator] Command execution: completed DaemonCommandExecution[command = Build{id=019bb056-d0d8-4407-b387-38b9ef17af30.1, currentDir=/home/zcy}, connection = org.gradle.launcher.daemon.server.DefaultDaemonConnection@24ffe8e6]
17:24:23.227 [DEBUG] [org.gradle.launcher.daemon.server.DaemonStateCoordinator] updating lastActivityAt to 1477387463226
17:24:23.227 [INFO] [org.gradle.launcher.daemon.server.DomainRegistryUpdater] Marking the daemon as idle, address: [3e5799ae-56c7-45aa-ab4c-392965329c72 port:47337, addresses:[/0:0:0:0:0:0:0:1%lo, /127.0.0.1]]
17:24:23.227 [DEBUG] [org.gradle.launcher.daemon.registry.PersistentDaemonRegistry] Marking idle by address: [3e5799ae-56c7-45aa-ab4c-392965329c72 port:47337, addresses:[/0:0:0:0:0:0:0:1%lo, /127.0.0.1]]
17:24:23.227 [DEBUG] [org.gradle.cache.internal.DefaultFileLockManager] Waiting to acquire exclusive lock on daemon addresses registry.
17:24:23.228 [DEBUG] [org.gradle.cache.internal.DefaultFileLockManager] Lock acquired.
17:24:23.231 [DEBUG] [org.gradle.cache.internal.DefaultFileLockManager] Releasing lock on daemon addresses registry.
17:24:23.231 [DEBUG] [org.gradle.launcher.daemon.server.DaemonStateCoordinator] daemon is running. Sleeping until state changes.
17:24:23.231 [DEBUG] [org.gradle.launcher.daemon.server.exec.ReturnResult] Daemon is dispatching the build result: Success[value=org.gradle.tooling.internal.provider.BuildActionResult@4dbfda88]
17:24:23.231 [DEBUG] [org.gradle.launcher.daemon.server.SynchronizedDispatchConnection] thread 14: dispatching class org.gradle.launcher.daemon.protocol.Success
17:24:23.252 [DEBUG] [org.gradle.launcher.daemon.server.SynchronizedDispatchConnection] thread 22: received class org.gradle.launcher.daemon.protocol.Finished
17:24:23.253 [DEBUG] [org.gradle.launcher.daemon.server.DefaultDaemonConnection] thread 22: Received non-IO message from client: org.gradle.launcher.daemon.protocol.Finished@744696b1
17:24:23.253 [DEBUG] [org.gradle.internal.remote.internal.inet.SocketConnection] Discarding EOFException: java.io.EOFException
17:24:23.253 [DEBUG] [org.gradle.launcher.daemon.server.SynchronizedDispatchConnection] thread 22: received null
17:24:23.253 [DEBUG] [org.gradle.launcher.daemon.server.DefaultDaemonConnection] thread 22: Received end-of-input from client.
17:24:23.265 [DEBUG] [org.gradle.launcher.daemon.server.DefaultIncomingConnectionHandler] Finishing executing command: Build{id=019bb056-d0d8-4407-b387-38b9ef17af30.1, currentDir=/home/zcy}
17:24:23.266 [DEBUG] [org.gradle.launcher.daemon.server.DefaultIncomingConnectionHandler] Received finished message: null
17:24:23.268 [DEBUG] [org.gradle.launcher.daemon.server.SynchronizedDispatchConnection] thread 14: stopping connection
17:24:23.269 [DEBUG] [org.gradle.launcher.daemon.server.SynchronizedDispatchConnection] thread 14: stopping connection
17:24:25.275 [DEBUG] [org.gradle.internal.remote.internal.inet.TcpIncomingConnector] Accepted connection from /0:0:0:0:0:0:0:1:35802 to /0:0:0:0:0:0:0:1:47337.
17:24:25.289 [DEBUG] [org.gradle.launcher.daemon.server.SynchronizedDispatchConnection] thread 26: received class org.gradle.launcher.daemon.protocol.Build
17:24:25.290 [DEBUG] [org.gradle.launcher.daemon.server.DefaultDaemonConnection] thread 26: Received non-IO message from client: Build{id=4b22dc2e-1346-4d01-8f86-7a8b80c96259.1, currentDir=/home/zcy}
17:24:25.290 [INFO] [org.gradle.launcher.daemon.server.DefaultIncomingConnectionHandler] Received command: Build{id=4b22dc2e-1346-4d01-8f86-7a8b80c96259.1, currentDir=/home/zcy}.
17:24:25.290 [DEBUG] [org.gradle.launcher.daemon.server.DefaultIncomingConnectionHandler] Starting executing command: Build{id=4b22dc2e-1346-4d01-8f86-7a8b80c96259.1, currentDir=/home/zcy} with connection: socket connection from /0:0:0:0:0:0:0:1:47337 to /0:0:0:0:0:0:0:1:35802.
17:24:25.291 [DEBUG] [org.gradle.launcher.daemon.server.DaemonStateCoordinator] Command execution: started DaemonCommandExecution[command = Build{id=4b22dc2e-1346-4d01-8f86-7a8b80c96259.1, currentDir=/home/zcy}, connection = org.gradle.launcher.daemon.server.DefaultDaemonConnection@1e78d3b2] after 0.0 minutes of idle
17:24:25.291 [INFO] [org.gradle.launcher.daemon.server.DomainRegistryUpdater] Marking the daemon as busy, address: [3e5799ae-56c7-45aa-ab4c-392965329c72 port:47337, addresses:[/0:0:0:0:0:0:0:1%lo, /127.0.0.1]]
17:24:25.291 [DEBUG] [org.gradle.launcher.daemon.registry.PersistentDaemonRegistry] Marking busy by address: [3e5799ae-56c7-45aa-ab4c-392965329c72 port:47337, addresses:[/0:0:0:0:0:0:0:1%lo, /127.0.0.1]]
17:24:25.291 [DEBUG] [org.gradle.cache.internal.DefaultFileLockManager] Waiting to acquire exclusive lock on daemon addresses registry.
17:24:25.292 [DEBUG] [org.gradle.cache.internal.DefaultFileLockManager] Lock acquired.
17:24:25.295 [DEBUG] [org.gradle.cache.internal.DefaultFileLockManager] Releasing lock on daemon addresses registry.
17:24:25.295 [DEBUG] [org.gradle.launcher.daemon.server.DaemonStateCoordinator] updating lastActivityAt to 1477387465295
17:24:25.295 [DEBUG] [org.gradle.launcher.daemon.server.DaemonStateCoordinator] daemon is running. Sleeping until state changes.
17:24:25.295 [INFO] [org.gradle.launcher.daemon.server.exec.StartBuildOrRespondWithBusy] Daemon is about to start building Build{id=4b22dc2e-1346-4d01-8f86-7a8b80c96259.1, currentDir=/home/zcy}. Dispatching build started information...
17:24:25.295 [DEBUG] [org.gradle.launcher.daemon.server.SynchronizedDispatchConnection] thread 17: dispatching class org.gradle.launcher.daemon.protocol.BuildStarted
17:24:25.296 [DEBUG] [org.gradle.launcher.daemon.server.exec.EstablishBuildEnvironment] Configuring env variables: {PATH=/home/zcy/dev/gradle-2.14.1/bin:/home/zcy/dev/jdk1.8.0_60/bin:/usr/local/sbin:/usr/local/bin:/usr/sbin:/usr/bin:/sbin:/bin:/usr/games:/usr/local/games, XAUTHORITY=/home/zcy/.Xauthority, XMODIFIERS=@im=fcitx, XDG_DATA_DIRS=/usr/share/ubuntu:/usr/share/gnome:/usr/local/share/:/usr/share/, GDMSESSION=ubuntu, MANDATORY_PATH=/usr/share/gconf/ubuntu.mandatory.path, TEXTDOMAINDIR=/usr/share/locale/, GTK_IM_MODULE=fcitx, DBUS_SESSION_BUS_ADDRESS=unix:abstract=/tmp/dbus-NTluT5lslm, DEFAULTS_PATH=/usr/share/gconf/ubuntu.default.path, XDG_CURRENT_DESKTOP=Unity, COLORTERM=gnome-terminal, QT4_IM_MODULE=fcitx, UPSTART_SESSION=unix:abstract=/com/ubuntu/upstart-session/1000/1769, LOGNAME=zcy, PWD=/home/zcy, JOB=gnome-session, IM_CONFIG_PHASE=1, LANGUAGE=zh_CN:zh, WINDOWID=73400423, LESSOPEN=| /usr/bin/lesspipe %s, SHELL=/bin/bash, INSTANCE=Unity, UPSTART_INSTANCE=, GNOME_DESKTOP_SESSION_ID=this-is-deprecated, GTK_MODULES=overlay-scrollbar:unity-gtk-module, CLUTTER_IM_MODULE=xim, TEXTDOMAIN=im-config, XDG_SESSION_PATH=/org/freedesktop/DisplayManager/Session0, SESSIONTYPE=gnome-session, LS_COLORS=rs=0:di=01;34:ln=01;36:mh=00:pi=40;33:so=01;35:do=01;35:bd=40;33;01:cd=40;33;01:or=40;31;01:su=37;41:sg=30;43:ca=30;41:tw=30;42:ow=34;42:st=37;44:ex=01;32:*.tar=01;31:*.tgz=01;31:*.arj=01;31:*.taz=01;31:*.lzh=01;31:*.lzma=01;31:*.tlz=01;31:*.txz=01;31:*.zip=01;31:*.z=01;31:*.Z=01;31:*.dz=01;31:*.gz=01;31:*.lz=01;31:*.xz=01;31:*.bz2=01;31:*.bz=01;31:*.tbz=01;31:*.tbz2=01;31:*.tz=01;31:*.deb=01;31:*.rpm=01;31:*.jar=01;31:*.war=01;31:*.ear=01;31:*.sar=01;31:*.rar=01;31:*.ace=01;31:*.zoo=01;31:*.cpio=01;31:*.7z=01;31:*.rz=01;31:*.jpg=01;35:*.jpeg=01;35:*.gif=01;35:*.bmp=01;35:*.pbm=01;35:*.pgm=01;35:*.ppm=01;35:*.tga=01;35:*.xbm=01;35:*.xpm=01;35:*.tif=01;35:*.tiff=01;35:*.png=01;35:*.svg=01;35:*.svgz=01;35:*.mng=01;35:*.pcx=01;35:*.mov=01;35:*.mpg=01;35:*.mpeg=01;35:*.m2v=01;35:*.mkv=01;35:*.webm=01;35:*.ogm=01;35:*.mp4=01;35:*.m4v=01;35:*.mp4v=01;35:*.vob=01;35:*.qt=01;35:*.nuv=01;35:*.wmv=01;35:*.asf=01;35:*.rm=01;35:*.rmvb=01;35:*.flc=01;35:*.avi=01;35:*.fli=01;35:*.flv=01;35:*.gl=01;35:*.dl=01;35:*.xcf=01;35:*.xwd=01;35:*.yuv=01;35:*.cgm=01;35:*.emf=01;35:*.axv=01;35:*.anx=01;35:*.ogv=01;35:*.ogx=01;35:*.aac=00;36:*.au=00;36:*.flac=00;36:*.mid=00;36:*.midi=00;36:*.mka=00;36:*.mp3=00;36:*.mpc=00;36:*.ogg=00;36:*.ra=00;36:*.wav=00;36:*.axa=00;36:*.oga=00;36:*.spx=00;36:*.xspf=00;36:, SHLVL=1, LESSCLOSE=/usr/bin/lesspipe %s %s, OXYGEN_DISABLE_INNER_SHADOWS_HACK=1, COMPIZ_CONFIG_PROFILE=ubuntu, UPSTART_JOB=unity-settings-daemon, QT_IM_MODULE=xim, JAVA_HOME=/home/zcy/dev/jdk1.8.0_60, TERM=xterm, XFILESEARCHPATH=/usr/dt/app-defaults/%L/Dt, XDG_CONFIG_DIRS=/etc/xdg/xdg-ubuntu:/usr/share/upstart/xdg:/etc/xdg, LANG=zh_CN.UTF-8, XDG_SEAT_PATH=/org/freedesktop/DisplayManager/Seat0, GNOME_KEYRING_CONTROL=/run/user/1000/keyring-cYyVlf, XDG_SESSION_ID=c2, GRADLE_HOME=/home/zcy/dev/gradle-2.14.1, SELINUX_INIT=YES, DISPLAY=:0, _=/usr/bin/nohup, GDM_LANG=zh_CN, XDG_GREETER_DATA_DIR=/var/lib/lightdm-data/zcy, LIBOVERLAY_SCROLLBAR=0, UPSTART_EVENTS=started starting, GDK_CORE_DEVICE_EVENTS=1, DESKTOP_SESSION=ubuntu, GPG_AGENT_INFO=/run/user/1000/keyring-cYyVlf/gpg:0:1, USER=zcy, VTE_VERSION=3409, XDG_SEAT=seat0, SSH_AUTH_SOCK=/run/user/1000/keyring-cYyVlf/ssh, NLSPATH=/usr/dt/lib/nls/msg/%L/%N.cat, QT_QPA_PLATFORMTHEME=appmenu-qt5, XDG_RUNTIME_DIR=/run/user/1000, XDG_VTNR=7, HOME=/home/zcy, GNOME_KEYRING_PID=1767}
17:24:25.298 [DEBUG] [org.gradle.launcher.daemon.server.exec.LogToClient] About to start relaying all logs to the client via the connection.
17:24:25.298 [INFO] [org.gradle.launcher.daemon.server.exec.LogToClient] The client will now receive all logging from the daemon (pid: 14462). The daemon log file: /home/zcy/dev/gradle_user_dir/daemon/2.14.1/daemon-14462.out.log
17:24:25.300 [INFO] [org.gradle.launcher.daemon.server.health.DaemonHealthTracker] Starting 3rd build in daemon [uptime: 13.047 secs, performance: 93%, GC rate: 0.40/s, tenured heap usage: 2% of 716.2 MB]
17:24:25.302 [DEBUG] [org.gradle.launcher.daemon.server.exec.ExecuteBuild] The daemon has started executing the build.
17:24:25.303 [INFO] [org.gradle.launcher.daemon.server.exec.ExecuteBuild] Executing build with daemon context: DefaultDaemonContext[uid=45d2ec06-01d5-4d9e-9be5-0f03c76e5c4e,javaHome=/home/zcy/dev/jdk1.8.0_60,daemonRegistryDir=/home/zcy/dev/gradle_user_dir/daemon,pid=14462,idleTimeout=10800000,daemonOpts=-XX:MaxPermSize=256m,-XX:+HeapDumpOnOutOfMemoryError,-Xmx1024m,-Dfile.encoding=UTF-8,-Duser.country=CN,-Duser.language=zh,-Duser.variant]

CONFIGURE SUCCESSFUL

Total time: 1.34 secs
17:24:30.432 [DEBUG] [org.gradle.cache.internal.DefaultCacheAccess] Cache Generated Gradle JARs cache (/home/zcy/dev/gradle_user_dir/caches/2.14.1/generated-gradle-jars) was closed 0 times.
17:24:30.433 [DEBUG] [org.gradle.cache.internal.btree.BTreePersistentIndexedCache] Closing cache module-versions.bin (/home/zcy/dev/gradle_user_dir/caches/modules-2/metadata-2.16/module-versions.bin)
17:24:30.433 [DEBUG] [org.gradle.cache.internal.btree.BTreePersistentIndexedCache] Closing cache module-metadata.bin (/home/zcy/dev/gradle_user_dir/caches/modules-2/metadata-2.16/module-metadata.bin)
17:24:30.433 [DEBUG] [org.gradle.cache.internal.btree.BTreePersistentIndexedCache] Closing cache artifact-at-repository.bin (/home/zcy/dev/gradle_user_dir/caches/modules-2/metadata-2.16/artifact-at-repository.bin)
17:24:30.433 [DEBUG] [org.gradle.cache.internal.btree.BTreePersistentIndexedCache] Closing cache module-artifacts.bin (/home/zcy/dev/gradle_user_dir/caches/modules-2/metadata-2.16/module-artifacts.bin)
17:24:30.433 [DEBUG] [org.gradle.cache.internal.DefaultFileLockManager] Releasing lock on artifact cache (/home/zcy/dev/gradle_user_dir/caches/modules-2).
17:24:30.434 [DEBUG] [org.gradle.api.internal.artifacts.ivyservice.ivyresolve.memcache.InMemoryCachedRepositoryFactory] In-memory dependency metadata cache closed. Repos cached: 157, cache instances: 1, modules served from cache: 4824, artifacts: 4150
17:24:30.484 [DEBUG] [org.gradle.api.internal.artifacts.ivyservice.resolveengine.store.CachedStoreFactory] Resolution result cache closed. Cache reads: 0, disk reads: 0 (avg: 0.0 secs, total: 0.0 secs)
17:24:30.485 [DEBUG] [org.gradle.api.internal.artifacts.ivyservice.resolveengine.store.CachedStoreFactory] Resolution result cache closed. Cache reads: 144, disk reads: 62 (avg: 0.002 secs, total: 0.143 secs)
17:24:30.485 [DEBUG] [org.gradle.api.internal.artifacts.ivyservice.resolveengine.store.ResolutionResultsStoreFactory] Deleted 2 resolution results binary files in 0.041 secs
17:24:30.485 [DEBUG] [org.gradle.cache.internal.DefaultCacheAccess] Cache Plugin Resolution Cache (/home/zcy/dev/gradle_user_dir/caches/2.14.1/plugin-resolution) was closed 0 times.
17:24:30.486 [DEBUG] [org.gradle.api.internal.tasks.compile.daemon.CompilerDaemonManager] Stopping 0 compiler daemon(s).
17:24:30.486 [INFO] [org.gradle.api.internal.tasks.compile.daemon.CompilerDaemonManager] Stopped 0 compiler daemon(s).
17:24:30.486 [DEBUG] [org.gradle.cache.internal.DefaultCacheAccess] Cache jars (/home/zcy/dev/gradle_user_dir/caches/jars-1) was closed 0 times.
17:24:30.486 [DEBUG] [org.gradle.launcher.daemon.server.exec.ExecuteBuild] The daemon has finished executing the build.
17:24:30.492 [DEBUG] [org.gradle.launcher.daemon.server.health.DaemonStatus] GC rate: 0.40/s tenured usage: 2%
17:24:30.503 [DEBUG] [org.gradle.launcher.daemon.server.DaemonStateCoordinator] daemon is running. Sleeping until state changes.
17:24:30.505 [DEBUG] [org.gradle.launcher.daemon.server.DaemonStateCoordinator] Command execution: finished waiting for DaemonCommandExecution[command = Build{id=4b22dc2e-1346-4d01-8f86-7a8b80c96259.1, currentDir=/home/zcy}, connection = org.gradle.launcher.daemon.server.DefaultDaemonConnection@1e78d3b2]. Result org.gradle.launcher.daemon.server.DaemonStateCoordinator@15b961da with state Running
17:24:30.505 [DEBUG] [org.gradle.launcher.daemon.server.DaemonStateCoordinator] Command execution: completed DaemonCommandExecution[command = Build{id=4b22dc2e-1346-4d01-8f86-7a8b80c96259.1, currentDir=/home/zcy}, connection = org.gradle.launcher.daemon.server.DefaultDaemonConnection@1e78d3b2]
17:24:30.505 [DEBUG] [org.gradle.launcher.daemon.server.DaemonStateCoordinator] updating lastActivityAt to 1477387470505
17:24:30.506 [INFO] [org.gradle.launcher.daemon.server.DomainRegistryUpdater] Marking the daemon as idle, address: [3e5799ae-56c7-45aa-ab4c-392965329c72 port:47337, addresses:[/0:0:0:0:0:0:0:1%lo, /127.0.0.1]]
17:24:30.506 [DEBUG] [org.gradle.launcher.daemon.registry.PersistentDaemonRegistry] Marking idle by address: [3e5799ae-56c7-45aa-ab4c-392965329c72 port:47337, addresses:[/0:0:0:0:0:0:0:1%lo, /127.0.0.1]]
17:24:30.506 [DEBUG] [org.gradle.cache.internal.DefaultFileLockManager] Waiting to acquire exclusive lock on daemon addresses registry.
17:24:30.507 [DEBUG] [org.gradle.cache.internal.DefaultFileLockManager] Lock acquired.
17:24:30.510 [DEBUG] [org.gradle.cache.internal.DefaultFileLockManager] Releasing lock on daemon addresses registry.
17:24:30.510 [DEBUG] [org.gradle.launcher.daemon.server.DaemonStateCoordinator] daemon is running. Sleeping until state changes.
17:24:30.512 [DEBUG] [org.gradle.launcher.daemon.server.exec.ReturnResult] Daemon is dispatching the build result: Success[value=org.gradle.tooling.internal.provider.BuildActionResult@7adcf1fc]
17:24:30.513 [DEBUG] [org.gradle.launcher.daemon.server.SynchronizedDispatchConnection] thread 14: dispatching class org.gradle.launcher.daemon.protocol.Success
17:24:30.527 [DEBUG] [org.gradle.launcher.daemon.server.DefaultIncomingConnectionHandler] Finishing executing command: Build{id=4b22dc2e-1346-4d01-8f86-7a8b80c96259.1, currentDir=/home/zcy}
17:24:30.571 [DEBUG] [org.gradle.launcher.daemon.server.SynchronizedDispatchConnection] thread 26: received class org.gradle.launcher.daemon.protocol.Finished
17:24:30.571 [DEBUG] [org.gradle.launcher.daemon.server.DefaultDaemonConnection] thread 26: Received non-IO message from client: org.gradle.launcher.daemon.protocol.Finished@7e221ff4
17:24:30.571 [DEBUG] [org.gradle.launcher.daemon.server.DefaultIncomingConnectionHandler] Received finished message: org.gradle.launcher.daemon.protocol.Finished@7e221ff4
17:24:30.571 [DEBUG] [org.gradle.internal.remote.internal.inet.SocketConnection] Discarding EOFException: java.io.EOFException
17:24:30.571 [DEBUG] [org.gradle.launcher.daemon.server.SynchronizedDispatchConnection] thread 14: stopping connection
17:24:30.571 [DEBUG] [org.gradle.launcher.daemon.server.SynchronizedDispatchConnection] thread 26: received null
17:24:30.575 [DEBUG] [org.gradle.launcher.daemon.server.DefaultDaemonConnection] thread 26: Received end-of-input from client.
17:24:30.575 [DEBUG] [org.gradle.launcher.daemon.server.SynchronizedDispatchConnection] thread 14: stopping connection
17:25:12.340 [DEBUG] [org.gradle.launcher.daemon.server.Daemon] DaemonExpirationPeriodicCheck running
17:25:12.341 [DEBUG] [org.gradle.launcher.daemon.server.health.DaemonStatus] GC rate: 0.0/s
17:25:12.343 [DEBUG] [org.gradle.cache.internal.DefaultFileLockManager] Waiting to acquire shared lock on daemon addresses registry.
17:25:12.343 [DEBUG] [org.gradle.cache.internal.DefaultFileLockManager] Lock acquired.
17:25:12.346 [DEBUG] [org.gradle.cache.internal.DefaultFileLockManager] Releasing lock on daemon addresses registry.
17:26:12.340 [DEBUG] [org.gradle.launcher.daemon.server.Daemon] DaemonExpirationPeriodicCheck running
17:26:12.340 [DEBUG] [org.gradle.launcher.daemon.server.health.DaemonStatus] GC rate: 0.0/s
17:26:12.340 [DEBUG] [org.gradle.cache.internal.DefaultFileLockManager] Waiting to acquire shared lock on daemon addresses registry.
17:26:12.341 [DEBUG] [org.gradle.cache.internal.DefaultFileLockManager] Lock acquired.
17:26:12.342 [DEBUG] [org.gradle.cache.internal.DefaultFileLockManager] Releasing lock on daemon addresses registry.
17:27:12.340 [DEBUG] [org.gradle.launcher.daemon.server.Daemon] DaemonExpirationPeriodicCheck running
17:27:12.340 [DEBUG] [org.gradle.launcher.daemon.server.health.DaemonStatus] GC rate: 0.0/s
17:27:12.340 [DEBUG] [org.gradle.cache.internal.DefaultFileLockManager] Waiting to acquire shared lock on daemon addresses registry.
17:27:12.341 [DEBUG] [org.gradle.cache.internal.DefaultFileLockManager] Lock acquired.
17:27:12.342 [DEBUG] [org.gradle.cache.internal.DefaultFileLockManager] Releasing lock on daemon addresses registry.
17:28:12.340 [DEBUG] [org.gradle.launcher.daemon.server.Daemon] DaemonExpirationPeriodicCheck running
17:28:12.340 [DEBUG] [org.gradle.launcher.daemon.server.health.DaemonStatus] GC rate: 0.0/s
17:28:12.341 [DEBUG] [org.gradle.cache.internal.DefaultFileLockManager] Waiting to acquire shared lock on daemon addresses registry.
17:28:12.341 [DEBUG] [org.gradle.cache.internal.DefaultFileLockManager] Lock acquired.
17:28:12.342 [DEBUG] [org.gradle.cache.internal.DefaultFileLockManager] Releasing lock on daemon addresses registry.
17:29:12.340 [DEBUG] [org.gradle.launcher.daemon.server.Daemon] DaemonExpirationPeriodicCheck running
17:29:12.340 [DEBUG] [org.gradle.launcher.daemon.server.health.DaemonStatus] GC rate: 0.0/s
17:29:12.340 [DEBUG] [org.gradle.cache.internal.DefaultFileLockManager] Waiting to acquire shared lock on daemon addresses registry.
17:29:12.341 [DEBUG] [org.gradle.cache.internal.DefaultFileLockManager] Lock acquired.
17:29:12.342 [DEBUG] [org.gradle.cache.internal.DefaultFileLockManager] Releasing lock on daemon addresses registry.
17:30:12.345 [DEBUG] [org.gradle.launcher.daemon.server.Daemon] DaemonExpirationPeriodicCheck running
17:30:12.345 [DEBUG] [org.gradle.launcher.daemon.server.health.DaemonStatus] GC rate: 0.0/s
17:30:12.346 [DEBUG] [org.gradle.cache.internal.DefaultFileLockManager] Waiting to acquire shared lock on daemon addresses registry.
17:30:12.346 [DEBUG] [org.gradle.cache.internal.DefaultFileLockManager] Lock acquired.
17:30:12.349 [DEBUG] [org.gradle.cache.internal.DefaultFileLockManager] Releasing lock on daemon addresses registry.
17:31:12.340 [DEBUG] [org.gradle.launcher.daemon.server.Daemon] DaemonExpirationPeriodicCheck running
17:31:12.340 [DEBUG] [org.gradle.launcher.daemon.server.health.DaemonStatus] GC rate: 0.0/s
17:31:12.340 [DEBUG] [org.gradle.cache.internal.DefaultFileLockManager] Waiting to acquire shared lock on daemon addresses registry.
17:31:12.340 [DEBUG] [org.gradle.cache.internal.DefaultFileLockManager] Lock acquired.
17:31:12.342 [DEBUG] [org.gradle.cache.internal.DefaultFileLockManager] Releasing lock on daemon addresses registry.
17:32:12.340 [DEBUG] [org.gradle.launcher.daemon.server.Daemon] DaemonExpirationPeriodicCheck running
17:32:12.340 [DEBUG] [org.gradle.launcher.daemon.server.health.DaemonStatus] GC rate: 0.0/s
17:32:12.341 [DEBUG] [org.gradle.cache.internal.DefaultFileLockManager] Waiting to acquire shared lock on daemon addresses registry.
17:32:12.341 [DEBUG] [org.gradle.cache.internal.DefaultFileLockManager] Lock acquired.
17:32:12.344 [DEBUG] [org.gradle.cache.internal.DefaultFileLockManager] Releasing lock on daemon addresses registry.
17:33:12.340 [DEBUG] [org.gradle.launcher.daemon.server.Daemon] DaemonExpirationPeriodicCheck running
17:33:12.340 [DEBUG] [org.gradle.launcher.daemon.server.health.DaemonStatus] GC rate: 0.0/s
17:33:12.341 [DEBUG] [org.gradle.cache.internal.DefaultFileLockManager] Waiting to acquire shared lock on daemon addresses registry.
17:33:12.341 [DEBUG] [org.gradle.cache.internal.DefaultFileLockManager] Lock acquired.
17:33:12.345 [DEBUG] [org.gradle.cache.internal.DefaultFileLockManager] Releasing lock on daemon addresses registry.
17:34:12.340 [DEBUG] [org.gradle.launcher.daemon.server.Daemon] DaemonExpirationPeriodicCheck running
17:34:12.340 [DEBUG] [org.gradle.launcher.daemon.server.health.DaemonStatus] GC rate: 0.0/s
17:34:12.340 [DEBUG] [org.gradle.cache.internal.DefaultFileLockManager] Waiting to acquire shared lock on daemon addresses registry.
17:34:12.341 [DEBUG] [org.gradle.cache.internal.DefaultFileLockManager] Lock acquired.
17:34:12.343 [DEBUG] [org.gradle.cache.internal.DefaultFileLockManager] Releasing lock on daemon addresses registry.
17:35:12.340 [DEBUG] [org.gradle.launcher.daemon.server.Daemon] DaemonExpirationPeriodicCheck running
17:35:12.340 [DEBUG] [org.gradle.launcher.daemon.server.health.DaemonStatus] GC rate: 0.0/s
17:35:12.341 [DEBUG] [org.gradle.cache.internal.DefaultFileLockManager] Waiting to acquire shared lock on daemon addresses registry.
17:35:12.341 [DEBUG] [org.gradle.cache.internal.DefaultFileLockManager] Lock acquired.
17:35:12.343 [DEBUG] [org.gradle.cache.internal.DefaultFileLockManager] Releasing lock on daemon addresses registry.
17:36:12.340 [DEBUG] [org.gradle.launcher.daemon.server.Daemon] DaemonExpirationPeriodicCheck running
17:36:12.340 [DEBUG] [org.gradle.launcher.daemon.server.health.DaemonStatus] GC rate: 0.0/s
17:36:12.341 [DEBUG] [org.gradle.cache.internal.DefaultFileLockManager] Waiting to acquire shared lock on daemon addresses registry.
17:36:12.341 [DEBUG] [org.gradle.cache.internal.DefaultFileLockManager] Lock acquired.
17:36:12.343 [DEBUG] [org.gradle.cache.internal.DefaultFileLockManager] Releasing lock on daemon addresses registry.
17:37:12.340 [DEBUG] [org.gradle.launcher.daemon.server.Daemon] DaemonExpirationPeriodicCheck running
17:37:12.340 [DEBUG] [org.gradle.launcher.daemon.server.health.DaemonStatus] GC rate: 0.0/s
17:37:12.341 [DEBUG] [org.gradle.cache.internal.DefaultFileLockManager] Waiting to acquire shared lock on daemon addresses registry.
17:37:12.342 [DEBUG] [org.gradle.cache.internal.DefaultFileLockManager] Lock acquired.
17:37:12.344 [DEBUG] [org.gradle.cache.internal.DefaultFileLockManager] Releasing lock on daemon addresses registry.
17:38:12.340 [DEBUG] [org.gradle.launcher.daemon.server.Daemon] DaemonExpirationPeriodicCheck running
17:38:12.340 [DEBUG] [org.gradle.launcher.daemon.server.health.DaemonStatus] GC rate: 0.0/s
17:38:12.341 [DEBUG] [org.gradle.cache.internal.DefaultFileLockManager] Waiting to acquire shared lock on daemon addresses registry.
17:38:12.341 [DEBUG] [org.gradle.cache.internal.DefaultFileLockManager] Lock acquired.
17:38:12.344 [DEBUG] [org.gradle.cache.internal.DefaultFileLockManager] Releasing lock on daemon addresses registry.
17:39:12.340 [DEBUG] [org.gradle.launcher.daemon.server.Daemon] DaemonExpirationPeriodicCheck running
17:39:12.340 [DEBUG] [org.gradle.launcher.daemon.server.health.DaemonStatus] GC rate: 0.0/s
17:39:12.340 [DEBUG] [org.gradle.cache.internal.DefaultFileLockManager] Waiting to acquire shared lock on daemon addresses registry.
17:39:12.340 [DEBUG] [org.gradle.cache.internal.DefaultFileLockManager] Lock acquired.
17:39:12.342 [DEBUG] [org.gradle.cache.internal.DefaultFileLockManager] Releasing lock on daemon addresses registry.
17:40:12.340 [DEBUG] [org.gradle.launcher.daemon.server.Daemon] DaemonExpirationPeriodicCheck running
17:40:12.340 [DEBUG] [org.gradle.launcher.daemon.server.health.DaemonStatus] GC rate: 0.0/s
17:40:12.341 [DEBUG] [org.gradle.cache.internal.DefaultFileLockManager] Waiting to acquire shared lock on daemon addresses registry.
17:40:12.341 [DEBUG] [org.gradle.cache.internal.DefaultFileLockManager] Lock acquired.
17:40:12.342 [DEBUG] [org.gradle.cache.internal.DefaultFileLockManager] Releasing lock on daemon addresses registry.
17:41:12.340 [DEBUG] [org.gradle.launcher.daemon.server.Daemon] DaemonExpirationPeriodicCheck running
17:41:12.340 [DEBUG] [org.gradle.launcher.daemon.server.health.DaemonStatus] GC rate: 0.0/s
17:41:12.340 [DEBUG] [org.gradle.cache.internal.DefaultFileLockManager] Waiting to acquire shared lock on daemon addresses registry.
17:41:12.340 [DEBUG] [org.gradle.cache.internal.DefaultFileLockManager] Lock acquired.
17:41:12.341 [DEBUG] [org.gradle.cache.internal.DefaultFileLockManager] Releasing lock on daemon addresses registry.
17:42:12.340 [DEBUG] [org.gradle.launcher.daemon.server.Daemon] DaemonExpirationPeriodicCheck running
17:42:12.340 [DEBUG] [org.gradle.launcher.daemon.server.health.DaemonStatus] GC rate: 0.0/s
17:42:12.340 [DEBUG] [org.gradle.cache.internal.DefaultFileLockManager] Waiting to acquire shared lock on daemon addresses registry.
17:42:12.340 [DEBUG] [org.gradle.cache.internal.DefaultFileLockManager] Lock acquired.
17:42:12.341 [DEBUG] [org.gradle.cache.internal.DefaultFileLockManager] Releasing lock on daemon addresses registry.
17:43:12.340 [DEBUG] [org.gradle.launcher.daemon.server.Daemon] DaemonExpirationPeriodicCheck running
17:43:12.340 [DEBUG] [org.gradle.launcher.daemon.server.health.DaemonStatus] GC rate: 0.0/s
17:43:12.341 [DEBUG] [org.gradle.cache.internal.DefaultFileLockManager] Waiting to acquire shared lock on daemon addresses registry.
17:43:12.341 [DEBUG] [org.gradle.cache.internal.DefaultFileLockManager] Lock acquired.
17:43:12.343 [DEBUG] [org.gradle.cache.internal.DefaultFileLockManager] Releasing lock on daemon addresses registry.
17:44:12.340 [DEBUG] [org.gradle.launcher.daemon.server.Daemon] DaemonExpirationPeriodicCheck running
17:44:12.340 [DEBUG] [org.gradle.launcher.daemon.server.health.DaemonStatus] GC rate: 0.0/s
17:44:12.340 [DEBUG] [org.gradle.cache.internal.DefaultFileLockManager] Waiting to acquire shared lock on daemon addresses registry.
17:44:12.341 [DEBUG] [org.gradle.cache.internal.DefaultFileLockManager] Lock acquired.
17:44:12.341 [DEBUG] [org.gradle.cache.internal.DefaultFileLockManager] Releasing lock on daemon addresses registry.
17:45:12.340 [DEBUG] [org.gradle.launcher.daemon.server.Daemon] DaemonExpirationPeriodicCheck running
17:45:12.340 [DEBUG] [org.gradle.launcher.daemon.server.health.DaemonStatus] GC rate: 0.0/s
17:45:12.342 [DEBUG] [org.gradle.cache.internal.DefaultFileLockManager] Waiting to acquire shared lock on daemon addresses registry.
17:45:12.342 [DEBUG] [org.gradle.cache.internal.DefaultFileLockManager] Lock acquired.
17:45:12.344 [DEBUG] [org.gradle.cache.internal.DefaultFileLockManager] Releasing lock on daemon addresses registry.
17:46:12.340 [DEBUG] [org.gradle.launcher.daemon.server.Daemon] DaemonExpirationPeriodicCheck running
17:46:12.340 [DEBUG] [org.gradle.launcher.daemon.server.health.DaemonStatus] GC rate: 0.0/s
17:46:12.341 [DEBUG] [org.gradle.cache.internal.DefaultFileLockManager] Waiting to acquire shared lock on daemon addresses registry.
17:46:12.341 [DEBUG] [org.gradle.cache.internal.DefaultFileLockManager] Lock acquired.
17:46:12.342 [DEBUG] [org.gradle.cache.internal.DefaultFileLockManager] Releasing lock on daemon addresses registry.
17:47:12.340 [DEBUG] [org.gradle.launcher.daemon.server.Daemon] DaemonExpirationPeriodicCheck running
17:47:12.340 [DEBUG] [org.gradle.launcher.daemon.server.health.DaemonStatus] GC rate: 0.0/s
17:47:12.340 [DEBUG] [org.gradle.cache.internal.DefaultFileLockManager] Waiting to acquire shared lock on daemon addresses registry.
17:47:12.340 [DEBUG] [org.gradle.cache.internal.DefaultFileLockManager] Lock acquired.
17:47:12.341 [DEBUG] [org.gradle.cache.internal.DefaultFileLockManager] Releasing lock on daemon addresses registry.
17:48:12.340 [DEBUG] [org.gradle.launcher.daemon.server.Daemon] DaemonExpirationPeriodicCheck running
17:48:12.340 [DEBUG] [org.gradle.launcher.daemon.server.health.DaemonStatus] GC rate: 0.0/s
17:48:12.340 [DEBUG] [org.gradle.cache.internal.DefaultFileLockManager] Waiting to acquire shared lock on daemon addresses registry.
17:48:12.340 [DEBUG] [org.gradle.cache.internal.DefaultFileLockManager] Lock acquired.
17:48:12.341 [DEBUG] [org.gradle.cache.internal.DefaultFileLockManager] Releasing lock on daemon addresses registry.
17:49:12.340 [DEBUG] [org.gradle.launcher.daemon.server.Daemon] DaemonExpirationPeriodicCheck running
17:49:12.340 [DEBUG] [org.gradle.launcher.daemon.server.health.DaemonStatus] GC rate: 0.0/s
17:49:12.340 [DEBUG] [org.gradle.cache.internal.DefaultFileLockManager] Waiting to acquire shared lock on daemon addresses registry.
17:49:12.341 [DEBUG] [org.gradle.cache.internal.DefaultFileLockManager] Lock acquired.
17:49:12.342 [DEBUG] [org.gradle.cache.internal.DefaultFileLockManager] Releasing lock on daemon addresses registry.
17:50:12.340 [DEBUG] [org.gradle.launcher.daemon.server.Daemon] DaemonExpirationPeriodicCheck running
17:50:12.340 [DEBUG] [org.gradle.launcher.daemon.server.health.DaemonStatus] GC rate: 0.0/s
17:50:12.341 [DEBUG] [org.gradle.cache.internal.DefaultFileLockManager] Waiting to acquire shared lock on daemon addresses registry.
17:50:12.341 [DEBUG] [org.gradle.cache.internal.DefaultFileLockManager] Lock acquired.
17:50:12.343 [DEBUG] [org.gradle.cache.internal.DefaultFileLockManager] Releasing lock on daemon addresses registry.
17:51:12.340 [DEBUG] [org.gradle.launcher.daemon.server.Daemon] DaemonExpirationPeriodicCheck running
17:51:12.340 [DEBUG] [org.gradle.launcher.daemon.server.health.DaemonStatus] GC rate: 0.0/s
17:51:12.340 [DEBUG] [org.gradle.cache.internal.DefaultFileLockManager] Waiting to acquire shared lock on daemon addresses registry.
17:51:12.340 [DEBUG] [org.gradle.cache.internal.DefaultFileLockManager] Lock acquired.
17:51:12.341 [DEBUG] [org.gradle.cache.internal.DefaultFileLockManager] Releasing lock on daemon addresses registry.
17:52:12.340 [DEBUG] [org.gradle.launcher.daemon.server.Daemon] DaemonExpirationPeriodicCheck running
17:52:12.340 [DEBUG] [org.gradle.launcher.daemon.server.health.DaemonStatus] GC rate: 0.0/s
17:52:12.341 [DEBUG] [org.gradle.cache.internal.DefaultFileLockManager] Waiting to acquire shared lock on daemon addresses registry.
17:52:12.341 [DEBUG] [org.gradle.cache.internal.DefaultFileLockManager] Lock acquired.
17:52:12.342 [DEBUG] [org.gradle.cache.internal.DefaultFileLockManager] Releasing lock on daemon addresses registry.
17:53:12.340 [DEBUG] [org.gradle.launcher.daemon.server.Daemon] DaemonExpirationPeriodicCheck running
17:53:12.340 [DEBUG] [org.gradle.launcher.daemon.server.health.DaemonStatus] GC rate: 0.0/s
17:53:12.340 [DEBUG] [org.gradle.cache.internal.DefaultFileLockManager] Waiting to acquire shared lock on daemon addresses registry.
17:53:12.340 [DEBUG] [org.gradle.cache.internal.DefaultFileLockManager] Lock acquired.
17:53:12.342 [DEBUG] [org.gradle.cache.internal.DefaultFileLockManager] Releasing lock on daemon addresses registry.
17:54:12.340 [DEBUG] [org.gradle.launcher.daemon.server.Daemon] DaemonExpirationPeriodicCheck running
17:54:12.340 [DEBUG] [org.gradle.launcher.daemon.server.health.DaemonStatus] GC rate: 0.0/s
17:54:12.341 [DEBUG] [org.gradle.cache.internal.DefaultFileLockManager] Waiting to acquire shared lock on daemon addresses registry.
17:54:12.341 [DEBUG] [org.gradle.cache.internal.DefaultFileLockManager] Lock acquired.
17:54:12.343 [DEBUG] [org.gradle.cache.internal.DefaultFileLockManager] Releasing lock on daemon addresses registry.
17:55:12.340 [DEBUG] [org.gradle.launcher.daemon.server.Daemon] DaemonExpirationPeriodicCheck running
17:55:12.340 [DEBUG] [org.gradle.launcher.daemon.server.health.DaemonStatus] GC rate: 0.0/s
17:55:12.341 [DEBUG] [org.gradle.cache.internal.DefaultFileLockManager] Waiting to acquire shared lock on daemon addresses registry.
17:55:12.341 [DEBUG] [org.gradle.cache.internal.DefaultFileLockManager] Lock acquired.
17:55:12.343 [DEBUG] [org.gradle.cache.internal.DefaultFileLockManager] Releasing lock on daemon addresses registry.
17:56:12.340 [DEBUG] [org.gradle.launcher.daemon.server.Daemon] DaemonExpirationPeriodicCheck running
17:56:12.340 [DEBUG] [org.gradle.launcher.daemon.server.health.DaemonStatus] GC rate: 0.0/s
17:56:12.340 [DEBUG] [org.gradle.cache.internal.DefaultFileLockManager] Waiting to acquire shared lock on daemon addresses registry.
17:56:12.340 [DEBUG] [org.gradle.cache.internal.DefaultFileLockManager] Lock acquired.
17:56:12.341 [DEBUG] [org.gradle.cache.internal.DefaultFileLockManager] Releasing lock on daemon addresses registry.
17:57:12.340 [DEBUG] [org.gradle.launcher.daemon.server.Daemon] DaemonExpirationPeriodicCheck running
17:57:12.340 [DEBUG] [org.gradle.launcher.daemon.server.health.DaemonStatus] GC rate: 0.0/s
17:57:12.341 [DEBUG] [org.gradle.cache.internal.DefaultFileLockManager] Waiting to acquire shared lock on daemon addresses registry.
17:57:12.341 [DEBUG] [org.gradle.cache.internal.DefaultFileLockManager] Lock acquired.
17:57:12.342 [DEBUG] [org.gradle.cache.internal.DefaultFileLockManager] Releasing lock on daemon addresses registry.
17:58:12.340 [DEBUG] [org.gradle.launcher.daemon.server.Daemon] DaemonExpirationPeriodicCheck running
17:58:12.340 [DEBUG] [org.gradle.launcher.daemon.server.health.DaemonStatus] GC rate: 0.0/s
17:58:12.340 [DEBUG] [org.gradle.cache.internal.DefaultFileLockManager] Waiting to acquire shared lock on daemon addresses registry.
17:58:12.341 [DEBUG] [org.gradle.cache.internal.DefaultFileLockManager] Lock acquired.
17:58:12.342 [DEBUG] [org.gradle.cache.internal.DefaultFileLockManager] Releasing lock on daemon addresses registry.
17:59:12.340 [DEBUG] [org.gradle.launcher.daemon.server.Daemon] DaemonExpirationPeriodicCheck running
17:59:12.340 [DEBUG] [org.gradle.launcher.daemon.server.health.DaemonStatus] GC rate: 0.0/s
17:59:12.341 [DEBUG] [org.gradle.cache.internal.DefaultFileLockManager] Waiting to acquire shared lock on daemon addresses registry.
17:59:12.341 [DEBUG] [org.gradle.cache.internal.DefaultFileLockManager] Lock acquired.
17:59:12.343 [DEBUG] [org.gradle.cache.internal.DefaultFileLockManager] Releasing lock on daemon addresses registry.
18:00:12.340 [DEBUG] [org.gradle.launcher.daemon.server.Daemon] DaemonExpirationPeriodicCheck running
18:00:12.340 [DEBUG] [org.gradle.launcher.daemon.server.health.DaemonStatus] GC rate: 0.0/s
18:00:12.341 [DEBUG] [org.gradle.cache.internal.DefaultFileLockManager] Waiting to acquire shared lock on daemon addresses registry.
18:00:12.341 [DEBUG] [org.gradle.cache.internal.DefaultFileLockManager] Lock acquired.
18:00:12.343 [DEBUG] [org.gradle.cache.internal.DefaultFileLockManager] Releasing lock on daemon addresses registry.
18:01:12.340 [DEBUG] [org.gradle.launcher.daemon.server.Daemon] DaemonExpirationPeriodicCheck running
18:01:12.340 [DEBUG] [org.gradle.launcher.daemon.server.health.DaemonStatus] GC rate: 0.0/s
18:01:12.340 [DEBUG] [org.gradle.cache.internal.DefaultFileLockManager] Waiting to acquire shared lock on daemon addresses registry.
18:01:12.341 [DEBUG] [org.gradle.cache.internal.DefaultFileLockManager] Lock acquired.
18:01:12.342 [DEBUG] [org.gradle.cache.internal.DefaultFileLockManager] Releasing lock on daemon addresses registry.
18:02:12.340 [DEBUG] [org.gradle.launcher.daemon.server.Daemon] DaemonExpirationPeriodicCheck running
18:02:12.340 [DEBUG] [org.gradle.launcher.daemon.server.health.DaemonStatus] GC rate: 0.0/s
18:02:12.341 [DEBUG] [org.gradle.cache.internal.DefaultFileLockManager] Waiting to acquire shared lock on daemon addresses registry.
18:02:12.341 [DEBUG] [org.gradle.cache.internal.DefaultFileLockManager] Lock acquired.
18:02:12.343 [DEBUG] [org.gradle.cache.internal.DefaultFileLockManager] Releasing lock on daemon addresses registry.
18:03:12.340 [DEBUG] [org.gradle.launcher.daemon.server.Daemon] DaemonExpirationPeriodicCheck running
18:03:12.340 [DEBUG] [org.gradle.launcher.daemon.server.health.DaemonStatus] GC rate: 0.0/s
18:03:12.341 [DEBUG] [org.gradle.cache.internal.DefaultFileLockManager] Waiting to acquire shared lock on daemon addresses registry.
18:03:12.341 [DEBUG] [org.gradle.cache.internal.DefaultFileLockManager] Lock acquired.
18:03:12.344 [DEBUG] [org.gradle.cache.internal.DefaultFileLockManager] Releasing lock on daemon addresses registry.
18:04:12.340 [DEBUG] [org.gradle.launcher.daemon.server.Daemon] DaemonExpirationPeriodicCheck running
18:04:12.340 [DEBUG] [org.gradle.launcher.daemon.server.health.DaemonStatus] GC rate: 0.0/s
18:04:12.341 [DEBUG] [org.gradle.cache.internal.DefaultFileLockManager] Waiting to acquire shared lock on daemon addresses registry.
18:04:12.341 [DEBUG] [org.gradle.cache.internal.DefaultFileLockManager] Lock acquired.
18:04:12.343 [DEBUG] [org.gradle.cache.internal.DefaultFileLockManager] Releasing lock on daemon addresses registry.
18:05:12.340 [DEBUG] [org.gradle.launcher.daemon.server.Daemon] DaemonExpirationPeriodicCheck running
18:05:12.340 [DEBUG] [org.gradle.launcher.daemon.server.health.DaemonStatus] GC rate: 0.0/s
18:05:12.340 [DEBUG] [org.gradle.cache.internal.DefaultFileLockManager] Waiting to acquire shared lock on daemon addresses registry.
18:05:12.341 [DEBUG] [org.gradle.cache.internal.DefaultFileLockManager] Lock acquired.
18:05:12.342 [DEBUG] [org.gradle.cache.internal.DefaultFileLockManager] Releasing lock on daemon addresses registry.
18:06:12.340 [DEBUG] [org.gradle.launcher.daemon.server.Daemon] DaemonExpirationPeriodicCheck running
18:06:12.340 [DEBUG] [org.gradle.launcher.daemon.server.health.DaemonStatus] GC rate: 0.0/s
18:06:12.340 [DEBUG] [org.gradle.cache.internal.DefaultFileLockManager] Waiting to acquire shared lock on daemon addresses registry.
18:06:12.341 [DEBUG] [org.gradle.cache.internal.DefaultFileLockManager] Lock acquired.
18:06:12.342 [DEBUG] [org.gradle.cache.internal.DefaultFileLockManager] Releasing lock on daemon addresses registry.
18:07:12.340 [DEBUG] [org.gradle.launcher.daemon.server.Daemon] DaemonExpirationPeriodicCheck running
18:07:12.340 [DEBUG] [org.gradle.launcher.daemon.server.health.DaemonStatus] GC rate: 0.0/s
18:07:12.340 [DEBUG] [org.gradle.cache.internal.DefaultFileLockManager] Waiting to acquire shared lock on daemon addresses registry.
18:07:12.341 [DEBUG] [org.gradle.cache.internal.DefaultFileLockManager] Lock acquired.
18:07:12.342 [DEBUG] [org.gradle.cache.internal.DefaultFileLockManager] Releasing lock on daemon addresses registry.
18:08:12.340 [DEBUG] [org.gradle.launcher.daemon.server.Daemon] DaemonExpirationPeriodicCheck running
18:08:12.340 [DEBUG] [org.gradle.launcher.daemon.server.health.DaemonStatus] GC rate: 0.0/s
18:08:12.341 [DEBUG] [org.gradle.cache.internal.DefaultFileLockManager] Waiting to acquire shared lock on daemon addresses registry.
18:08:12.341 [DEBUG] [org.gradle.cache.internal.DefaultFileLockManager] Lock acquired.
18:08:12.343 [DEBUG] [org.gradle.cache.internal.DefaultFileLockManager] Releasing lock on daemon addresses registry.
18:09:12.340 [DEBUG] [org.gradle.launcher.daemon.server.Daemon] DaemonExpirationPeriodicCheck running
18:09:12.340 [DEBUG] [org.gradle.launcher.daemon.server.health.DaemonStatus] GC rate: 0.0/s
18:09:12.341 [DEBUG] [org.gradle.cache.internal.DefaultFileLockManager] Waiting to acquire shared lock on daemon addresses registry.
18:09:12.341 [DEBUG] [org.gradle.cache.internal.DefaultFileLockManager] Lock acquired.
18:09:12.342 [DEBUG] [org.gradle.cache.internal.DefaultFileLockManager] Releasing lock on daemon addresses registry.
18:10:12.340 [DEBUG] [org.gradle.launcher.daemon.server.Daemon] DaemonExpirationPeriodicCheck running
18:10:12.340 [DEBUG] [org.gradle.launcher.daemon.server.health.DaemonStatus] GC rate: 0.0/s
18:10:12.341 [INFO] [org.gradle.launcher.daemon.server.DaemonIdleTimeoutExpirationStrategy] Idle timeout: daemon has been idle for 2741835 milliseconds. Expiring.
18:10:12.342 [INFO] [org.gradle.launcher.daemon.server.Daemon] Daemon expiration criteria met, requesting stop
18:10:12.342 [LIFECYCLE] [org.gradle.launcher.daemon.server.Daemon] Daemon stopping because daemon has been idle for 2741835 milliseconds and Free system memory (1309777920 bytes) is below threshold of 2495751782 bytes
18:10:12.343 [DEBUG] [org.gradle.launcher.daemon.server.DaemonStateCoordinator] Stop as soon as idle requested. The daemon is busy: false
18:10:12.343 [DEBUG] [org.gradle.launcher.daemon.server.DaemonStateCoordinator] Marking daemon stopped due to stop requested and daemon idle. The daemon is running a build: false
18:10:12.343 [DEBUG] [org.gradle.launcher.daemon.server.DaemonStateCoordinator] daemon has stopped.
18:10:12.343 [DEBUG] [org.gradle.launcher.daemon.server.Daemon] stop() called on daemon
18:10:12.343 [INFO] [org.gradle.launcher.daemon.server.Daemon] Stop requested. Daemon is removing its presence from the registry...
18:10:12.344 [DEBUG] [org.gradle.launcher.daemon.server.DomainRegistryUpdater] Removing our presence to clients, eg. removing this address from the registry: [3e5799ae-56c7-45aa-ab4c-392965329c72 port:47337, addresses:[/0:0:0:0:0:0:0:1%lo, /127.0.0.1]]
18:10:12.344 [DEBUG] [org.gradle.launcher.daemon.registry.PersistentDaemonRegistry] Removing daemon address: [3e5799ae-56c7-45aa-ab4c-392965329c72 port:47337, addresses:[/0:0:0:0:0:0:0:1%lo, /127.0.0.1]]
18:10:12.345 [DEBUG] [org.gradle.cache.internal.DefaultFileLockManager] Waiting to acquire exclusive lock on daemon addresses registry.
18:10:12.346 [DEBUG] [org.gradle.cache.internal.DefaultFileLockManager] Lock acquired.
18:10:12.349 [DEBUG] [org.gradle.cache.internal.DefaultFileLockManager] Releasing lock on daemon addresses registry.
18:10:12.349 [DEBUG] [org.gradle.launcher.daemon.server.DomainRegistryUpdater] Address removed from registry.
Daemon vm is shutting down... The daemon has exited normally or was terminated in response to a user interrupt.
18:10:12.354 [DEBUG] [org.gradle.launcher.daemon.registry.PersistentDaemonRegistry] Removing daemon address: [3e5799ae-56c7-45aa-ab4c-392965329c72 port:47337, addresses:[/0:0:0:0:0:0:0:1%lo, /127.0.0.1]]
18:10:12.355 [DEBUG] [org.gradle.cache.internal.DefaultFileLockManager] Waiting to acquire exclusive lock on daemon addresses registry.
18:10:12.355 [DEBUG] [org.gradle.cache.internal.DefaultFileLockManager] Lock acquired.
18:10:12.356 [DEBUG] [org.gradle.cache.internal.DefaultFileLockManager] Releasing lock on daemon addresses registry.
