16:06:29.256 [INFO] [org.gradle.launcher.daemon.server.Daemon] start() called on daemon - DefaultDaemonContext[uid=8b38687b-d6b3-49ab-9baf-bf7fe86adf6d,javaHome=/home/zcy/dev/jdk1.8.0_60,daemonRegistryDir=/home/zcy/dev/gradle_user_dir/daemon,pid=10780,idleTimeout=10800000,daemonOpts=-XX:MaxPermSize=256m,-XX:+HeapDumpOnOutOfMemoryError,-Xmx1024m,-Dfile.encoding=UTF-8,-Duser.country=CN,-Duser.language=zh,-Duser.variant]
16:06:29.259 [DEBUG] [org.gradle.launcher.daemon.server.DaemonStateCoordinator] updating lastActivityAt to 1477296389259
16:06:29.269 [DEBUG] [org.gradle.internal.remote.internal.inet.InetAddressFactory] Adding IP addresses for network interface wlan0
16:06:29.270 [DEBUG] [org.gradle.internal.remote.internal.inet.InetAddressFactory] Is this a loopback interface? false
16:06:29.270 [DEBUG] [org.gradle.internal.remote.internal.inet.InetAddressFactory] Is this a multicast interface? true
16:06:29.271 [DEBUG] [org.gradle.internal.remote.internal.inet.InetAddressFactory] Adding remote address /fe80:0:0:0:a6db:30ff:fef5:30a4%wlan0
16:06:29.271 [DEBUG] [org.gradle.internal.remote.internal.inet.InetAddressFactory] Adding remote address /192.168.18.176
16:06:29.272 [DEBUG] [org.gradle.internal.remote.internal.inet.InetAddressFactory] Adding remote multicast interface wlan0
16:06:29.273 [DEBUG] [org.gradle.internal.remote.internal.inet.InetAddressFactory] Adding IP addresses for network interface lo
16:06:29.273 [DEBUG] [org.gradle.internal.remote.internal.inet.InetAddressFactory] Is this a loopback interface? true
16:06:29.273 [DEBUG] [org.gradle.internal.remote.internal.inet.InetAddressFactory] Is this a multicast interface? false
16:06:29.274 [DEBUG] [org.gradle.internal.remote.internal.inet.InetAddressFactory] Adding loopback address /0:0:0:0:0:0:0:1%lo
16:06:29.274 [DEBUG] [org.gradle.internal.remote.internal.inet.InetAddressFactory] Adding loopback address /127.0.0.1
16:06:29.278 [DEBUG] [org.gradle.internal.remote.internal.inet.TcpIncomingConnector] Listening on [58a03e24-76ce-4bfd-bca1-f135241f9736 port:33861, addresses:[/0:0:0:0:0:0:0:1%lo, /127.0.0.1]].
16:06:29.283 [DEBUG] [org.gradle.launcher.daemon.server.Daemon] Daemon starting at: Mon Oct 24 16:06:29 CST 2016, with address: [58a03e24-76ce-4bfd-bca1-f135241f9736 port:33861, addresses:[/0:0:0:0:0:0:0:1%lo, /127.0.0.1]]
16:06:29.284 [INFO] [org.gradle.launcher.daemon.server.DomainRegistryUpdater] Advertising the daemon address to the clients: [58a03e24-76ce-4bfd-bca1-f135241f9736 port:33861, addresses:[/0:0:0:0:0:0:0:1%lo, /127.0.0.1]]
16:06:29.285 [DEBUG] [org.gradle.launcher.daemon.server.DomainRegistryUpdater] Advertised daemon context: DefaultDaemonContext[uid=8b38687b-d6b3-49ab-9baf-bf7fe86adf6d,javaHome=/home/zcy/dev/jdk1.8.0_60,daemonRegistryDir=/home/zcy/dev/gradle_user_dir/daemon,pid=10780,idleTimeout=10800000,daemonOpts=-XX:MaxPermSize=256m,-XX:+HeapDumpOnOutOfMemoryError,-Xmx1024m,-Dfile.encoding=UTF-8,-Duser.country=CN,-Duser.language=zh,-Duser.variant]
16:06:29.286 [DEBUG] [org.gradle.launcher.daemon.registry.PersistentDaemonRegistry] Storing daemon address: [58a03e24-76ce-4bfd-bca1-f135241f9736 port:33861, addresses:[/0:0:0:0:0:0:0:1%lo, /127.0.0.1]], context: DefaultDaemonContext[uid=8b38687b-d6b3-49ab-9baf-bf7fe86adf6d,javaHome=/home/zcy/dev/jdk1.8.0_60,daemonRegistryDir=/home/zcy/dev/gradle_user_dir/daemon,pid=10780,idleTimeout=10800000,daemonOpts=-XX:MaxPermSize=256m,-XX:+HeapDumpOnOutOfMemoryError,-Xmx1024m,-Dfile.encoding=UTF-8,-Duser.country=CN,-Duser.language=zh,-Duser.variant]
16:06:29.294 [DEBUG] [org.gradle.cache.internal.DefaultFileLockManager] Waiting to acquire exclusive lock on daemon addresses registry.
16:06:29.295 [DEBUG] [org.gradle.cache.internal.DefaultFileLockManager] Lock acquired.
16:06:29.297 [DEBUG] [org.gradle.cache.internal.DefaultFileLockManager] Releasing lock on daemon addresses registry.
16:06:29.298 [DEBUG] [org.gradle.cache.internal.DefaultFileLockManager] Waiting to acquire exclusive lock on daemon addresses registry.
16:06:29.299 [DEBUG] [org.gradle.cache.internal.DefaultFileLockManager] Lock acquired.
16:06:29.319 [DEBUG] [org.gradle.cache.internal.DefaultFileLockManager] Releasing lock on daemon addresses registry.
16:06:29.320 [LIFECYCLE] [org.gradle.launcher.daemon.server.Daemon] Daemon server started.
16:06:29.322 [DEBUG] [org.gradle.launcher.daemon.bootstrap.DaemonStartupCommunication] Completed writing the daemon greeting. Closing streams...
16:06:29.329 [DEBUG] [org.gradle.launcher.daemon.server.Daemon] stopOnExpiration() called on daemon
16:06:29.330 [DEBUG] [org.gradle.launcher.daemon.server.Daemon] awaitExpiration() called on daemon
16:06:29.330 [DEBUG] [org.gradle.launcher.daemon.server.DaemonStateCoordinator] daemon is running. Sleeping until state changes.
16:06:29.362 [DEBUG] [org.gradle.internal.remote.internal.inet.TcpIncomingConnector] Accepted connection from /0:0:0:0:0:0:0:1:51803 to /0:0:0:0:0:0:0:1:33861.
16:06:29.445 [DEBUG] [org.gradle.launcher.daemon.server.SynchronizedDispatchConnection] thread 15: received class org.gradle.launcher.daemon.protocol.Build
16:06:29.445 [DEBUG] [org.gradle.launcher.daemon.server.DefaultDaemonConnection] thread 15: Received non-IO message from client: Build{id=7aa73dcb-b905-4c0c-bbd8-e4a382d6e6b2.1, currentDir=/home/zcy/dev/eclipse}
16:06:29.446 [INFO] [org.gradle.launcher.daemon.server.DefaultIncomingConnectionHandler] Received command: Build{id=7aa73dcb-b905-4c0c-bbd8-e4a382d6e6b2.1, currentDir=/home/zcy/dev/eclipse}.
16:06:29.446 [DEBUG] [org.gradle.launcher.daemon.server.DefaultIncomingConnectionHandler] Starting executing command: Build{id=7aa73dcb-b905-4c0c-bbd8-e4a382d6e6b2.1, currentDir=/home/zcy/dev/eclipse} with connection: socket connection from /0:0:0:0:0:0:0:1:33861 to /0:0:0:0:0:0:0:1:51803.
16:06:29.455 [DEBUG] [org.gradle.launcher.daemon.server.DaemonStateCoordinator] Command execution: started DaemonCommandExecution[command = Build{id=7aa73dcb-b905-4c0c-bbd8-e4a382d6e6b2.1, currentDir=/home/zcy/dev/eclipse}, connection = org.gradle.launcher.daemon.server.DefaultDaemonConnection@7cf2ef3d] after 0.0 minutes of idle
16:06:29.456 [INFO] [org.gradle.launcher.daemon.server.DomainRegistryUpdater] Marking the daemon as busy, address: [58a03e24-76ce-4bfd-bca1-f135241f9736 port:33861, addresses:[/0:0:0:0:0:0:0:1%lo, /127.0.0.1]]
16:06:29.456 [DEBUG] [org.gradle.launcher.daemon.registry.PersistentDaemonRegistry] Marking busy by address: [58a03e24-76ce-4bfd-bca1-f135241f9736 port:33861, addresses:[/0:0:0:0:0:0:0:1%lo, /127.0.0.1]]
16:06:29.457 [DEBUG] [org.gradle.cache.internal.DefaultFileLockManager] Waiting to acquire exclusive lock on daemon addresses registry.
16:06:29.458 [DEBUG] [org.gradle.cache.internal.DefaultFileLockManager] Lock acquired.
16:06:29.463 [DEBUG] [org.gradle.cache.internal.DefaultFileLockManager] Releasing lock on daemon addresses registry.
16:06:29.463 [DEBUG] [org.gradle.launcher.daemon.server.DaemonStateCoordinator] updating lastActivityAt to 1477296389463
16:06:29.464 [DEBUG] [org.gradle.launcher.daemon.server.DaemonStateCoordinator] daemon is running. Sleeping until state changes.
16:06:29.473 [INFO] [org.gradle.launcher.daemon.server.exec.StartBuildOrRespondWithBusy] Daemon is about to start building Build{id=7aa73dcb-b905-4c0c-bbd8-e4a382d6e6b2.1, currentDir=/home/zcy/dev/eclipse}. Dispatching build started information...
16:06:29.474 [DEBUG] [org.gradle.launcher.daemon.server.SynchronizedDispatchConnection] thread 17: dispatching class org.gradle.launcher.daemon.protocol.BuildStarted
16:06:29.480 [DEBUG] [org.gradle.launcher.daemon.server.exec.EstablishBuildEnvironment] Configuring env variables: {PATH=/home/zcy/dev/gradle-2.14.1/bin:/home/zcy/dev/jdk1.8.0_60/bin:/usr/local/sbin:/usr/local/bin:/usr/sbin:/usr/bin:/sbin:/bin:/usr/games:/usr/local/games, XAUTHORITY=/home/zcy/.Xauthority, XMODIFIERS=@im=fcitx, XDG_DATA_DIRS=/usr/share/ubuntu:/usr/share/gnome:/usr/local/share/:/usr/share/, GDMSESSION=ubuntu, MANDATORY_PATH=/usr/share/gconf/ubuntu.mandatory.path, TEXTDOMAINDIR=/usr/share/locale/, GTK_IM_MODULE=fcitx, DBUS_SESSION_BUS_ADDRESS=unix:abstract=/tmp/dbus-UYxNfGQMgW, DEFAULTS_PATH=/usr/share/gconf/ubuntu.default.path, XDG_CURRENT_DESKTOP=Unity, COLORTERM=gnome-terminal, QT4_IM_MODULE=fcitx, UPSTART_SESSION=unix:abstract=/com/ubuntu/upstart-session/1000/1751, LOGNAME=zcy, PWD=/home/zcy/dev/eclipse, JOB=gnome-session, IM_CONFIG_PHASE=1, LANGUAGE=zh_CN:zh, WINDOWID=69214540, LESSOPEN=| /usr/bin/lesspipe %s, SHELL=/bin/bash, INSTANCE=Unity, OLDPWD=/home/zcy/dev, UPSTART_INSTANCE=, GNOME_DESKTOP_SESSION_ID=this-is-deprecated, GTK_MODULES=overlay-scrollbar:unity-gtk-module, CLUTTER_IM_MODULE=xim, TEXTDOMAIN=im-config, XDG_SESSION_PATH=/org/freedesktop/DisplayManager/Session0, SESSIONTYPE=gnome-session, LS_COLORS=rs=0:di=01;34:ln=01;36:mh=00:pi=40;33:so=01;35:do=01;35:bd=40;33;01:cd=40;33;01:or=40;31;01:su=37;41:sg=30;43:ca=30;41:tw=30;42:ow=34;42:st=37;44:ex=01;32:*.tar=01;31:*.tgz=01;31:*.arj=01;31:*.taz=01;31:*.lzh=01;31:*.lzma=01;31:*.tlz=01;31:*.txz=01;31:*.zip=01;31:*.z=01;31:*.Z=01;31:*.dz=01;31:*.gz=01;31:*.lz=01;31:*.xz=01;31:*.bz2=01;31:*.bz=01;31:*.tbz=01;31:*.tbz2=01;31:*.tz=01;31:*.deb=01;31:*.rpm=01;31:*.jar=01;31:*.war=01;31:*.ear=01;31:*.sar=01;31:*.rar=01;31:*.ace=01;31:*.zoo=01;31:*.cpio=01;31:*.7z=01;31:*.rz=01;31:*.jpg=01;35:*.jpeg=01;35:*.gif=01;35:*.bmp=01;35:*.pbm=01;35:*.pgm=01;35:*.ppm=01;35:*.tga=01;35:*.xbm=01;35:*.xpm=01;35:*.tif=01;35:*.tiff=01;35:*.png=01;35:*.svg=01;35:*.svgz=01;35:*.mng=01;35:*.pcx=01;35:*.mov=01;35:*.mpg=01;35:*.mpeg=01;35:*.m2v=01;35:*.mkv=01;35:*.webm=01;35:*.ogm=01;35:*.mp4=01;35:*.m4v=01;35:*.mp4v=01;35:*.vob=01;35:*.qt=01;35:*.nuv=01;35:*.wmv=01;35:*.asf=01;35:*.rm=01;35:*.rmvb=01;35:*.flc=01;35:*.avi=01;35:*.fli=01;35:*.flv=01;35:*.gl=01;35:*.dl=01;35:*.xcf=01;35:*.xwd=01;35:*.yuv=01;35:*.cgm=01;35:*.emf=01;35:*.axv=01;35:*.anx=01;35:*.ogv=01;35:*.ogx=01;35:*.aac=00;36:*.au=00;36:*.flac=00;36:*.mid=00;36:*.midi=00;36:*.mka=00;36:*.mp3=00;36:*.mpc=00;36:*.ogg=00;36:*.ra=00;36:*.wav=00;36:*.axa=00;36:*.oga=00;36:*.spx=00;36:*.xspf=00;36:, SHLVL=1, LESSCLOSE=/usr/bin/lesspipe %s %s, OXYGEN_DISABLE_INNER_SHADOWS_HACK=1, COMPIZ_CONFIG_PROFILE=ubuntu, UPSTART_JOB=unity-settings-daemon, QT_IM_MODULE=xim, JAVA_HOME=/home/zcy/dev/jdk1.8.0_60, TERM=xterm, XFILESEARCHPATH=/usr/dt/app-defaults/%L/Dt, XDG_CONFIG_DIRS=/etc/xdg/xdg-ubuntu:/usr/share/upstart/xdg:/etc/xdg, LANG=zh_CN.UTF-8, XDG_SEAT_PATH=/org/freedesktop/DisplayManager/Seat0, GNOME_KEYRING_CONTROL=/run/user/1000/keyring-UEUagB, XDG_SESSION_ID=c2, GRADLE_HOME=/home/zcy/dev/gradle-2.14.1, SELINUX_INIT=YES, DISPLAY=:0, _=/usr/bin/nohup, GDM_LANG=zh_CN, XDG_GREETER_DATA_DIR=/var/lib/lightdm-data/zcy, LIBOVERLAY_SCROLLBAR=0, UPSTART_EVENTS=started starting, GDK_CORE_DEVICE_EVENTS=1, DESKTOP_SESSION=ubuntu, GPG_AGENT_INFO=/run/user/1000/keyring-UEUagB/gpg:0:1, USER=zcy, VTE_VERSION=3409, XDG_SEAT=seat0, SSH_AUTH_SOCK=/run/user/1000/keyring-UEUagB/ssh, NLSPATH=/usr/dt/lib/nls/msg/%L/%N.cat, QT_QPA_PLATFORMTHEME=appmenu-qt5, XDG_RUNTIME_DIR=/run/user/1000, XDG_VTNR=7, HOME=/home/zcy, GNOME_KEYRING_PID=1749}
16:06:29.487 [DEBUG] [org.gradle.launcher.daemon.server.SynchronizedDispatchConnection] thread 15: received class org.gradle.launcher.daemon.protocol.CloseInput
16:06:29.487 [DEBUG] [org.gradle.launcher.daemon.server.DefaultDaemonConnection] thread 15: Received IO message from client: org.gradle.launcher.daemon.protocol.CloseInput@51c91d7d
16:06:29.491 [DEBUG] [org.gradle.launcher.daemon.server.exec.LogToClient] About to start relaying all logs to the client via the connection.
16:06:29.492 [INFO] [org.gradle.launcher.daemon.server.exec.LogToClient] The client will now receive all logging from the daemon (pid: 10780). The daemon log file: /home/zcy/dev/gradle_user_dir/daemon/2.14.1/daemon-10780.out.log
16:06:29.495 [INFO] [org.gradle.launcher.daemon.server.health.DaemonHealthTracker] Starting build in new daemon [memory: 954.7 MB]
16:06:29.496 [INFO] [org.gradle.launcher.daemon.server.exec.ForwardClientInput] Closing daemon's stdin at end of input.
16:06:29.497 [INFO] [org.gradle.launcher.daemon.server.exec.ForwardClientInput] The daemon will no longer process any standard input.
16:06:29.500 [DEBUG] [org.gradle.launcher.daemon.server.exec.ExecuteBuild] The daemon has started executing the build.
16:06:29.501 [INFO] [org.gradle.launcher.daemon.server.exec.ExecuteBuild] Executing build with daemon context: DefaultDaemonContext[uid=8b38687b-d6b3-49ab-9baf-bf7fe86adf6d,javaHome=/home/zcy/dev/jdk1.8.0_60,daemonRegistryDir=/home/zcy/dev/gradle_user_dir/daemon,pid=10780,idleTimeout=10800000,daemonOpts=-XX:MaxPermSize=256m,-XX:+HeapDumpOnOutOfMemoryError,-Xmx1024m,-Dfile.encoding=UTF-8,-Duser.country=CN,-Duser.language=zh,-Duser.variant]

CONFIGURE SUCCESSFUL

Total time: 6.471 secs
Download https://repo1.maven.org/maven2/net/sf/json-lib/json-lib/2.4/json-lib-2.4.pom
Download https://repo1.maven.org/maven2/org/codehaus/jackson/jackson-mapper-asl/1.9.13/jackson-mapper-asl-1.9.13.pom
Download https://repo1.maven.org/maven2/com/fasterxml/jackson/core/jackson-core/2.6.4/jackson-core-2.6.4.pom
Download https://repo1.maven.org/maven2/com/fasterxml/jackson/jackson-parent/2.6.2/jackson-parent-2.6.2.pom
Download https://repo1.maven.org/maven2/com/fasterxml/oss-parent/24/oss-parent-24.pom
Download https://repo1.maven.org/maven2/com/fasterxml/jackson/core/jackson-databind/2.6.4/jackson-databind-2.6.4.pom
Download https://repo1.maven.org/maven2/com/fasterxml/jackson/core/jackson-annotations/2.6.4/jackson-annotations-2.6.4.pom
Download https://repo1.maven.org/maven2/com/fasterxml/jackson/jackson-parent/2.6.1/jackson-parent-2.6.1.pom
Download https://repo1.maven.org/maven2/com/fasterxml/oss-parent/23/oss-parent-23.pom
Download https://repo1.maven.org/maven2/commons-fileupload/commons-fileupload/1.3.1/commons-fileupload-1.3.1.pom
Download https://repo1.maven.org/maven2/org/apache/commons/commons-parent/32/commons-parent-32.pom
Download https://repo1.maven.org/maven2/org/apache/apache/13/apache-13.pom
Download https://repo1.maven.org/maven2/com/alibaba/druid/1.0.16/druid-1.0.16.pom
Download https://repo1.maven.org/maven2/mysql/mysql-connector-java/5.1.37/mysql-connector-java-5.1.37.pom
Download https://repo1.maven.org/maven2/org/apache/commons/commons-lang3/3.4/commons-lang3-3.4.pom
Download https://repo1.maven.org/maven2/org/apache/commons/commons-parent/37/commons-parent-37.pom
Download https://repo1.maven.org/maven2/org/apache/apache/16/apache-16.pom
Download https://repo1.maven.org/maven2/org/apache/logging/log4j/log4j-api/2.5/log4j-api-2.5.pom
Download https://repo1.maven.org/maven2/org/apache/logging/log4j/log4j/2.5/log4j-2.5.pom
Download https://repo1.maven.org/maven2/org/apache/apache/9/apache-9.pom
Download https://repo1.maven.org/maven2/org/apache/logging/log4j/log4j-core/2.5/log4j-core-2.5.pom
Download https://repo1.maven.org/maven2/org/aspectj/aspectjweaver/1.8.7/aspectjweaver-1.8.7.pom
Download https://repo1.maven.org/maven2/org/mybatis/mybatis/3.3.0/mybatis-3.3.0.pom
Download https://repo1.maven.org/maven2/org/mybatis/mybatis-parent/24/mybatis-parent-24.pom
Download https://repo1.maven.org/maven2/org/mybatis/mybatis-spring/1.2.3/mybatis-spring-1.2.3.pom
Download https://repo1.maven.org/maven2/org/springframework/spring-context/4.2.3.RELEASE/spring-context-4.2.3.RELEASE.pom
Download https://repo1.maven.org/maven2/org/springframework/spring-web/4.2.3.RELEASE/spring-web-4.2.3.RELEASE.pom
Download https://repo1.maven.org/maven2/org/springframework/spring-oxm/4.2.3.RELEASE/spring-oxm-4.2.3.RELEASE.pom
Download https://repo1.maven.org/maven2/org/springframework/spring-aop/4.2.3.RELEASE/spring-aop-4.2.3.RELEASE.pom
Download https://repo1.maven.org/maven2/org/springframework/spring-context-support/4.2.3.RELEASE/spring-context-support-4.2.3.RELEASE.pom
Download https://repo1.maven.org/maven2/org/springframework/spring-test/4.2.3.RELEASE/spring-test-4.2.3.RELEASE.pom
Download https://repo1.maven.org/maven2/org/springframework/spring-tx/4.2.3.RELEASE/spring-tx-4.2.3.RELEASE.pom
Download https://repo1.maven.org/maven2/org/springframework/spring-jdbc/4.2.3.RELEASE/spring-jdbc-4.2.3.RELEASE.pom
Download https://repo1.maven.org/maven2/org/springframework/spring-webmvc/4.2.3.RELEASE/spring-webmvc-4.2.3.RELEASE.pom
Download https://repo1.maven.org/maven2/org/springframework/amqp/spring-rabbit/1.5.4.RELEASE/spring-rabbit-1.5.4.RELEASE.pom
Download https://repo1.maven.org/maven2/org/freemarker/freemarker/2.3.25-incubating/freemarker-2.3.25-incubating.pom
Download https://repo1.maven.org/maven2/org/apache/apache/17/apache-17.pom
Download https://repo1.maven.org/maven2/org/quartz-scheduler/quartz/2.2.1/quartz-2.2.1.pom
Download https://repo1.maven.org/maven2/org/quartz-scheduler/quartz-parent/2.2.1/quartz-parent-2.2.1.pom
Download https://repo1.maven.org/maven2/junit/junit/4.11/junit-4.11.pom
Download https://repo1.maven.org/maven2/commons-beanutils/commons-beanutils/1.8.0/commons-beanutils-1.8.0.pom
Download https://repo1.maven.org/maven2/org/apache/commons/commons-parent/11/commons-parent-11.pom
Download https://repo1.maven.org/maven2/org/apache/apache/4/apache-4.pom
Download https://repo1.maven.org/maven2/commons-collections/commons-collections/3.2.1/commons-collections-3.2.1.pom
Download https://repo1.maven.org/maven2/org/apache/commons/commons-parent/9/commons-parent-9.pom
Download https://repo1.maven.org/maven2/commons-lang/commons-lang/2.5/commons-lang-2.5.pom
Download https://repo1.maven.org/maven2/org/apache/commons/commons-parent/12/commons-parent-12.pom
Download https://repo1.maven.org/maven2/commons-logging/commons-logging/1.1.1/commons-logging-1.1.1.pom
Download https://repo1.maven.org/maven2/org/apache/commons/commons-parent/5/commons-parent-5.pom
Download https://repo1.maven.org/maven2/net/sf/ezmorph/ezmorph/1.0.6/ezmorph-1.0.6.pom
Download https://repo1.maven.org/maven2/org/codehaus/jackson/jackson-core-asl/1.9.13/jackson-core-asl-1.9.13.pom
Download https://repo1.maven.org/maven2/commons-io/commons-io/2.2/commons-io-2.2.pom
Download https://repo1.maven.org/maven2/org/apache/commons/commons-parent/24/commons-parent-24.pom
Download https://repo1.maven.org/maven2/org/springframework/spring-beans/4.2.3.RELEASE/spring-beans-4.2.3.RELEASE.pom
Download https://repo1.maven.org/maven2/org/springframework/spring-core/4.2.3.RELEASE/spring-core-4.2.3.RELEASE.pom
Download https://repo1.maven.org/maven2/org/springframework/spring-expression/4.2.3.RELEASE/spring-expression-4.2.3.RELEASE.pom
Download https://repo1.maven.org/maven2/aopalliance/aopalliance/1.0/aopalliance-1.0.pom
Download https://repo1.maven.org/maven2/org/springframework/spring-messaging/4.2.2.RELEASE/spring-messaging-4.2.2.RELEASE.pom
Download https://repo1.maven.org/maven2/org/springframework/retry/spring-retry/1.1.2.RELEASE/spring-retry-1.1.2.RELEASE.pom
Download https://repo1.maven.org/maven2/org/springframework/spring-framework-bom/4.0.4.RELEASE/spring-framework-bom-4.0.4.RELEASE.pom
Download https://repo1.maven.org/maven2/org/springframework/amqp/spring-amqp/1.5.4.RELEASE/spring-amqp-1.5.4.RELEASE.pom
Download https://repo1.maven.org/maven2/com/rabbitmq/http-client/1.0.0.RELEASE/http-client-1.0.0.RELEASE.pom
Download https://repo1.maven.org/maven2/com/rabbitmq/amqp-client/3.5.7/amqp-client-3.5.7.pom
Download https://repo1.maven.org/maven2/javax/servlet/servlet-api/2.5/servlet-api-2.5.pom
Download https://repo1.maven.org/maven2/redis/clients/jedis/2.8.0/jedis-2.8.0.pom
Download https://repo1.maven.org/maven2/org/sonatype/oss/oss-parent/7/oss-parent-7.pom
Download https://repo1.maven.org/maven2/org/apache/httpcomponents/httpclient/4.5/httpclient-4.5.pom
Download https://repo1.maven.org/maven2/org/apache/httpcomponents/httpcomponents-client/4.5/httpcomponents-client-4.5.pom
Download https://repo1.maven.org/maven2/org/apache/httpcomponents/project/7/project-7.pom
Download https://repo1.maven.org/maven2/c3p0/c3p0/0.9.1.1/c3p0-0.9.1.1.pom
Download https://repo1.maven.org/maven2/org/slf4j/slf4j-api/1.6.6/slf4j-api-1.6.6.pom
Download https://repo1.maven.org/maven2/org/slf4j/slf4j-parent/1.6.6/slf4j-parent-1.6.6.pom
Download https://repo1.maven.org/maven2/org/hamcrest/hamcrest-core/1.3/hamcrest-core-1.3.pom
Download https://repo1.maven.org/maven2/org/hamcrest/hamcrest-parent/1.3/hamcrest-parent-1.3.pom
Download https://repo1.maven.org/maven2/org/apache/commons/commons-pool2/2.3/commons-pool2-2.3.pom
Download https://repo1.maven.org/maven2/org/apache/commons/commons-parent/34/commons-parent-34.pom
Download https://repo1.maven.org/maven2/commons-logging/commons-logging/1.2/commons-logging-1.2.pom
Download https://repo1.maven.org/maven2/org/apache/httpcomponents/httpcore/4.4.1/httpcore-4.4.1.pom
Download https://repo1.maven.org/maven2/org/apache/httpcomponents/httpcomponents-core/4.4.1/httpcomponents-core-4.4.1.pom
Download https://repo1.maven.org/maven2/commons-codec/commons-codec/1.9/commons-codec-1.9.pom
Download https://repo1.maven.org/maven2/net/sf/json-lib/json-lib/2.4/json-lib-2.4-jdk15.jar
Download https://repo1.maven.org/maven2/org/codehaus/jackson/jackson-mapper-asl/1.9.13/jackson-mapper-asl-1.9.13.jar
Download https://repo1.maven.org/maven2/com/fasterxml/jackson/core/jackson-core/2.6.4/jackson-core-2.6.4.jar
Download https://repo1.maven.org/maven2/com/fasterxml/jackson/core/jackson-databind/2.6.4/jackson-databind-2.6.4.jar
Download https://repo1.maven.org/maven2/com/fasterxml/jackson/core/jackson-annotations/2.6.4/jackson-annotations-2.6.4.jar
Download https://repo1.maven.org/maven2/commons-fileupload/commons-fileupload/1.3.1/commons-fileupload-1.3.1.jar
Download https://repo1.maven.org/maven2/com/alibaba/druid/1.0.16/druid-1.0.16.jarDaemon vm is shutting down... The daemon has exited normally or was terminated in response to a user interrupt.
