17:31:39.489 [INFO] [org.gradle.launcher.daemon.server.Daemon] start() called on daemon - DefaultDaemonContext[uid=57e5e363-228b-4149-bcdc-bc4011a5825d,javaHome=/home/zcy/dev/jdk1.8.0_60,daemonRegistryDir=/home/zcy/dev/gradle_user_dir/daemon,pid=14192,idleTimeout=10800000,daemonOpts=-XX:MaxPermSize=256m,-XX:+HeapDumpOnOutOfMemoryError,-Xmx1024m,-Dfile.encoding=UTF-8,-Duser.country=CN,-Duser.language=zh,-Duser.variant]
17:31:39.493 [DEBUG] [org.gradle.launcher.daemon.server.DaemonStateCoordinator] updating lastActivityAt to 1477301499493
17:31:39.503 [DEBUG] [org.gradle.internal.remote.internal.inet.InetAddressFactory] Adding IP addresses for network interface wlan0
17:31:39.504 [DEBUG] [org.gradle.internal.remote.internal.inet.InetAddressFactory] Is this a loopback interface? false
17:31:39.504 [DEBUG] [org.gradle.internal.remote.internal.inet.InetAddressFactory] Is this a multicast interface? true
17:31:39.505 [DEBUG] [org.gradle.internal.remote.internal.inet.InetAddressFactory] Adding remote address /fe80:0:0:0:a6db:30ff:fef5:30a4%wlan0
17:31:39.505 [DEBUG] [org.gradle.internal.remote.internal.inet.InetAddressFactory] Adding remote address /192.168.18.176
17:31:39.506 [DEBUG] [org.gradle.internal.remote.internal.inet.InetAddressFactory] Adding remote multicast interface wlan0
17:31:39.506 [DEBUG] [org.gradle.internal.remote.internal.inet.InetAddressFactory] Adding IP addresses for network interface lo
17:31:39.507 [DEBUG] [org.gradle.internal.remote.internal.inet.InetAddressFactory] Is this a loopback interface? true
17:31:39.507 [DEBUG] [org.gradle.internal.remote.internal.inet.InetAddressFactory] Is this a multicast interface? false
17:31:39.508 [DEBUG] [org.gradle.internal.remote.internal.inet.InetAddressFactory] Adding loopback address /0:0:0:0:0:0:0:1%lo
17:31:39.508 [DEBUG] [org.gradle.internal.remote.internal.inet.InetAddressFactory] Adding loopback address /127.0.0.1
17:31:39.511 [DEBUG] [org.gradle.internal.remote.internal.inet.TcpIncomingConnector] Listening on [ce74749f-5cb2-4a3e-99fc-cf149a82bff9 port:60044, addresses:[/0:0:0:0:0:0:0:1%lo, /127.0.0.1]].
17:31:39.514 [DEBUG] [org.gradle.launcher.daemon.server.Daemon] Daemon starting at: Mon Oct 24 17:31:39 CST 2016, with address: [ce74749f-5cb2-4a3e-99fc-cf149a82bff9 port:60044, addresses:[/0:0:0:0:0:0:0:1%lo, /127.0.0.1]]
17:31:39.515 [INFO] [org.gradle.launcher.daemon.server.DomainRegistryUpdater] Advertising the daemon address to the clients: [ce74749f-5cb2-4a3e-99fc-cf149a82bff9 port:60044, addresses:[/0:0:0:0:0:0:0:1%lo, /127.0.0.1]]
17:31:39.515 [DEBUG] [org.gradle.launcher.daemon.server.DomainRegistryUpdater] Advertised daemon context: DefaultDaemonContext[uid=57e5e363-228b-4149-bcdc-bc4011a5825d,javaHome=/home/zcy/dev/jdk1.8.0_60,daemonRegistryDir=/home/zcy/dev/gradle_user_dir/daemon,pid=14192,idleTimeout=10800000,daemonOpts=-XX:MaxPermSize=256m,-XX:+HeapDumpOnOutOfMemoryError,-Xmx1024m,-Dfile.encoding=UTF-8,-Duser.country=CN,-Duser.language=zh,-Duser.variant]
17:31:39.516 [DEBUG] [org.gradle.launcher.daemon.registry.PersistentDaemonRegistry] Storing daemon address: [ce74749f-5cb2-4a3e-99fc-cf149a82bff9 port:60044, addresses:[/0:0:0:0:0:0:0:1%lo, /127.0.0.1]], context: DefaultDaemonContext[uid=57e5e363-228b-4149-bcdc-bc4011a5825d,javaHome=/home/zcy/dev/jdk1.8.0_60,daemonRegistryDir=/home/zcy/dev/gradle_user_dir/daemon,pid=14192,idleTimeout=10800000,daemonOpts=-XX:MaxPermSize=256m,-XX:+HeapDumpOnOutOfMemoryError,-Xmx1024m,-Dfile.encoding=UTF-8,-Duser.country=CN,-Duser.language=zh,-Duser.variant]
17:31:39.526 [DEBUG] [org.gradle.cache.internal.DefaultFileLockManager] Waiting to acquire exclusive lock on daemon addresses registry.
17:31:39.528 [DEBUG] [org.gradle.cache.internal.DefaultFileLockManager] Lock acquired.
17:31:39.552 [DEBUG] [org.gradle.cache.internal.DefaultFileLockManager] Releasing lock on daemon addresses registry.
17:31:39.552 [LIFECYCLE] [org.gradle.launcher.daemon.server.Daemon] Daemon server started.
17:31:39.554 [DEBUG] [org.gradle.launcher.daemon.bootstrap.DaemonStartupCommunication] Completed writing the daemon greeting. Closing streams...
17:31:39.559 [DEBUG] [org.gradle.launcher.daemon.server.Daemon] stopOnExpiration() called on daemon
17:31:39.560 [DEBUG] [org.gradle.launcher.daemon.server.Daemon] awaitExpiration() called on daemon
17:31:39.561 [DEBUG] [org.gradle.launcher.daemon.server.DaemonStateCoordinator] daemon is running. Sleeping until state changes.
17:31:39.590 [DEBUG] [org.gradle.internal.remote.internal.inet.TcpIncomingConnector] Accepted connection from /0:0:0:0:0:0:0:1:59507 to /0:0:0:0:0:0:0:1:60044.
17:31:39.684 [DEBUG] [org.gradle.launcher.daemon.server.SynchronizedDispatchConnection] thread 15: received class org.gradle.launcher.daemon.protocol.Build
17:31:39.685 [DEBUG] [org.gradle.launcher.daemon.server.DefaultDaemonConnection] thread 15: Received non-IO message from client: Build{id=e970f273-62aa-44e0-9fdc-bb52b9c9b8ee.1, currentDir=/home/zcy}
17:31:39.685 [INFO] [org.gradle.launcher.daemon.server.DefaultIncomingConnectionHandler] Received command: Build{id=e970f273-62aa-44e0-9fdc-bb52b9c9b8ee.1, currentDir=/home/zcy}.
17:31:39.686 [DEBUG] [org.gradle.launcher.daemon.server.DefaultIncomingConnectionHandler] Starting executing command: Build{id=e970f273-62aa-44e0-9fdc-bb52b9c9b8ee.1, currentDir=/home/zcy} with connection: socket connection from /0:0:0:0:0:0:0:1:60044 to /0:0:0:0:0:0:0:1:59507.
17:31:39.693 [DEBUG] [org.gradle.launcher.daemon.server.DaemonStateCoordinator] Command execution: started DaemonCommandExecution[command = Build{id=e970f273-62aa-44e0-9fdc-bb52b9c9b8ee.1, currentDir=/home/zcy}, connection = org.gradle.launcher.daemon.server.DefaultDaemonConnection@23f0bff4] after 0.0 minutes of idle
17:31:39.694 [INFO] [org.gradle.launcher.daemon.server.DomainRegistryUpdater] Marking the daemon as busy, address: [ce74749f-5cb2-4a3e-99fc-cf149a82bff9 port:60044, addresses:[/0:0:0:0:0:0:0:1%lo, /127.0.0.1]]
17:31:39.694 [DEBUG] [org.gradle.launcher.daemon.registry.PersistentDaemonRegistry] Marking busy by address: [ce74749f-5cb2-4a3e-99fc-cf149a82bff9 port:60044, addresses:[/0:0:0:0:0:0:0:1%lo, /127.0.0.1]]
17:31:39.695 [DEBUG] [org.gradle.cache.internal.DefaultFileLockManager] Waiting to acquire exclusive lock on daemon addresses registry.
17:31:39.695 [DEBUG] [org.gradle.cache.internal.DefaultFileLockManager] Lock acquired.
17:31:39.699 [DEBUG] [org.gradle.cache.internal.DefaultFileLockManager] Releasing lock on daemon addresses registry.
17:31:39.700 [DEBUG] [org.gradle.launcher.daemon.server.DaemonStateCoordinator] updating lastActivityAt to 1477301499700
17:31:39.700 [DEBUG] [org.gradle.launcher.daemon.server.DaemonStateCoordinator] daemon is running. Sleeping until state changes.
17:31:39.713 [INFO] [org.gradle.launcher.daemon.server.exec.StartBuildOrRespondWithBusy] Daemon is about to start building Build{id=e970f273-62aa-44e0-9fdc-bb52b9c9b8ee.1, currentDir=/home/zcy}. Dispatching build started information...
17:31:39.714 [DEBUG] [org.gradle.launcher.daemon.server.SynchronizedDispatchConnection] thread 17: dispatching class org.gradle.launcher.daemon.protocol.BuildStarted
17:31:39.719 [DEBUG] [org.gradle.launcher.daemon.server.exec.EstablishBuildEnvironment] Configuring env variables: {PATH=/home/zcy/dev/gradle-2.14.1/bin:/home/zcy/dev/jdk1.8.0_60/bin:/usr/local/sbin:/usr/local/bin:/usr/sbin:/usr/bin:/sbin:/bin:/usr/games:/usr/local/games, XAUTHORITY=/home/zcy/.Xauthority, XMODIFIERS=@im=fcitx, XDG_DATA_DIRS=/usr/share/ubuntu:/usr/share/gnome:/usr/local/share/:/usr/share/, GDMSESSION=ubuntu, MANDATORY_PATH=/usr/share/gconf/ubuntu.mandatory.path, TEXTDOMAINDIR=/usr/share/locale/, GTK_IM_MODULE=fcitx, DBUS_SESSION_BUS_ADDRESS=unix:abstract=/tmp/dbus-UYxNfGQMgW, DEFAULTS_PATH=/usr/share/gconf/ubuntu.default.path, XDG_CURRENT_DESKTOP=Unity, COLORTERM=gnome-terminal, QT4_IM_MODULE=fcitx, UPSTART_SESSION=unix:abstract=/com/ubuntu/upstart-session/1000/1751, LOGNAME=zcy, PWD=/home/zcy, JOB=gnome-session, IM_CONFIG_PHASE=1, LANGUAGE=zh_CN:zh, WINDOWID=65011724, LESSOPEN=| /usr/bin/lesspipe %s, SHELL=/bin/bash, INSTANCE=Unity, UPSTART_INSTANCE=, GNOME_DESKTOP_SESSION_ID=this-is-deprecated, GTK_MODULES=overlay-scrollbar:unity-gtk-module, CLUTTER_IM_MODULE=xim, TEXTDOMAIN=im-config, XDG_SESSION_PATH=/org/freedesktop/DisplayManager/Session0, SESSIONTYPE=gnome-session, LS_COLORS=rs=0:di=01;34:ln=01;36:mh=00:pi=40;33:so=01;35:do=01;35:bd=40;33;01:cd=40;33;01:or=40;31;01:su=37;41:sg=30;43:ca=30;41:tw=30;42:ow=34;42:st=37;44:ex=01;32:*.tar=01;31:*.tgz=01;31:*.arj=01;31:*.taz=01;31:*.lzh=01;31:*.lzma=01;31:*.tlz=01;31:*.txz=01;31:*.zip=01;31:*.z=01;31:*.Z=01;31:*.dz=01;31:*.gz=01;31:*.lz=01;31:*.xz=01;31:*.bz2=01;31:*.bz=01;31:*.tbz=01;31:*.tbz2=01;31:*.tz=01;31:*.deb=01;31:*.rpm=01;31:*.jar=01;31:*.war=01;31:*.ear=01;31:*.sar=01;31:*.rar=01;31:*.ace=01;31:*.zoo=01;31:*.cpio=01;31:*.7z=01;31:*.rz=01;31:*.jpg=01;35:*.jpeg=01;35:*.gif=01;35:*.bmp=01;35:*.pbm=01;35:*.pgm=01;35:*.ppm=01;35:*.tga=01;35:*.xbm=01;35:*.xpm=01;35:*.tif=01;35:*.tiff=01;35:*.png=01;35:*.svg=01;35:*.svgz=01;35:*.mng=01;35:*.pcx=01;35:*.mov=01;35:*.mpg=01;35:*.mpeg=01;35:*.m2v=01;35:*.mkv=01;35:*.webm=01;35:*.ogm=01;35:*.mp4=01;35:*.m4v=01;35:*.mp4v=01;35:*.vob=01;35:*.qt=01;35:*.nuv=01;35:*.wmv=01;35:*.asf=01;35:*.rm=01;35:*.rmvb=01;35:*.flc=01;35:*.avi=01;35:*.fli=01;35:*.flv=01;35:*.gl=01;35:*.dl=01;35:*.xcf=01;35:*.xwd=01;35:*.yuv=01;35:*.cgm=01;35:*.emf=01;35:*.axv=01;35:*.anx=01;35:*.ogv=01;35:*.ogx=01;35:*.aac=00;36:*.au=00;36:*.flac=00;36:*.mid=00;36:*.midi=00;36:*.mka=00;36:*.mp3=00;36:*.mpc=00;36:*.ogg=00;36:*.ra=00;36:*.wav=00;36:*.axa=00;36:*.oga=00;36:*.spx=00;36:*.xspf=00;36:, SHLVL=1, LESSCLOSE=/usr/bin/lesspipe %s %s, OXYGEN_DISABLE_INNER_SHADOWS_HACK=1, COMPIZ_CONFIG_PROFILE=ubuntu, UPSTART_JOB=unity-settings-daemon, QT_IM_MODULE=xim, JAVA_HOME=/home/zcy/dev/jdk1.8.0_60, TERM=xterm, XFILESEARCHPATH=/usr/dt/app-defaults/%L/Dt, XDG_CONFIG_DIRS=/etc/xdg/xdg-ubuntu:/usr/share/upstart/xdg:/etc/xdg, LANG=zh_CN.UTF-8, XDG_SEAT_PATH=/org/freedesktop/DisplayManager/Seat0, GNOME_KEYRING_CONTROL=/run/user/1000/keyring-UEUagB, XDG_SESSION_ID=c2, GRADLE_HOME=/home/zcy/dev/gradle-2.14.1, SELINUX_INIT=YES, DISPLAY=:0, _=/usr/bin/nohup, GDM_LANG=zh_CN, XDG_GREETER_DATA_DIR=/var/lib/lightdm-data/zcy, LIBOVERLAY_SCROLLBAR=0, UPSTART_EVENTS=started starting, GDK_CORE_DEVICE_EVENTS=1, DESKTOP_SESSION=ubuntu, GPG_AGENT_INFO=/run/user/1000/keyring-UEUagB/gpg:0:1, USER=zcy, VTE_VERSION=3409, XDG_SEAT=seat0, SSH_AUTH_SOCK=/run/user/1000/keyring-UEUagB/ssh, NLSPATH=/usr/dt/lib/nls/msg/%L/%N.cat, QT_QPA_PLATFORMTHEME=appmenu-qt5, XDG_RUNTIME_DIR=/run/user/1000, XDG_VTNR=7, HOME=/home/zcy, GNOME_KEYRING_PID=1749}
17:31:39.726 [DEBUG] [org.gradle.launcher.daemon.server.SynchronizedDispatchConnection] thread 15: received class org.gradle.launcher.daemon.protocol.CloseInput
17:31:39.726 [DEBUG] [org.gradle.launcher.daemon.server.DefaultDaemonConnection] thread 15: Received IO message from client: org.gradle.launcher.daemon.protocol.CloseInput@423bb64e
17:31:39.729 [DEBUG] [org.gradle.launcher.daemon.server.exec.LogToClient] About to start relaying all logs to the client via the connection.
17:31:39.729 [INFO] [org.gradle.launcher.daemon.server.exec.LogToClient] The client will now receive all logging from the daemon (pid: 14192). The daemon log file: /home/zcy/dev/gradle_user_dir/daemon/2.14.1/daemon-14192.out.log
17:31:39.733 [INFO] [org.gradle.launcher.daemon.server.health.DaemonHealthTracker] Starting build in new daemon [memory: 954.7 MB]
17:31:39.735 [INFO] [org.gradle.launcher.daemon.server.exec.ForwardClientInput] Closing daemon's stdin at end of input.
17:31:39.736 [INFO] [org.gradle.launcher.daemon.server.exec.ForwardClientInput] The daemon will no longer process any standard input.
17:31:39.740 [DEBUG] [org.gradle.launcher.daemon.server.exec.ExecuteBuild] The daemon has started executing the build.
17:31:39.740 [INFO] [org.gradle.launcher.daemon.server.exec.ExecuteBuild] Executing build with daemon context: DefaultDaemonContext[uid=57e5e363-228b-4149-bcdc-bc4011a5825d,javaHome=/home/zcy/dev/jdk1.8.0_60,daemonRegistryDir=/home/zcy/dev/gradle_user_dir/daemon,pid=14192,idleTimeout=10800000,daemonOpts=-XX:MaxPermSize=256m,-XX:+HeapDumpOnOutOfMemoryError,-Xmx1024m,-Dfile.encoding=UTF-8,-Duser.country=CN,-Duser.language=zh,-Duser.variant]

CONFIGURE SUCCESSFUL

Total time: 4.962 secs
Download https://repo1.maven.org/maven2/com/alibaba/druid/1.0.16/druid-1.0.16.jarDaemon vm is shutting down... The daemon has exited normally or was terminated in response to a user interrupt.
